2023/10/28 16:30:59 Received {c0 n0 {"type":"init","node_id":"n0","node_ids":["n0"],"msg_id":1}}
2023/10/28 16:30:59 Node n0 initialized
2023/10/28 16:30:59 Sent {"src":"n0","dest":"c0","body":{"in_reply_to":1,"type":"init_ok"}}
2023/10/28 16:30:59 Received {c1 n0 {"type":"topology","topology":{"n0":[]},"msg_id":1}}
2023/10/28 16:30:59 Sent {"src":"n0","dest":"c1","body":{"in_reply_to":1,"type":"topology_ok"}}
2023/10/28 16:30:59 Received {c2 n0 {"type":"read","msg_id":1}}
2023/10/28 16:30:59 Sent {"src":"n0","dest":"c2","body":{"in_reply_to":1,"messages":[0,0,0,0,0,0,0,0,0,0,0,0,0,0,0,0,0,0,0,0,0,0,0,0,0,0,0,0,0,0,0,0,0,0,0,0,0,0,0,0,0,0,0,0,0,0,0,0,0,0,0,0,0,0,0,0,0,0,0,0,0,0,0,0,0,0,0,0,0,0,0,0,0,0,0,0,0,0,0,0,0,0,0,0,0,0,0,0,0,0,0,0,0,0,0,0,0,0,0,0],"type":"read_ok"}}
2023/10/28 16:30:59 Received {c2 n0 {"type":"read","msg_id":2}}
2023/10/28 16:30:59 Sent {"src":"n0","dest":"c2","body":{"in_reply_to":2,"messages":[0,0,0,0,0,0,0,0,0,0,0,0,0,0,0,0,0,0,0,0,0,0,0,0,0,0,0,0,0,0,0,0,0,0,0,0,0,0,0,0,0,0,0,0,0,0,0,0,0,0,0,0,0,0,0,0,0,0,0,0,0,0,0,0,0,0,0,0,0,0,0,0,0,0,0,0,0,0,0,0,0,0,0,0,0,0,0,0,0,0,0,0,0,0,0,0,0,0,0,0],"type":"read_ok"}}
2023/10/28 16:30:59 Received {c2 n0 {"type":"read","msg_id":3}}
2023/10/28 16:30:59 Sent {"src":"n0","dest":"c2","body":{"in_reply_to":3,"messages":[0,0,0,0,0,0,0,0,0,0,0,0,0,0,0,0,0,0,0,0,0,0,0,0,0,0,0,0,0,0,0,0,0,0,0,0,0,0,0,0,0,0,0,0,0,0,0,0,0,0,0,0,0,0,0,0,0,0,0,0,0,0,0,0,0,0,0,0,0,0,0,0,0,0,0,0,0,0,0,0,0,0,0,0,0,0,0,0,0,0,0,0,0,0,0,0,0,0,0,0],"type":"read_ok"}}
2023/10/28 16:30:59 Received {c2 n0 {"type":"broadcast","message":0,"msg_id":4}}
panic: interface conversion: interface {} is float64, not int

goroutine 3 [running]:
main.main.func3({{0x140000100a8, 0x2}, {0x140000100aa, 0x2}, {0x1400001a150, 0x2b, 0x30}})
	/Users/googrand/projects/golang/dist_systems/broadcast/main.go:51 +0x1d4
github.com/jepsen-io/maelstrom/demo/go.(*Node).handleMessage(0x0?, 0x0?, {{0x140000100a8, 0x2}, {0x140000100aa, 0x2}, {0x1400001a150, 0x2b, 0x30}})
	/Users/googrand/go/pkg/mod/github.com/jepsen-io/maelstrom/demo/go@v0.0.0-20230918143807-815e8c3bd0a7/node.go:151 +0x70
github.com/jepsen-io/maelstrom/demo/go.(*Node).Run.func2()
	/Users/googrand/go/pkg/mod/github.com/jepsen-io/maelstrom/demo/go@v0.0.0-20230918143807-815e8c3bd0a7/node.go:129 +0x78
created by github.com/jepsen-io/maelstrom/demo/go.(*Node).Run in goroutine 1
	/Users/googrand/go/pkg/mod/github.com/jepsen-io/maelstrom/demo/go@v0.0.0-20230918143807-815e8c3bd0a7/node.go:127 +0x468
