2024-02-07 22:02:43,744{GMT}	INFO	[jepsen test runner] jepsen.core: Command line:
lein run test -w g-counter --bin /Users/googrand/go/bin/maelstrom-counter --node-count 3 --rate 100 --time-limit 20 --nemesis partition
2024-02-07 22:02:43,799{GMT}	INFO	[jepsen test runner] jepsen.core: Running test:
{:args []
 :remote
 #jepsen.control.retry.Remote{:remote #jepsen.control.scp.Remote{:cmd-remote #jepsen.control.sshj.SSHJRemote{:concurrency-limit 6,
                                                                                                             :conn-spec nil,
                                                                                                             :client nil,
                                                                                                             :semaphore nil},
                                                                 :conn-spec nil},
                              :conn nil}
 :log-net-send false
 :node-count 3
 :availability nil
 :max-txn-length 4
 :concurrency 3
 :db
 #object[maelstrom.db$db$reify__16142
         "0xb0c4670"
         "maelstrom.db$db$reify__16142@b0c4670"]
 :max-writes-per-key 16
 :leave-db-running? false
 :name "g-counter"
 :logging-json? false
 :start-time
 #object[org.joda.time.DateTime "0x7dd4f726" "2024-02-07T22:02:43.726+06:00"]
 :nemesis-interval 10
 :net
 #object[maelstrom.net$jepsen_net$reify__15251
         "0xbf6de66"
         "maelstrom.net$jepsen_net$reify__15251@bf6de66"]
 :client
 #object[maelstrom.workload.pn_counter$client$reify__19540
         "0xff7042c"
         "maelstrom.workload.pn_counter$client$reify__19540@ff7042c"]
 :barrier
 #object[java.util.concurrent.CyclicBarrier
         "0xb917b5e"
         "java.util.concurrent.CyclicBarrier@b917b5e"]
 :log-stderr false
 :pure-generators true
 :ssh {:dummy? true}
 :rate 100.0
 :checker
 #object[jepsen.checker$compose$reify__11881
         "0x5126c0cd"
         "jepsen.checker$compose$reify__11881@5126c0cd"]
 :argv
 ("test"
  "-w"
  "g-counter"
  "--bin"
  "/Users/googrand/go/bin/maelstrom-counter"
  "--node-count"
  "3"
  "--rate"
  "100"
  "--time-limit"
  "20"
  "--nemesis"
  "partition")
 :nemesis
 (jepsen.nemesis.ReflCompose
  {:fm {:start-partition 0,
        :stop-partition 0,
        :kill 1,
        :start 1,
        :pause 1,
        :resume 1},
   :nemeses [#unprintable "jepsen.nemesis.combined$partition_nemesis$reify__16416@6c1e2161"
             #unprintable "jepsen.nemesis.combined$db_nemesis$reify__16397@5b7f9eaa"]})
 :nodes ["n0" "n1" "n2"]
 :test-count 1
 :latency {:mean 0, :dist :constant}
 :bin "/Users/googrand/go/bin/maelstrom-counter"
 :generator
 ((jepsen.generator.Synchronize
   {:gen (jepsen.generator.TimeLimit
          {:limit 20000000000,
           :cutoff nil,
           :gen (jepsen.generator.Any
                 {:gens [(jepsen.generator.OnThreads
                          {:f #{:nemesis},
                           :context-filter #object[jepsen.generator.context$make_thread_filter$lazy_filter__9167
                                                   "0x50d507ab"
                                                   "jepsen.generator.context$make_thread_filter$lazy_filter__9167@50d507ab"],
                           :gen (jepsen.generator.Stagger
                                 {:dt 20000000000,
                                  :next-time nil,
                                  :gen (jepsen.generator.FlipFlop
                                        {:gens [#object[jepsen.nemesis.combined$partition_package$start__16420
                                                        "0x460222eb"
                                                        "jepsen.nemesis.combined$partition_package$start__16420@460222eb"]
                                                ({:type :info,
                                                  :f :stop-partition,
                                                  :value nil}
                                                 {:type :info,
                                                  :f :stop-partition,
                                                  :value nil}
                                                 {:type :info,
                                                  :f :stop-partition,
                                                  :value nil}
                                                 {:type :info,
                                                  :f :stop-partition,
                                                  :value nil}
                                                 {:type :info,
                                                  :f :stop-partition,
                                                  :value nil}
                                                 {:type :info,
                                                  :f :stop-partition,
                                                  :value nil}
                                                 {:type :info,
                                                  :f :stop-partition,
                                                  :value nil}
                                                 {:type :info,
                                                  :f :stop-partition,
                                                  :value nil}
                                                 ...)],
                                         :i 0})})})
                         (jepsen.generator.OnThreads
                          {:f #jepsen.generator.context.AllBut{:element :nemesis},
                           :context-filter #object[jepsen.generator.context$make_thread_filter$lazy_filter__9167
                                                   "0x46f32536"
                                                   "jepsen.generator.context$make_thread_filter$lazy_filter__9167@46f32536"],
                           :gen (jepsen.generator.Stagger
                                 {:dt 20000000,
                                  :next-time nil,
                                  :gen (jepsen.generator.Filter
                                        {:f #object[maelstrom.workload.g_counter$workload$fn__19599
                                                    "0x3ee39a1c"
                                                    "maelstrom.workload.g_counter$workload$fn__19599@3ee39a1c"],
                                         :gen (jepsen.generator.Mix
                                               {:i 1,
                                                :gens [#object[maelstrom.workload.pn_counter$workload$fn__19572
                                                               "0x6921e251"
                                                               "maelstrom.workload.pn_counter$workload$fn__19572@6921e251"]
                                                       ({:f :read}
                                                        {:f :read}
                                                        {:f :read}
                                                        {:f :read}
                                                        {:f :read}
                                                        {:f :read}
                                                        {:f :read}
                                                        {:f :read}
                                                        ...)]})})})})]})})})
  (jepsen.generator.Synchronize
   {:gen (jepsen.generator.OnThreads
          {:f #{:nemesis},
           :context-filter #object[jepsen.generator.context$make_thread_filter$lazy_filter__9167
                                   "0x724d4c0a"
                                   "jepsen.generator.context$make_thread_filter$lazy_filter__9167@724d4c0a"],
           :gen ({:type :info, :f :stop-partition, :value nil})})})
  (jepsen.generator.Synchronize
   {:gen {:type :log, :value "Waiting for recovery..."}})
  (jepsen.generator.Synchronize {:gen {:type :sleep, :value 10}})
  (jepsen.generator.Synchronize
   {:gen (jepsen.generator.OnThreads
          {:f #jepsen.generator.context.AllBut{:element :nemesis},
           :context-filter #object[jepsen.generator.context$make_thread_filter$lazy_filter__9167
                                   "0x2d481de0"
                                   "jepsen.generator.context$make_thread_filter$lazy_filter__9167@2d481de0"],
           :gen (jepsen.generator.EachThread
                 {:fresh-gen {:f :read, :final? true},
                  :context-filters #object[clojure.core$promise$reify__8591
                                           "0xfd9512f"
                                           {:status :pending, :val nil}],
                  :gens {}})})}))
 :log-net-recv false
 :os
 #object[maelstrom.net$jepsen_os$reify__15254
         "0x698c19ef"
         "maelstrom.net$jepsen_os$reify__15254@698c19ef"]
 :time-limit 20
 :workload :g-counter
 :consistency-models [:strict-serializable]
 :topology :grid}

2024-02-07 22:02:44,683{GMT}	INFO	[jepsen node n0] maelstrom.net: Starting Maelstrom network
2024-02-07 22:02:44,684{GMT}	INFO	[jepsen test runner] jepsen.db: Tearing down DB
2024-02-07 22:02:44,685{GMT}	INFO	[jepsen test runner] jepsen.db: Setting up DB
2024-02-07 22:02:44,685{GMT}	INFO	[jepsen node n2] maelstrom.db: Setting up n2
2024-02-07 22:02:44,685{GMT}	INFO	[jepsen node n1] maelstrom.db: Setting up n1
2024-02-07 22:02:44,685{GMT}	INFO	[jepsen node n2] maelstrom.process: launching /Users/googrand/go/bin/maelstrom-counter []
2024-02-07 22:02:44,685{GMT}	INFO	[jepsen node n1] maelstrom.process: launching /Users/googrand/go/bin/maelstrom-counter []
2024-02-07 22:02:44,686{GMT}	INFO	[jepsen node n0] maelstrom.service: Starting services: (lin-kv lin-tso lww-kv seq-kv)
2024-02-07 22:02:44,686{GMT}	INFO	[jepsen node n0] maelstrom.db: Setting up n0
2024-02-07 22:02:44,687{GMT}	INFO	[jepsen node n0] maelstrom.process: launching /Users/googrand/go/bin/maelstrom-counter []
2024-02-07 22:02:45,144{GMT}	INFO	[jepsen test runner] jepsen.core: Relative time begins now
2024-02-07 22:02:45,154{GMT}	INFO	[jepsen worker nemesis] jepsen.util: :nemesis	:info	:start-partition	:minority-third
2024-02-07 22:02:45,154{GMT}	INFO	[jepsen worker 1] jepsen.util: 1	:invoke	:read	nil
2024-02-07 22:02:45,155{GMT}	INFO	[jepsen worker nemesis] jepsen.util: :nemesis	:info	:start-partition	[:isolated {"n2" #{}, "n1" #{}, "n0" #{}}]
2024-02-07 22:02:45,156{GMT}	INFO	[jepsen worker 1] jepsen.util: 1	:ok	:read	0
2024-02-07 22:02:45,174{GMT}	INFO	[jepsen worker 2] jepsen.util: 2	:invoke	:read	nil
2024-02-07 22:02:45,176{GMT}	INFO	[jepsen worker 2] jepsen.util: 2	:ok	:read	0
2024-02-07 22:02:45,178{GMT}	INFO	[jepsen worker 0] jepsen.util: 0	:invoke	:add	1
2024-02-07 22:02:45,193{GMT}	INFO	[jepsen worker 1] jepsen.util: 1	:invoke	:read	nil
2024-02-07 22:02:45,194{GMT}	INFO	[jepsen worker 1] jepsen.util: 1	:ok	:read	0
2024-02-07 22:02:45,205{GMT}	INFO	[jepsen worker 1] jepsen.util: 1	:invoke	:read	nil
2024-02-07 22:02:45,208{GMT}	INFO	[jepsen worker 1] jepsen.util: 1	:ok	:read	0
2024-02-07 22:02:45,209{GMT}	INFO	[jepsen worker 2] jepsen.util: 2	:invoke	:add	2
2024-02-07 22:02:45,216{GMT}	INFO	[jepsen worker 1] jepsen.util: 1	:invoke	:read	nil
2024-02-07 22:02:45,222{GMT}	INFO	[jepsen worker 1] jepsen.util: 1	:ok	:read	0
2024-02-07 22:02:45,229{GMT}	INFO	[jepsen worker 1] jepsen.util: 1	:invoke	:read	nil
2024-02-07 22:02:45,234{GMT}	INFO	[jepsen worker 1] jepsen.util: 1	:ok	:read	0
2024-02-07 22:02:45,235{GMT}	INFO	[jepsen worker 1] jepsen.util: 1	:invoke	:read	nil
2024-02-07 22:02:45,238{GMT}	INFO	[jepsen worker 1] jepsen.util: 1	:ok	:read	0
2024-02-07 22:02:45,248{GMT}	INFO	[jepsen worker 1] jepsen.util: 1	:invoke	:add	4
2024-02-07 22:02:50,182{GMT}	WARN	[jepsen worker 0] jepsen.generator.interpreter: Process 0 crashed
clojure.lang.ExceptionInfo: Client read timeout
	at slingshot.support$stack_trace.invoke(support.clj:201)
	at maelstrom.client$recv_BANG_.invokeStatic(client.clj:98)
	at maelstrom.client$recv_BANG_.invoke(client.clj:81)
	at maelstrom.client$send_PLUS_recv_BANG_.invokeStatic(client.clj:123)
	at maelstrom.client$send_PLUS_recv_BANG_.invoke(client.clj:119)
	at maelstrom.client$rpc_BANG_.invokeStatic(client.clj:149)
	at maelstrom.client$rpc_BANG_.invoke(client.clj:140)
	at maelstrom.workload.pn_counter$fn__19518$add_BANG___19519.invoke(pn_counter.clj:20)
	at maelstrom.workload.pn_counter$fn__19518$add_BANG___19519.invoke(pn_counter.clj:20)
	at maelstrom.workload.pn_counter$client$reify__19540.invoke_BANG_(pn_counter.clj:47)
	at jepsen.client.Validate.invoke_BANG_(client.clj:83)
	at jepsen.generator.interpreter.ClientWorker.invoke_BANG_(interpreter.clj:65)
	at jepsen.generator.interpreter$spawn_worker$fn__12908$fn__12909.invoke(interpreter.clj:140)
	at jepsen.generator.interpreter$spawn_worker$fn__12908.invoke(interpreter.clj:123)
	at clojure.core$binding_conveyor_fn$fn__5823.invoke(core.clj:2047)
	at clojure.lang.AFn.call(AFn.java:18)
	at java.base/java.util.concurrent.FutureTask.run(FutureTask.java:317)
	at java.base/java.util.concurrent.ThreadPoolExecutor.runWorker(ThreadPoolExecutor.java:1144)
	at java.base/java.util.concurrent.ThreadPoolExecutor$Worker.run(ThreadPoolExecutor.java:642)
	at java.base/java.lang.Thread.run(Thread.java:1583)
2024-02-07 22:02:50,188{GMT}	INFO	[jepsen worker 0] jepsen.util: 3	:invoke	:add	0
2024-02-07 22:02:50,214{GMT}	WARN	[jepsen worker 2] jepsen.generator.interpreter: Process 2 crashed
clojure.lang.ExceptionInfo: Client read timeout
	at slingshot.support$stack_trace.invoke(support.clj:201)
	at maelstrom.client$recv_BANG_.invokeStatic(client.clj:98)
	at maelstrom.client$recv_BANG_.invoke(client.clj:81)
	at maelstrom.client$send_PLUS_recv_BANG_.invokeStatic(client.clj:123)
	at maelstrom.client$send_PLUS_recv_BANG_.invoke(client.clj:119)
	at maelstrom.client$rpc_BANG_.invokeStatic(client.clj:149)
	at maelstrom.client$rpc_BANG_.invoke(client.clj:140)
	at maelstrom.workload.pn_counter$fn__19518$add_BANG___19519.invoke(pn_counter.clj:20)
	at maelstrom.workload.pn_counter$fn__19518$add_BANG___19519.invoke(pn_counter.clj:20)
	at maelstrom.workload.pn_counter$client$reify__19540.invoke_BANG_(pn_counter.clj:47)
	at jepsen.client.Validate.invoke_BANG_(client.clj:83)
	at jepsen.generator.interpreter.ClientWorker.invoke_BANG_(interpreter.clj:65)
	at jepsen.generator.interpreter$spawn_worker$fn__12908$fn__12909.invoke(interpreter.clj:140)
	at jepsen.generator.interpreter$spawn_worker$fn__12908.invoke(interpreter.clj:123)
	at clojure.core$binding_conveyor_fn$fn__5823.invoke(core.clj:2047)
	at clojure.lang.AFn.call(AFn.java:18)
	at java.base/java.util.concurrent.FutureTask.run(FutureTask.java:317)
	at java.base/java.util.concurrent.ThreadPoolExecutor.runWorker(ThreadPoolExecutor.java:1144)
	at java.base/java.util.concurrent.ThreadPoolExecutor$Worker.run(ThreadPoolExecutor.java:642)
	at java.base/java.lang.Thread.run(Thread.java:1583)
2024-02-07 22:02:50,218{GMT}	INFO	[jepsen worker 2] jepsen.util: 5	:invoke	:read	nil
2024-02-07 22:02:50,253{GMT}	WARN	[jepsen worker 1] jepsen.generator.interpreter: Process 1 crashed
clojure.lang.ExceptionInfo: Client read timeout
	at slingshot.support$stack_trace.invoke(support.clj:201)
	at maelstrom.client$recv_BANG_.invokeStatic(client.clj:98)
	at maelstrom.client$recv_BANG_.invoke(client.clj:81)
	at maelstrom.client$send_PLUS_recv_BANG_.invokeStatic(client.clj:123)
	at maelstrom.client$send_PLUS_recv_BANG_.invoke(client.clj:119)
	at maelstrom.client$rpc_BANG_.invokeStatic(client.clj:149)
	at maelstrom.client$rpc_BANG_.invoke(client.clj:140)
	at maelstrom.workload.pn_counter$fn__19518$add_BANG___19519.invoke(pn_counter.clj:20)
	at maelstrom.workload.pn_counter$fn__19518$add_BANG___19519.invoke(pn_counter.clj:20)
	at maelstrom.workload.pn_counter$client$reify__19540.invoke_BANG_(pn_counter.clj:47)
	at jepsen.client.Validate.invoke_BANG_(client.clj:83)
	at jepsen.generator.interpreter.ClientWorker.invoke_BANG_(interpreter.clj:65)
	at jepsen.generator.interpreter$spawn_worker$fn__12908$fn__12909.invoke(interpreter.clj:140)
	at jepsen.generator.interpreter$spawn_worker$fn__12908.invoke(interpreter.clj:123)
	at clojure.core$binding_conveyor_fn$fn__5823.invoke(core.clj:2047)
	at clojure.lang.AFn.call(AFn.java:18)
	at java.base/java.util.concurrent.FutureTask.run(FutureTask.java:317)
	at java.base/java.util.concurrent.ThreadPoolExecutor.runWorker(ThreadPoolExecutor.java:1144)
	at java.base/java.util.concurrent.ThreadPoolExecutor$Worker.run(ThreadPoolExecutor.java:642)
	at java.base/java.lang.Thread.run(Thread.java:1583)
2024-02-07 22:02:50,258{GMT}	INFO	[jepsen worker 1] jepsen.util: 4	:invoke	:add	2
2024-02-07 22:02:55,194{GMT}	WARN	[jepsen worker 0] jepsen.generator.interpreter: Process 3 crashed
clojure.lang.ExceptionInfo: Client read timeout
	at slingshot.support$stack_trace.invoke(support.clj:201)
	at maelstrom.client$recv_BANG_.invokeStatic(client.clj:98)
	at maelstrom.client$recv_BANG_.invoke(client.clj:81)
	at maelstrom.client$send_PLUS_recv_BANG_.invokeStatic(client.clj:123)
	at maelstrom.client$send_PLUS_recv_BANG_.invoke(client.clj:119)
	at maelstrom.client$rpc_BANG_.invokeStatic(client.clj:149)
	at maelstrom.client$rpc_BANG_.invoke(client.clj:140)
	at maelstrom.workload.pn_counter$fn__19518$add_BANG___19519.invoke(pn_counter.clj:20)
	at maelstrom.workload.pn_counter$fn__19518$add_BANG___19519.invoke(pn_counter.clj:20)
	at maelstrom.workload.pn_counter$client$reify__19540.invoke_BANG_(pn_counter.clj:47)
	at jepsen.client.Validate.invoke_BANG_(client.clj:83)
	at jepsen.generator.interpreter.ClientWorker.invoke_BANG_(interpreter.clj:65)
	at jepsen.generator.interpreter$spawn_worker$fn__12908$fn__12909.invoke(interpreter.clj:140)
	at jepsen.generator.interpreter$spawn_worker$fn__12908.invoke(interpreter.clj:123)
	at clojure.core$binding_conveyor_fn$fn__5823.invoke(core.clj:2047)
	at clojure.lang.AFn.call(AFn.java:18)
	at java.base/java.util.concurrent.FutureTask.run(FutureTask.java:317)
	at java.base/java.util.concurrent.ThreadPoolExecutor.runWorker(ThreadPoolExecutor.java:1144)
	at java.base/java.util.concurrent.ThreadPoolExecutor$Worker.run(ThreadPoolExecutor.java:642)
	at java.base/java.lang.Thread.run(Thread.java:1583)
2024-02-07 22:02:55,196{GMT}	INFO	[jepsen worker 0] jepsen.util: 6	:invoke	:read	nil
2024-02-07 22:02:55,219{GMT}	WARN	[jepsen worker 2] jepsen.generator.interpreter: Process 5 crashed
clojure.lang.ExceptionInfo: Client read timeout
	at slingshot.support$stack_trace.invoke(support.clj:201)
	at maelstrom.client$recv_BANG_.invokeStatic(client.clj:98)
	at maelstrom.client$recv_BANG_.invoke(client.clj:81)
	at maelstrom.client$send_PLUS_recv_BANG_.invokeStatic(client.clj:123)
	at maelstrom.client$send_PLUS_recv_BANG_.invoke(client.clj:119)
	at maelstrom.client$rpc_BANG_.invokeStatic(client.clj:149)
	at maelstrom.client$rpc_BANG_.invoke(client.clj:140)
	at maelstrom.workload.pn_counter$fn__19529$read__19530.invoke(pn_counter.clj:27)
	at maelstrom.workload.pn_counter$fn__19529$read__19530.invoke(pn_counter.clj:27)
	at maelstrom.workload.pn_counter$client$reify__19540.invoke_BANG_(pn_counter.clj:50)
	at jepsen.client.Validate.invoke_BANG_(client.clj:83)
	at jepsen.generator.interpreter.ClientWorker.invoke_BANG_(interpreter.clj:65)
	at jepsen.generator.interpreter$spawn_worker$fn__12908$fn__12909.invoke(interpreter.clj:140)
	at jepsen.generator.interpreter$spawn_worker$fn__12908.invoke(interpreter.clj:123)
	at clojure.core$binding_conveyor_fn$fn__5823.invoke(core.clj:2047)
	at clojure.lang.AFn.call(AFn.java:18)
	at java.base/java.util.concurrent.FutureTask.run(FutureTask.java:317)
	at java.base/java.util.concurrent.ThreadPoolExecutor.runWorker(ThreadPoolExecutor.java:1144)
	at java.base/java.util.concurrent.ThreadPoolExecutor$Worker.run(ThreadPoolExecutor.java:642)
	at java.base/java.lang.Thread.run(Thread.java:1583)
2024-02-07 22:02:55,226{GMT}	INFO	[jepsen worker 2] jepsen.util: 8	:invoke	:read	nil
2024-02-07 22:02:55,265{GMT}	WARN	[jepsen worker 1] jepsen.generator.interpreter: Process 4 crashed
clojure.lang.ExceptionInfo: Client read timeout
	at slingshot.support$stack_trace.invoke(support.clj:201)
	at maelstrom.client$recv_BANG_.invokeStatic(client.clj:98)
	at maelstrom.client$recv_BANG_.invoke(client.clj:81)
	at maelstrom.client$send_PLUS_recv_BANG_.invokeStatic(client.clj:123)
	at maelstrom.client$send_PLUS_recv_BANG_.invoke(client.clj:119)
	at maelstrom.client$rpc_BANG_.invokeStatic(client.clj:149)
	at maelstrom.client$rpc_BANG_.invoke(client.clj:140)
	at maelstrom.workload.pn_counter$fn__19518$add_BANG___19519.invoke(pn_counter.clj:20)
	at maelstrom.workload.pn_counter$fn__19518$add_BANG___19519.invoke(pn_counter.clj:20)
	at maelstrom.workload.pn_counter$client$reify__19540.invoke_BANG_(pn_counter.clj:47)
	at jepsen.client.Validate.invoke_BANG_(client.clj:83)
	at jepsen.generator.interpreter.ClientWorker.invoke_BANG_(interpreter.clj:65)
	at jepsen.generator.interpreter$spawn_worker$fn__12908$fn__12909.invoke(interpreter.clj:140)
	at jepsen.generator.interpreter$spawn_worker$fn__12908.invoke(interpreter.clj:123)
	at clojure.core$binding_conveyor_fn$fn__5823.invoke(core.clj:2047)
	at clojure.lang.AFn.call(AFn.java:18)
	at java.base/java.util.concurrent.FutureTask.run(FutureTask.java:317)
	at java.base/java.util.concurrent.ThreadPoolExecutor.runWorker(ThreadPoolExecutor.java:1144)
	at java.base/java.util.concurrent.ThreadPoolExecutor$Worker.run(ThreadPoolExecutor.java:642)
	at java.base/java.lang.Thread.run(Thread.java:1583)
2024-02-07 22:02:55,272{GMT}	INFO	[jepsen worker 1] jepsen.util: 7	:invoke	:add	2
2024-02-07 22:03:00,199{GMT}	WARN	[jepsen worker 0] jepsen.generator.interpreter: Process 6 crashed
clojure.lang.ExceptionInfo: Client read timeout
	at slingshot.support$stack_trace.invoke(support.clj:201)
	at maelstrom.client$recv_BANG_.invokeStatic(client.clj:98)
	at maelstrom.client$recv_BANG_.invoke(client.clj:81)
	at maelstrom.client$send_PLUS_recv_BANG_.invokeStatic(client.clj:123)
	at maelstrom.client$send_PLUS_recv_BANG_.invoke(client.clj:119)
	at maelstrom.client$rpc_BANG_.invokeStatic(client.clj:149)
	at maelstrom.client$rpc_BANG_.invoke(client.clj:140)
	at maelstrom.workload.pn_counter$fn__19529$read__19530.invoke(pn_counter.clj:27)
	at maelstrom.workload.pn_counter$fn__19529$read__19530.invoke(pn_counter.clj:27)
	at maelstrom.workload.pn_counter$client$reify__19540.invoke_BANG_(pn_counter.clj:50)
	at jepsen.client.Validate.invoke_BANG_(client.clj:83)
	at jepsen.generator.interpreter.ClientWorker.invoke_BANG_(interpreter.clj:65)
	at jepsen.generator.interpreter$spawn_worker$fn__12908$fn__12909.invoke(interpreter.clj:140)
	at jepsen.generator.interpreter$spawn_worker$fn__12908.invoke(interpreter.clj:123)
	at clojure.core$binding_conveyor_fn$fn__5823.invoke(core.clj:2047)
	at clojure.lang.AFn.call(AFn.java:18)
	at java.base/java.util.concurrent.FutureTask.run(FutureTask.java:317)
	at java.base/java.util.concurrent.ThreadPoolExecutor.runWorker(ThreadPoolExecutor.java:1144)
	at java.base/java.util.concurrent.ThreadPoolExecutor$Worker.run(ThreadPoolExecutor.java:642)
	at java.base/java.lang.Thread.run(Thread.java:1583)
2024-02-07 22:03:00,203{GMT}	INFO	[jepsen worker 0] jepsen.util: 9	:invoke	:read	nil
2024-02-07 22:03:00,229{GMT}	WARN	[jepsen worker 2] jepsen.generator.interpreter: Process 8 crashed
clojure.lang.ExceptionInfo: Client read timeout
	at slingshot.support$stack_trace.invoke(support.clj:201)
	at maelstrom.client$recv_BANG_.invokeStatic(client.clj:98)
	at maelstrom.client$recv_BANG_.invoke(client.clj:81)
	at maelstrom.client$send_PLUS_recv_BANG_.invokeStatic(client.clj:123)
	at maelstrom.client$send_PLUS_recv_BANG_.invoke(client.clj:119)
	at maelstrom.client$rpc_BANG_.invokeStatic(client.clj:149)
	at maelstrom.client$rpc_BANG_.invoke(client.clj:140)
	at maelstrom.workload.pn_counter$fn__19529$read__19530.invoke(pn_counter.clj:27)
	at maelstrom.workload.pn_counter$fn__19529$read__19530.invoke(pn_counter.clj:27)
	at maelstrom.workload.pn_counter$client$reify__19540.invoke_BANG_(pn_counter.clj:50)
	at jepsen.client.Validate.invoke_BANG_(client.clj:83)
	at jepsen.generator.interpreter.ClientWorker.invoke_BANG_(interpreter.clj:65)
	at jepsen.generator.interpreter$spawn_worker$fn__12908$fn__12909.invoke(interpreter.clj:140)
	at jepsen.generator.interpreter$spawn_worker$fn__12908.invoke(interpreter.clj:123)
	at clojure.core$binding_conveyor_fn$fn__5823.invoke(core.clj:2047)
	at clojure.lang.AFn.call(AFn.java:18)
	at java.base/java.util.concurrent.FutureTask.run(FutureTask.java:317)
	at java.base/java.util.concurrent.ThreadPoolExecutor.runWorker(ThreadPoolExecutor.java:1144)
	at java.base/java.util.concurrent.ThreadPoolExecutor$Worker.run(ThreadPoolExecutor.java:642)
	at java.base/java.lang.Thread.run(Thread.java:1583)
2024-02-07 22:03:00,233{GMT}	INFO	[jepsen worker 2] jepsen.util: 11	:invoke	:add	2
2024-02-07 22:03:00,273{GMT}	WARN	[jepsen worker 1] jepsen.generator.interpreter: Process 7 crashed
clojure.lang.ExceptionInfo: Client read timeout
	at slingshot.support$stack_trace.invoke(support.clj:201)
	at maelstrom.client$recv_BANG_.invokeStatic(client.clj:98)
	at maelstrom.client$recv_BANG_.invoke(client.clj:81)
	at maelstrom.client$send_PLUS_recv_BANG_.invokeStatic(client.clj:123)
	at maelstrom.client$send_PLUS_recv_BANG_.invoke(client.clj:119)
	at maelstrom.client$rpc_BANG_.invokeStatic(client.clj:149)
	at maelstrom.client$rpc_BANG_.invoke(client.clj:140)
	at maelstrom.workload.pn_counter$fn__19518$add_BANG___19519.invoke(pn_counter.clj:20)
	at maelstrom.workload.pn_counter$fn__19518$add_BANG___19519.invoke(pn_counter.clj:20)
	at maelstrom.workload.pn_counter$client$reify__19540.invoke_BANG_(pn_counter.clj:47)
	at jepsen.client.Validate.invoke_BANG_(client.clj:83)
	at jepsen.generator.interpreter.ClientWorker.invoke_BANG_(interpreter.clj:65)
	at jepsen.generator.interpreter$spawn_worker$fn__12908$fn__12909.invoke(interpreter.clj:140)
	at jepsen.generator.interpreter$spawn_worker$fn__12908.invoke(interpreter.clj:123)
	at clojure.core$binding_conveyor_fn$fn__5823.invoke(core.clj:2047)
	at clojure.lang.AFn.call(AFn.java:18)
	at java.base/java.util.concurrent.FutureTask.run(FutureTask.java:317)
	at java.base/java.util.concurrent.ThreadPoolExecutor.runWorker(ThreadPoolExecutor.java:1144)
	at java.base/java.util.concurrent.ThreadPoolExecutor$Worker.run(ThreadPoolExecutor.java:642)
	at java.base/java.lang.Thread.run(Thread.java:1583)
2024-02-07 22:03:00,281{GMT}	INFO	[jepsen worker 1] jepsen.util: 10	:invoke	:add	3
2024-02-07 22:03:01,771{GMT}	INFO	[jepsen worker nemesis] jepsen.util: :nemesis	:info	:stop-partition	nil
2024-02-07 22:03:01,772{GMT}	INFO	[jepsen worker nemesis] jepsen.util: :nemesis	:info	:stop-partition	:network-healed
2024-02-07 22:03:05,208{GMT}	WARN	[jepsen worker 0] jepsen.generator.interpreter: Process 9 crashed
clojure.lang.ExceptionInfo: Client read timeout
	at slingshot.support$stack_trace.invoke(support.clj:201)
	at maelstrom.client$recv_BANG_.invokeStatic(client.clj:98)
	at maelstrom.client$recv_BANG_.invoke(client.clj:81)
	at maelstrom.client$send_PLUS_recv_BANG_.invokeStatic(client.clj:123)
	at maelstrom.client$send_PLUS_recv_BANG_.invoke(client.clj:119)
	at maelstrom.client$rpc_BANG_.invokeStatic(client.clj:149)
	at maelstrom.client$rpc_BANG_.invoke(client.clj:140)
	at maelstrom.workload.pn_counter$fn__19529$read__19530.invoke(pn_counter.clj:27)
	at maelstrom.workload.pn_counter$fn__19529$read__19530.invoke(pn_counter.clj:27)
	at maelstrom.workload.pn_counter$client$reify__19540.invoke_BANG_(pn_counter.clj:50)
	at jepsen.client.Validate.invoke_BANG_(client.clj:83)
	at jepsen.generator.interpreter.ClientWorker.invoke_BANG_(interpreter.clj:65)
	at jepsen.generator.interpreter$spawn_worker$fn__12908$fn__12909.invoke(interpreter.clj:140)
	at jepsen.generator.interpreter$spawn_worker$fn__12908.invoke(interpreter.clj:123)
	at clojure.core$binding_conveyor_fn$fn__5823.invoke(core.clj:2047)
	at clojure.lang.AFn.call(AFn.java:18)
	at java.base/java.util.concurrent.FutureTask.run(FutureTask.java:317)
	at java.base/java.util.concurrent.ThreadPoolExecutor.runWorker(ThreadPoolExecutor.java:1144)
	at java.base/java.util.concurrent.ThreadPoolExecutor$Worker.run(ThreadPoolExecutor.java:642)
	at java.base/java.lang.Thread.run(Thread.java:1583)
2024-02-07 22:03:05,239{GMT}	WARN	[jepsen worker 2] jepsen.generator.interpreter: Process 11 crashed
clojure.lang.ExceptionInfo: Client read timeout
	at slingshot.support$stack_trace.invoke(support.clj:201)
	at maelstrom.client$recv_BANG_.invokeStatic(client.clj:98)
	at maelstrom.client$recv_BANG_.invoke(client.clj:81)
	at maelstrom.client$send_PLUS_recv_BANG_.invokeStatic(client.clj:123)
	at maelstrom.client$send_PLUS_recv_BANG_.invoke(client.clj:119)
	at maelstrom.client$rpc_BANG_.invokeStatic(client.clj:149)
	at maelstrom.client$rpc_BANG_.invoke(client.clj:140)
	at maelstrom.workload.pn_counter$fn__19518$add_BANG___19519.invoke(pn_counter.clj:20)
	at maelstrom.workload.pn_counter$fn__19518$add_BANG___19519.invoke(pn_counter.clj:20)
	at maelstrom.workload.pn_counter$client$reify__19540.invoke_BANG_(pn_counter.clj:47)
	at jepsen.client.Validate.invoke_BANG_(client.clj:83)
	at jepsen.generator.interpreter.ClientWorker.invoke_BANG_(interpreter.clj:65)
	at jepsen.generator.interpreter$spawn_worker$fn__12908$fn__12909.invoke(interpreter.clj:140)
	at jepsen.generator.interpreter$spawn_worker$fn__12908.invoke(interpreter.clj:123)
	at clojure.core$binding_conveyor_fn$fn__5823.invoke(core.clj:2047)
	at clojure.lang.AFn.call(AFn.java:18)
	at java.base/java.util.concurrent.FutureTask.run(FutureTask.java:317)
	at java.base/java.util.concurrent.ThreadPoolExecutor.runWorker(ThreadPoolExecutor.java:1144)
	at java.base/java.util.concurrent.ThreadPoolExecutor$Worker.run(ThreadPoolExecutor.java:642)
	at java.base/java.lang.Thread.run(Thread.java:1583)
2024-02-07 22:03:05,287{GMT}	WARN	[jepsen worker 1] jepsen.generator.interpreter: Process 10 crashed
clojure.lang.ExceptionInfo: Client read timeout
	at slingshot.support$stack_trace.invoke(support.clj:201)
	at maelstrom.client$recv_BANG_.invokeStatic(client.clj:98)
	at maelstrom.client$recv_BANG_.invoke(client.clj:81)
	at maelstrom.client$send_PLUS_recv_BANG_.invokeStatic(client.clj:123)
	at maelstrom.client$send_PLUS_recv_BANG_.invoke(client.clj:119)
	at maelstrom.client$rpc_BANG_.invokeStatic(client.clj:149)
	at maelstrom.client$rpc_BANG_.invoke(client.clj:140)
	at maelstrom.workload.pn_counter$fn__19518$add_BANG___19519.invoke(pn_counter.clj:20)
	at maelstrom.workload.pn_counter$fn__19518$add_BANG___19519.invoke(pn_counter.clj:20)
	at maelstrom.workload.pn_counter$client$reify__19540.invoke_BANG_(pn_counter.clj:47)
	at jepsen.client.Validate.invoke_BANG_(client.clj:83)
	at jepsen.generator.interpreter.ClientWorker.invoke_BANG_(interpreter.clj:65)
	at jepsen.generator.interpreter$spawn_worker$fn__12908$fn__12909.invoke(interpreter.clj:140)
	at jepsen.generator.interpreter$spawn_worker$fn__12908.invoke(interpreter.clj:123)
	at clojure.core$binding_conveyor_fn$fn__5823.invoke(core.clj:2047)
	at clojure.lang.AFn.call(AFn.java:18)
	at java.base/java.util.concurrent.FutureTask.run(FutureTask.java:317)
	at java.base/java.util.concurrent.ThreadPoolExecutor.runWorker(ThreadPoolExecutor.java:1144)
	at java.base/java.util.concurrent.ThreadPoolExecutor$Worker.run(ThreadPoolExecutor.java:642)
	at java.base/java.lang.Thread.run(Thread.java:1583)
2024-02-07 22:03:05,297{GMT}	INFO	[jepsen worker nemesis] jepsen.util: :nemesis	:info	:stop-partition	nil
2024-02-07 22:03:05,297{GMT}	INFO	[jepsen worker nemesis] jepsen.util: :nemesis	:info	:stop-partition	:network-healed
2024-02-07 22:03:05,302{GMT}	INFO	[jepsen worker 2] jepsen.generator.interpreter: Waiting for recovery...
2024-02-07 22:03:15,320{GMT}	INFO	[jepsen worker 1] jepsen.util: 13	:invoke	:read	nil
2024-02-07 22:03:15,321{GMT}	INFO	[jepsen worker 2] jepsen.util: 14	:invoke	:read	nil
2024-02-07 22:03:15,320{GMT}	INFO	[jepsen worker 0] jepsen.util: 12	:invoke	:read	nil
2024-02-07 22:03:20,322{GMT}	WARN	[jepsen worker 2] jepsen.generator.interpreter: Process 14 crashed
clojure.lang.ExceptionInfo: Client read timeout
	at slingshot.support$stack_trace.invoke(support.clj:201)
	at maelstrom.client$recv_BANG_.invokeStatic(client.clj:98)
	at maelstrom.client$recv_BANG_.invoke(client.clj:81)
	at maelstrom.client$send_PLUS_recv_BANG_.invokeStatic(client.clj:123)
	at maelstrom.client$send_PLUS_recv_BANG_.invoke(client.clj:119)
	at maelstrom.client$rpc_BANG_.invokeStatic(client.clj:149)
	at maelstrom.client$rpc_BANG_.invoke(client.clj:140)
	at maelstrom.workload.pn_counter$fn__19529$read__19530.invoke(pn_counter.clj:27)
	at maelstrom.workload.pn_counter$fn__19529$read__19530.invoke(pn_counter.clj:27)
	at maelstrom.workload.pn_counter$client$reify__19540.invoke_BANG_(pn_counter.clj:50)
	at jepsen.client.Validate.invoke_BANG_(client.clj:83)
	at jepsen.generator.interpreter.ClientWorker.invoke_BANG_(interpreter.clj:65)
	at jepsen.generator.interpreter$spawn_worker$fn__12908$fn__12909.invoke(interpreter.clj:140)
	at jepsen.generator.interpreter$spawn_worker$fn__12908.invoke(interpreter.clj:123)
	at clojure.core$binding_conveyor_fn$fn__5823.invoke(core.clj:2047)
	at clojure.lang.AFn.call(AFn.java:18)
	at java.base/java.util.concurrent.FutureTask.run(FutureTask.java:317)
	at java.base/java.util.concurrent.ThreadPoolExecutor.runWorker(ThreadPoolExecutor.java:1144)
	at java.base/java.util.concurrent.ThreadPoolExecutor$Worker.run(ThreadPoolExecutor.java:642)
	at java.base/java.lang.Thread.run(Thread.java:1583)
2024-02-07 22:03:20,325{GMT}	WARN	[jepsen worker 0] jepsen.generator.interpreter: Process 12 crashed
clojure.lang.ExceptionInfo: Client read timeout
	at slingshot.support$stack_trace.invoke(support.clj:201)
	at maelstrom.client$recv_BANG_.invokeStatic(client.clj:98)
	at maelstrom.client$recv_BANG_.invoke(client.clj:81)
	at maelstrom.client$send_PLUS_recv_BANG_.invokeStatic(client.clj:123)
	at maelstrom.client$send_PLUS_recv_BANG_.invoke(client.clj:119)
	at maelstrom.client$rpc_BANG_.invokeStatic(client.clj:149)
	at maelstrom.client$rpc_BANG_.invoke(client.clj:140)
	at maelstrom.workload.pn_counter$fn__19529$read__19530.invoke(pn_counter.clj:27)
	at maelstrom.workload.pn_counter$fn__19529$read__19530.invoke(pn_counter.clj:27)
	at maelstrom.workload.pn_counter$client$reify__19540.invoke_BANG_(pn_counter.clj:50)
	at jepsen.client.Validate.invoke_BANG_(client.clj:83)
	at jepsen.generator.interpreter.ClientWorker.invoke_BANG_(interpreter.clj:65)
	at jepsen.generator.interpreter$spawn_worker$fn__12908$fn__12909.invoke(interpreter.clj:140)
	at jepsen.generator.interpreter$spawn_worker$fn__12908.invoke(interpreter.clj:123)
	at clojure.core$binding_conveyor_fn$fn__5823.invoke(core.clj:2047)
	at clojure.lang.AFn.call(AFn.java:18)
	at java.base/java.util.concurrent.FutureTask.run(FutureTask.java:317)
	at java.base/java.util.concurrent.ThreadPoolExecutor.runWorker(ThreadPoolExecutor.java:1144)
	at java.base/java.util.concurrent.ThreadPoolExecutor$Worker.run(ThreadPoolExecutor.java:642)
	at java.base/java.lang.Thread.run(Thread.java:1583)
2024-02-07 22:03:20,325{GMT}	WARN	[jepsen worker 1] jepsen.generator.interpreter: Process 13 crashed
clojure.lang.ExceptionInfo: Client read timeout
	at slingshot.support$stack_trace.invoke(support.clj:201)
	at maelstrom.client$recv_BANG_.invokeStatic(client.clj:98)
	at maelstrom.client$recv_BANG_.invoke(client.clj:81)
	at maelstrom.client$send_PLUS_recv_BANG_.invokeStatic(client.clj:123)
	at maelstrom.client$send_PLUS_recv_BANG_.invoke(client.clj:119)
	at maelstrom.client$rpc_BANG_.invokeStatic(client.clj:149)
	at maelstrom.client$rpc_BANG_.invoke(client.clj:140)
	at maelstrom.workload.pn_counter$fn__19529$read__19530.invoke(pn_counter.clj:27)
	at maelstrom.workload.pn_counter$fn__19529$read__19530.invoke(pn_counter.clj:27)
	at maelstrom.workload.pn_counter$client$reify__19540.invoke_BANG_(pn_counter.clj:50)
	at jepsen.client.Validate.invoke_BANG_(client.clj:83)
	at jepsen.generator.interpreter.ClientWorker.invoke_BANG_(interpreter.clj:65)
	at jepsen.generator.interpreter$spawn_worker$fn__12908$fn__12909.invoke(interpreter.clj:140)
	at jepsen.generator.interpreter$spawn_worker$fn__12908.invoke(interpreter.clj:123)
	at clojure.core$binding_conveyor_fn$fn__5823.invoke(core.clj:2047)
	at clojure.lang.AFn.call(AFn.java:18)
	at java.base/java.util.concurrent.FutureTask.run(FutureTask.java:317)
	at java.base/java.util.concurrent.ThreadPoolExecutor.runWorker(ThreadPoolExecutor.java:1144)
	at java.base/java.util.concurrent.ThreadPoolExecutor$Worker.run(ThreadPoolExecutor.java:642)
	at java.base/java.lang.Thread.run(Thread.java:1583)
2024-02-07 22:03:20,358{GMT}	INFO	[jepsen test runner] jepsen.core: Run complete, writing
2024-02-07 22:03:20,462{GMT}	INFO	[jepsen node n2] maelstrom.db: Tearing down n2
2024-02-07 22:03:20,462{GMT}	INFO	[jepsen node n0] maelstrom.db: Tearing down n0
2024-02-07 22:03:20,462{GMT}	INFO	[jepsen node n1] maelstrom.db: Tearing down n1
2024-02-07 22:03:21,346{GMT}	INFO	[jepsen node n0] maelstrom.net: Shutting down Maelstrom network
2024-02-07 22:03:21,350{GMT}	WARN	[jepsen test runner] jepsen.core: Test crashed!
clojure.lang.ExceptionInfo: Node n1 crashed with exit status 2. Before crashing, it wrote to STDOUT:

{"src":"n1","dest":"seq-kv","body":{"key":"counter","msg_id":1,"type":"write","value":0}}
{"src":"n1","dest":"c2","body":{"in_reply_to":1,"type":"init_ok"}}
{"src":"n1","dest":"seq-kv","body":{"key":"counter","msg_id":2,"type":"read"}}
{"src":"n1","dest":"c6","body":{"in_reply_to":1,"type":"read_ok","value":0}}
{"src":"n1","dest":"seq-kv","body":{"key":"counter","msg_id":3,"type":"read"}}
{"src":"n1","dest":"c6","body":{"in_reply_to":2,"type":"read_ok","value":0}}
{"src":"n1","dest":"seq-kv","body":{"key":"counter","msg_id":4,"type":"read"}}
{"src":"n1","dest":"c6","body":{"in_reply_to":3,"type":"read_ok","value":0}}
{"src":"n1","dest":"seq-kv","body":{"key":"counter","msg_id":5,"type":"read"}}
{"src":"n1","dest":"c6","body":{"in_reply_to":4,"type":"read_ok","value":0}}
{"src":"n1","dest":"seq-kv","body":{"key":"counter","msg_id":6,"type":"read"}}
{"src":"n1","dest":"c6","body":{"in_reply_to":5,"type":"read_ok","value":0}}
{"src":"n1","dest":"seq-kv","body":{"key":"counter","msg_id":7,"type":"read"}}
{"src":"n1","dest":"c6","body":{"in_reply_to":6,"type":"read_ok","value":0}}
{"src":"n1","dest":"seq-kv","body":{"key":"counter","msg_id":8,"type":"read"}}

And to STDERR:

2024/02/07 22:02:45 Received {seq-kv n1 {"type":"read_ok","value":0,"in_reply_to":3}}
2024/02/07 22:02:45 Sent {"src":"n1","dest":"c6","body":{"in_reply_to":2,"type":"read_ok","value":0}}
2024/02/07 22:02:45 Received {c6 n1 {"type":"read","msg_id":3}}
2024/02/07 22:02:45 Sent {"src":"n1","dest":"seq-kv","body":{"key":"counter","msg_id":4,"type":"read"}}
2024/02/07 22:02:45 Received {seq-kv n1 {"type":"read_ok","value":0,"in_reply_to":4}}
2024/02/07 22:02:45 Sent {"src":"n1","dest":"c6","body":{"in_reply_to":3,"type":"read_ok","value":0}}
2024/02/07 22:02:45 Received {c6 n1 {"type":"read","msg_id":4}}
2024/02/07 22:02:45 Sent {"src":"n1","dest":"seq-kv","body":{"key":"counter","msg_id":5,"type":"read"}}
2024/02/07 22:02:45 Received {seq-kv n1 {"type":"read_ok","value":0,"in_reply_to":5}}
2024/02/07 22:02:45 Sent {"src":"n1","dest":"c6","body":{"in_reply_to":4,"type":"read_ok","value":0}}
2024/02/07 22:02:45 Received {c6 n1 {"type":"read","msg_id":5}}
2024/02/07 22:02:45 Sent {"src":"n1","dest":"seq-kv","body":{"key":"counter","msg_id":6,"type":"read"}}
2024/02/07 22:02:45 Received {seq-kv n1 {"type":"read_ok","value":0,"in_reply_to":6}}
2024/02/07 22:02:45 Sent {"src":"n1","dest":"c6","body":{"in_reply_to":5,"type":"read_ok","value":0}}
2024/02/07 22:02:45 Received {c6 n1 {"type":"read","msg_id":6}}
2024/02/07 22:02:45 Sent {"src":"n1","dest":"seq-kv","body":{"key":"counter","msg_id":7,"type":"read"}}
2024/02/07 22:02:45 Received {seq-kv n1 {"type":"read_ok","value":0,"in_reply_to":7}}
2024/02/07 22:02:45 Sent {"src":"n1","dest":"c6","body":{"in_reply_to":6,"type":"read_ok","value":0}}
2024/02/07 22:02:45 Received {c6 n1 {"delta":4,"type":"add","msg_id":7}}
2024/02/07 22:02:45 Sent {"src":"n1","dest":"seq-kv","body":{"key":"counter","msg_id":8,"type":"read"}}
2024/02/07 22:02:45 Received {seq-kv n1 {"type":"read_ok","value":0,"in_reply_to":8}}
panic: interface conversion: interface {} is float64, not int

goroutine 50 [running]:
main.main.func5({{0x14000010620, 0x2}, {0x14000010622, 0x2}, {0x1400001a270, 0x23, 0x30}})
	/Users/googrand/projects/golang/dist_systems/counter/main.go:88 +0x230
github.com/jepsen-io/maelstrom/demo/go.(*Node).handleMessage(0x0?, 0x0?, {{0x14000010620, 0x2}, {0x14000010622, 0x2}, {0x1400001a270, 0x23, 0x30}})
	/Users/googrand/go/pkg/mod/github.com/jepsen-io/maelstrom/demo/go@v0.0.0-20231231190402-2674df7c1076/node.go:151 +0x70
github.com/jepsen-io/maelstrom/demo/go.(*Node).Run.func2()
	/Users/googrand/go/pkg/mod/github.com/jepsen-io/maelstrom/demo/go@v0.0.0-20231231190402-2674df7c1076/node.go:129 +0x78
created by github.com/jepsen-io/maelstrom/demo/go.(*Node).Run in goroutine 1
	/Users/googrand/go/pkg/mod/github.com/jepsen-io/maelstrom/demo/go@v0.0.0-20231231190402-2674df7c1076/node.go:127 +0x468

Full STDERR logs are available in /Users/googrand/projects/golang/dist_systems/counter/store/g-counter/20240207T220243.726+0600/node-logs/n1.log
	at slingshot.support$stack_trace.invoke(support.clj:201)
	at maelstrom.process$stop_node_BANG_.invokeStatic(process.clj:239)
	at maelstrom.process$stop_node_BANG_.invoke(process.clj:217)
	at maelstrom.db$db$reify__16142.teardown_BANG_(db.clj:75)
	at jepsen.db$fn__8744$G__8725__8748.invoke(db.clj:12)
	at jepsen.db$fn__8744$G__8724__8753.invoke(db.clj:12)
	at clojure.core$partial$fn__5908.invoke(core.clj:2642)
	at jepsen.control$on_nodes$fn__8599.invoke(control.clj:314)
	at clojure.lang.AFn.applyToHelper(AFn.java:154)
	at clojure.lang.AFn.applyTo(AFn.java:144)
	at clojure.core$apply.invokeStatic(core.clj:667)
	at clojure.core$with_bindings_STAR_.invokeStatic(core.clj:1990)
	at clojure.core$with_bindings_STAR_.doInvoke(core.clj:1990)
	at clojure.lang.RestFn.applyTo(RestFn.java:142)
	at clojure.core$apply.invokeStatic(core.clj:671)
	at clojure.core$bound_fn_STAR_$fn__5818.doInvoke(core.clj:2020)
	at clojure.lang.RestFn.invoke(RestFn.java:408)
	at dom_top.core$real_pmap_helper$build_thread__211$fn__212.invoke(core.clj:163)
	at clojure.lang.AFn.applyToHelper(AFn.java:152)
	at clojure.lang.AFn.applyTo(AFn.java:144)
	at clojure.core$apply.invokeStatic(core.clj:667)
	at clojure.core$with_bindings_STAR_.invokeStatic(core.clj:1990)
	at clojure.core$with_bindings_STAR_.doInvoke(core.clj:1990)
	at clojure.lang.RestFn.invoke(RestFn.java:425)
	at clojure.lang.AFn.applyToHelper(AFn.java:156)
	at clojure.lang.RestFn.applyTo(RestFn.java:132)
	at clojure.core$apply.invokeStatic(core.clj:671)
	at clojure.core$bound_fn_STAR_$fn__5818.doInvoke(core.clj:2020)
	at clojure.lang.RestFn.invoke(RestFn.java:397)
	at clojure.lang.AFn.run(AFn.java:22)
	at java.base/java.lang.Thread.run(Thread.java:1583)
