2024/02/07 21:57:36 Received {c2 n0 {"type":"init","node_id":"n0","node_ids":["n0","n1","n2"],"msg_id":1}}
2024/02/07 21:57:36 Sent {"src":"n0","dest":"seq-kv","body":{"key":"counter","msg_id":1,"type":"write","value":0}}
2024/02/07 21:57:36 Received {seq-kv n0 {"type":"write_ok","in_reply_to":1}}
2024/02/07 21:57:36 Node n0 initialized
2024/02/07 21:57:36 Sent {"src":"n0","dest":"c2","body":{"in_reply_to":1,"type":"init_ok"}}
2024/02/07 21:57:36 Received {c8 n0 {"type":"read","msg_id":1}}
2024/02/07 21:57:36 Sent {"src":"n0","dest":"seq-kv","body":{"key":"counter","msg_id":2,"type":"read"}}
2024/02/07 21:57:36 Received {seq-kv n0 {"type":"read_ok","value":0,"in_reply_to":2}}
2024/02/07 21:57:36 Sent {"src":"n0","dest":"c8","body":{"in_reply_to":1,"type":"read_ok","value":0}}
2024/02/07 21:57:36 Received {c8 n0 {"type":"read","msg_id":2}}
2024/02/07 21:57:36 Sent {"src":"n0","dest":"seq-kv","body":{"key":"counter","msg_id":3,"type":"read"}}
2024/02/07 21:57:36 Received {seq-kv n0 {"type":"read_ok","value":0,"in_reply_to":3}}
2024/02/07 21:57:36 Sent {"src":"n0","dest":"c8","body":{"in_reply_to":2,"type":"read_ok","value":0}}
2024/02/07 21:57:36 Received {c8 n0 {"type":"read","msg_id":3}}
2024/02/07 21:57:36 Sent {"src":"n0","dest":"seq-kv","body":{"key":"counter","msg_id":4,"type":"read"}}
2024/02/07 21:57:36 Received {seq-kv n0 {"type":"read_ok","value":0,"in_reply_to":4}}
2024/02/07 21:57:36 Sent {"src":"n0","dest":"c8","body":{"in_reply_to":3,"type":"read_ok","value":0}}
2024/02/07 21:57:36 Received {c8 n0 {"delta":2,"type":"add","msg_id":4}}
2024/02/07 21:57:36 Sent {"src":"n0","dest":"seq-kv","body":{"key":"counter","msg_id":5,"type":"read"}}
2024/02/07 21:57:36 Received {seq-kv n0 {"type":"read_ok","value":0,"in_reply_to":5}}
panic: interface conversion: interface {} is float64, not int

goroutine 8 [running]:
main.main.func5({{0x14000010b58, 0x2}, {0x14000010b5a, 0x2}, {0x1400001a270, 0x23, 0x30}})
	/Users/googrand/projects/golang/dist_systems/counter/main.go:88 +0x238
github.com/jepsen-io/maelstrom/demo/go.(*Node).handleMessage(0x0?, 0x0?, {{0x14000010b58, 0x2}, {0x14000010b5a, 0x2}, {0x1400001a270, 0x23, 0x30}})
	/Users/googrand/go/pkg/mod/github.com/jepsen-io/maelstrom/demo/go@v0.0.0-20231231190402-2674df7c1076/node.go:151 +0x70
github.com/jepsen-io/maelstrom/demo/go.(*Node).Run.func2()
	/Users/googrand/go/pkg/mod/github.com/jepsen-io/maelstrom/demo/go@v0.0.0-20231231190402-2674df7c1076/node.go:129 +0x78
created by github.com/jepsen-io/maelstrom/demo/go.(*Node).Run in goroutine 1
	/Users/googrand/go/pkg/mod/github.com/jepsen-io/maelstrom/demo/go@v0.0.0-20231231190402-2674df7c1076/node.go:127 +0x468
