2023/10/28 16:35:30 Received {c0 n0 {"type":"init","node_id":"n0","node_ids":["n0"],"msg_id":1}}
2023/10/28 16:35:30 Node n0 initialized
2023/10/28 16:35:30 Sent {"src":"n0","dest":"c0","body":{"in_reply_to":1,"type":"init_ok"}}
2023/10/28 16:35:30 Received {c1 n0 {"type":"topology","topology":{"n0":[]},"msg_id":1}}
2023/10/28 16:35:30 Sent {"src":"n0","dest":"c1","body":{"in_reply_to":1,"type":"topology_ok"}}
2023/10/28 16:35:30 Received {c2 n0 {"type":"broadcast","message":0,"msg_id":1}}
2023/10/28 16:35:30 Sent {"src":"n0","dest":"c2","body":{"in_reply_to":1,"message":0,"msg_id":1,"type":"broadcast"}}
2023/10/28 16:35:30 Received {c3 n0 {"type":"broadcast","message":1,"msg_id":1}}
2023/10/28 16:35:30 Sent {"src":"n0","dest":"c3","body":{"in_reply_to":1,"message":1,"msg_id":1,"type":"broadcast"}}
2023/10/28 16:35:30 Received {c4 n0 {"type":"read","msg_id":1}}
2023/10/28 16:35:30 Sent {"src":"n0","dest":"c4","body":{"in_reply_to":1,"messages":[0,0,0,0,0,0,0,0,0,0,0,0,0,0,0,0,0,0,0,0,0,0,0,0,0,0,0,0,0,0,0,0,0,0,0,0,0,0,0,0,0,0,0,0,0,0,0,0,0,0,0,0,0,0,0,0,0,0,0,0,0,0,0,0,0,0,0,0,0,0,0,0,0,0,0,0,0,0,0,0,0,0,0,0,0,0,0,0,0,0,0,0,0,0,0,0,0,0,0,0,0,1],"type":"read_ok"}}
2023/10/28 16:35:30 Received {c4 n0 {"type":"read","msg_id":2}}
2023/10/28 16:35:30 Sent {"src":"n0","dest":"c4","body":{"in_reply_to":2,"messages":[0,0,0,0,0,0,0,0,0,0,0,0,0,0,0,0,0,0,0,0,0,0,0,0,0,0,0,0,0,0,0,0,0,0,0,0,0,0,0,0,0,0,0,0,0,0,0,0,0,0,0,0,0,0,0,0,0,0,0,0,0,0,0,0,0,0,0,0,0,0,0,0,0,0,0,0,0,0,0,0,0,0,0,0,0,0,0,0,0,0,0,0,0,0,0,0,0,0,0,0,0,1],"type":"read_ok"}}
2023/10/28 16:35:30 Received {c4 n0 {"type":"broadcast","message":2,"msg_id":3}}
2023/10/28 16:35:30 Sent {"src":"n0","dest":"c4","body":{"in_reply_to":3,"message":2,"msg_id":3,"type":"broadcast"}}
2023/10/28 16:35:30 Received {c5 n0 {"type":"read","msg_id":1}}
2023/10/28 16:35:30 Sent {"src":"n0","dest":"c5","body":{"in_reply_to":1,"messages":[0,0,0,0,0,0,0,0,0,0,0,0,0,0,0,0,0,0,0,0,0,0,0,0,0,0,0,0,0,0,0,0,0,0,0,0,0,0,0,0,0,0,0,0,0,0,0,0,0,0,0,0,0,0,0,0,0,0,0,0,0,0,0,0,0,0,0,0,0,0,0,0,0,0,0,0,0,0,0,0,0,0,0,0,0,0,0,0,0,0,0,0,0,0,0,0,0,0,0,0,0,1,2],"type":"read_ok"}}
2023/10/28 16:35:30 Received {c5 n0 {"type":"read","msg_id":2}}
2023/10/28 16:35:30 Sent {"src":"n0","dest":"c5","body":{"in_reply_to":2,"messages":[0,0,0,0,0,0,0,0,0,0,0,0,0,0,0,0,0,0,0,0,0,0,0,0,0,0,0,0,0,0,0,0,0,0,0,0,0,0,0,0,0,0,0,0,0,0,0,0,0,0,0,0,0,0,0,0,0,0,0,0,0,0,0,0,0,0,0,0,0,0,0,0,0,0,0,0,0,0,0,0,0,0,0,0,0,0,0,0,0,0,0,0,0,0,0,0,0,0,0,0,0,1,2],"type":"read_ok"}}
2023/10/28 16:35:30 Received {c5 n0 {"type":"read","msg_id":3}}
2023/10/28 16:35:30 Sent {"src":"n0","dest":"c5","body":{"in_reply_to":3,"messages":[0,0,0,0,0,0,0,0,0,0,0,0,0,0,0,0,0,0,0,0,0,0,0,0,0,0,0,0,0,0,0,0,0,0,0,0,0,0,0,0,0,0,0,0,0,0,0,0,0,0,0,0,0,0,0,0,0,0,0,0,0,0,0,0,0,0,0,0,0,0,0,0,0,0,0,0,0,0,0,0,0,0,0,0,0,0,0,0,0,0,0,0,0,0,0,0,0,0,0,0,0,1,2],"type":"read_ok"}}
2023/10/28 16:35:31 Received {c5 n0 {"type":"broadcast","message":3,"msg_id":4}}
2023/10/28 16:35:31 Sent {"src":"n0","dest":"c5","body":{"in_reply_to":4,"message":3,"msg_id":4,"type":"broadcast"}}
2023/10/28 16:35:31 Received {c6 n0 {"type":"read","msg_id":1}}
2023/10/28 16:35:31 Sent {"src":"n0","dest":"c6","body":{"in_reply_to":1,"messages":[0,0,0,0,0,0,0,0,0,0,0,0,0,0,0,0,0,0,0,0,0,0,0,0,0,0,0,0,0,0,0,0,0,0,0,0,0,0,0,0,0,0,0,0,0,0,0,0,0,0,0,0,0,0,0,0,0,0,0,0,0,0,0,0,0,0,0,0,0,0,0,0,0,0,0,0,0,0,0,0,0,0,0,0,0,0,0,0,0,0,0,0,0,0,0,0,0,0,0,0,0,1,2,3],"type":"read_ok"}}
2023/10/28 16:35:31 Received {c6 n0 {"type":"read","msg_id":2}}
2023/10/28 16:35:31 Sent {"src":"n0","dest":"c6","body":{"in_reply_to":2,"messages":[0,0,0,0,0,0,0,0,0,0,0,0,0,0,0,0,0,0,0,0,0,0,0,0,0,0,0,0,0,0,0,0,0,0,0,0,0,0,0,0,0,0,0,0,0,0,0,0,0,0,0,0,0,0,0,0,0,0,0,0,0,0,0,0,0,0,0,0,0,0,0,0,0,0,0,0,0,0,0,0,0,0,0,0,0,0,0,0,0,0,0,0,0,0,0,0,0,0,0,0,0,1,2,3],"type":"read_ok"}}
2023/10/28 16:35:31 Received {c6 n0 {"type":"broadcast","message":4,"msg_id":3}}
2023/10/28 16:35:31 Sent {"src":"n0","dest":"c6","body":{"in_reply_to":3,"message":4,"msg_id":3,"type":"broadcast"}}
2023/10/28 16:35:31 Received {c7 n0 {"type":"read","msg_id":1}}
2023/10/28 16:35:31 Sent {"src":"n0","dest":"c7","body":{"in_reply_to":1,"messages":[0,0,0,0,0,0,0,0,0,0,0,0,0,0,0,0,0,0,0,0,0,0,0,0,0,0,0,0,0,0,0,0,0,0,0,0,0,0,0,0,0,0,0,0,0,0,0,0,0,0,0,0,0,0,0,0,0,0,0,0,0,0,0,0,0,0,0,0,0,0,0,0,0,0,0,0,0,0,0,0,0,0,0,0,0,0,0,0,0,0,0,0,0,0,0,0,0,0,0,0,0,1,2,3,4],"type":"read_ok"}}
2023/10/28 16:35:31 Received {c7 n0 {"type":"broadcast","message":5,"msg_id":2}}
2023/10/28 16:35:31 Sent {"src":"n0","dest":"c7","body":{"in_reply_to":2,"message":5,"msg_id":2,"type":"broadcast"}}
2023/10/28 16:35:31 Received {c8 n0 {"type":"read","msg_id":1}}
2023/10/28 16:35:31 Sent {"src":"n0","dest":"c8","body":{"in_reply_to":1,"messages":[0,0,0,0,0,0,0,0,0,0,0,0,0,0,0,0,0,0,0,0,0,0,0,0,0,0,0,0,0,0,0,0,0,0,0,0,0,0,0,0,0,0,0,0,0,0,0,0,0,0,0,0,0,0,0,0,0,0,0,0,0,0,0,0,0,0,0,0,0,0,0,0,0,0,0,0,0,0,0,0,0,0,0,0,0,0,0,0,0,0,0,0,0,0,0,0,0,0,0,0,0,1,2,3,4,5],"type":"read_ok"}}
2023/10/28 16:35:31 Received {c8 n0 {"type":"read","msg_id":2}}
2023/10/28 16:35:31 Sent {"src":"n0","dest":"c8","body":{"in_reply_to":2,"messages":[0,0,0,0,0,0,0,0,0,0,0,0,0,0,0,0,0,0,0,0,0,0,0,0,0,0,0,0,0,0,0,0,0,0,0,0,0,0,0,0,0,0,0,0,0,0,0,0,0,0,0,0,0,0,0,0,0,0,0,0,0,0,0,0,0,0,0,0,0,0,0,0,0,0,0,0,0,0,0,0,0,0,0,0,0,0,0,0,0,0,0,0,0,0,0,0,0,0,0,0,0,1,2,3,4,5],"type":"read_ok"}}
2023/10/28 16:35:31 Received {c8 n0 {"type":"read","msg_id":3}}
2023/10/28 16:35:31 Sent {"src":"n0","dest":"c8","body":{"in_reply_to":3,"messages":[0,0,0,0,0,0,0,0,0,0,0,0,0,0,0,0,0,0,0,0,0,0,0,0,0,0,0,0,0,0,0,0,0,0,0,0,0,0,0,0,0,0,0,0,0,0,0,0,0,0,0,0,0,0,0,0,0,0,0,0,0,0,0,0,0,0,0,0,0,0,0,0,0,0,0,0,0,0,0,0,0,0,0,0,0,0,0,0,0,0,0,0,0,0,0,0,0,0,0,0,0,1,2,3,4,5],"type":"read_ok"}}
2023/10/28 16:35:31 Received {c8 n0 {"type":"read","msg_id":4}}
2023/10/28 16:35:31 Sent {"src":"n0","dest":"c8","body":{"in_reply_to":4,"messages":[0,0,0,0,0,0,0,0,0,0,0,0,0,0,0,0,0,0,0,0,0,0,0,0,0,0,0,0,0,0,0,0,0,0,0,0,0,0,0,0,0,0,0,0,0,0,0,0,0,0,0,0,0,0,0,0,0,0,0,0,0,0,0,0,0,0,0,0,0,0,0,0,0,0,0,0,0,0,0,0,0,0,0,0,0,0,0,0,0,0,0,0,0,0,0,0,0,0,0,0,0,1,2,3,4,5],"type":"read_ok"}}
2023/10/28 16:35:32 Received {c8 n0 {"type":"broadcast","message":6,"msg_id":5}}
2023/10/28 16:35:32 Sent {"src":"n0","dest":"c8","body":{"in_reply_to":5,"message":6,"msg_id":5,"type":"broadcast"}}
2023/10/28 16:35:32 Received {c9 n0 {"type":"read","msg_id":1}}
2023/10/28 16:35:32 Sent {"src":"n0","dest":"c9","body":{"in_reply_to":1,"messages":[0,0,0,0,0,0,0,0,0,0,0,0,0,0,0,0,0,0,0,0,0,0,0,0,0,0,0,0,0,0,0,0,0,0,0,0,0,0,0,0,0,0,0,0,0,0,0,0,0,0,0,0,0,0,0,0,0,0,0,0,0,0,0,0,0,0,0,0,0,0,0,0,0,0,0,0,0,0,0,0,0,0,0,0,0,0,0,0,0,0,0,0,0,0,0,0,0,0,0,0,0,1,2,3,4,5,6],"type":"read_ok"}}
2023/10/28 16:35:32 Received {c9 n0 {"type":"broadcast","message":7,"msg_id":2}}
2023/10/28 16:35:32 Sent {"src":"n0","dest":"c9","body":{"in_reply_to":2,"message":7,"msg_id":2,"type":"broadcast"}}
2023/10/28 16:35:32 Received {c10 n0 {"type":"read","msg_id":1}}
2023/10/28 16:35:32 Sent {"src":"n0","dest":"c10","body":{"in_reply_to":1,"messages":[0,0,0,0,0,0,0,0,0,0,0,0,0,0,0,0,0,0,0,0,0,0,0,0,0,0,0,0,0,0,0,0,0,0,0,0,0,0,0,0,0,0,0,0,0,0,0,0,0,0,0,0,0,0,0,0,0,0,0,0,0,0,0,0,0,0,0,0,0,0,0,0,0,0,0,0,0,0,0,0,0,0,0,0,0,0,0,0,0,0,0,0,0,0,0,0,0,0,0,0,0,1,2,3,4,5,6,7],"type":"read_ok"}}
2023/10/28 16:35:32 Received {c10 n0 {"type":"read","msg_id":2}}
2023/10/28 16:35:32 Sent {"src":"n0","dest":"c10","body":{"in_reply_to":2,"messages":[0,0,0,0,0,0,0,0,0,0,0,0,0,0,0,0,0,0,0,0,0,0,0,0,0,0,0,0,0,0,0,0,0,0,0,0,0,0,0,0,0,0,0,0,0,0,0,0,0,0,0,0,0,0,0,0,0,0,0,0,0,0,0,0,0,0,0,0,0,0,0,0,0,0,0,0,0,0,0,0,0,0,0,0,0,0,0,0,0,0,0,0,0,0,0,0,0,0,0,0,0,1,2,3,4,5,6,7],"type":"read_ok"}}
2023/10/28 16:35:32 Received {c10 n0 {"type":"broadcast","message":8,"msg_id":3}}
2023/10/28 16:35:32 Sent {"src":"n0","dest":"c10","body":{"in_reply_to":3,"message":8,"msg_id":3,"type":"broadcast"}}
2023/10/28 16:35:32 Received {c11 n0 {"type":"read","msg_id":1}}
2023/10/28 16:35:32 Sent {"src":"n0","dest":"c11","body":{"in_reply_to":1,"messages":[0,0,0,0,0,0,0,0,0,0,0,0,0,0,0,0,0,0,0,0,0,0,0,0,0,0,0,0,0,0,0,0,0,0,0,0,0,0,0,0,0,0,0,0,0,0,0,0,0,0,0,0,0,0,0,0,0,0,0,0,0,0,0,0,0,0,0,0,0,0,0,0,0,0,0,0,0,0,0,0,0,0,0,0,0,0,0,0,0,0,0,0,0,0,0,0,0,0,0,0,0,1,2,3,4,5,6,7,8],"type":"read_ok"}}
2023/10/28 16:35:33 Received {c11 n0 {"type":"read","msg_id":2}}
2023/10/28 16:35:33 Sent {"src":"n0","dest":"c11","body":{"in_reply_to":2,"messages":[0,0,0,0,0,0,0,0,0,0,0,0,0,0,0,0,0,0,0,0,0,0,0,0,0,0,0,0,0,0,0,0,0,0,0,0,0,0,0,0,0,0,0,0,0,0,0,0,0,0,0,0,0,0,0,0,0,0,0,0,0,0,0,0,0,0,0,0,0,0,0,0,0,0,0,0,0,0,0,0,0,0,0,0,0,0,0,0,0,0,0,0,0,0,0,0,0,0,0,0,0,1,2,3,4,5,6,7,8],"type":"read_ok"}}
2023/10/28 16:35:33 Received {c11 n0 {"type":"broadcast","message":9,"msg_id":3}}
2023/10/28 16:35:33 Sent {"src":"n0","dest":"c11","body":{"in_reply_to":3,"message":9,"msg_id":3,"type":"broadcast"}}
2023/10/28 16:35:33 Received {c12 n0 {"type":"read","msg_id":1}}
2023/10/28 16:35:33 Sent {"src":"n0","dest":"c12","body":{"in_reply_to":1,"messages":[0,0,0,0,0,0,0,0,0,0,0,0,0,0,0,0,0,0,0,0,0,0,0,0,0,0,0,0,0,0,0,0,0,0,0,0,0,0,0,0,0,0,0,0,0,0,0,0,0,0,0,0,0,0,0,0,0,0,0,0,0,0,0,0,0,0,0,0,0,0,0,0,0,0,0,0,0,0,0,0,0,0,0,0,0,0,0,0,0,0,0,0,0,0,0,0,0,0,0,0,0,1,2,3,4,5,6,7,8,9],"type":"read_ok"}}
2023/10/28 16:35:33 Received {c12 n0 {"type":"read","msg_id":2}}
2023/10/28 16:35:33 Sent {"src":"n0","dest":"c12","body":{"in_reply_to":2,"messages":[0,0,0,0,0,0,0,0,0,0,0,0,0,0,0,0,0,0,0,0,0,0,0,0,0,0,0,0,0,0,0,0,0,0,0,0,0,0,0,0,0,0,0,0,0,0,0,0,0,0,0,0,0,0,0,0,0,0,0,0,0,0,0,0,0,0,0,0,0,0,0,0,0,0,0,0,0,0,0,0,0,0,0,0,0,0,0,0,0,0,0,0,0,0,0,0,0,0,0,0,0,1,2,3,4,5,6,7,8,9],"type":"read_ok"}}
2023/10/28 16:35:33 Received {c12 n0 {"type":"broadcast","message":10,"msg_id":3}}
2023/10/28 16:35:33 Sent {"src":"n0","dest":"c12","body":{"in_reply_to":3,"message":10,"msg_id":3,"type":"broadcast"}}
2023/10/28 16:35:33 Received {c13 n0 {"type":"broadcast","message":11,"msg_id":1}}
2023/10/28 16:35:33 Sent {"src":"n0","dest":"c13","body":{"in_reply_to":1,"message":11,"msg_id":1,"type":"broadcast"}}
2023/10/28 16:35:33 Received {c14 n0 {"type":"broadcast","message":12,"msg_id":1}}
2023/10/28 16:35:33 Sent {"src":"n0","dest":"c14","body":{"in_reply_to":1,"message":12,"msg_id":1,"type":"broadcast"}}
2023/10/28 16:35:34 Received {c15 n0 {"type":"read","msg_id":1}}
2023/10/28 16:35:34 Sent {"src":"n0","dest":"c15","body":{"in_reply_to":1,"messages":[0,0,0,0,0,0,0,0,0,0,0,0,0,0,0,0,0,0,0,0,0,0,0,0,0,0,0,0,0,0,0,0,0,0,0,0,0,0,0,0,0,0,0,0,0,0,0,0,0,0,0,0,0,0,0,0,0,0,0,0,0,0,0,0,0,0,0,0,0,0,0,0,0,0,0,0,0,0,0,0,0,0,0,0,0,0,0,0,0,0,0,0,0,0,0,0,0,0,0,0,0,1,2,3,4,5,6,7,8,9,10,11,12],"type":"read_ok"}}
2023/10/28 16:35:34 Received {c15 n0 {"type":"read","msg_id":2}}
2023/10/28 16:35:34 Sent {"src":"n0","dest":"c15","body":{"in_reply_to":2,"messages":[0,0,0,0,0,0,0,0,0,0,0,0,0,0,0,0,0,0,0,0,0,0,0,0,0,0,0,0,0,0,0,0,0,0,0,0,0,0,0,0,0,0,0,0,0,0,0,0,0,0,0,0,0,0,0,0,0,0,0,0,0,0,0,0,0,0,0,0,0,0,0,0,0,0,0,0,0,0,0,0,0,0,0,0,0,0,0,0,0,0,0,0,0,0,0,0,0,0,0,0,0,1,2,3,4,5,6,7,8,9,10,11,12],"type":"read_ok"}}
2023/10/28 16:35:34 Received {c15 n0 {"type":"broadcast","message":13,"msg_id":3}}
2023/10/28 16:35:34 Sent {"src":"n0","dest":"c15","body":{"in_reply_to":3,"message":13,"msg_id":3,"type":"broadcast"}}
2023/10/28 16:35:34 Received {c16 n0 {"type":"broadcast","message":14,"msg_id":1}}
2023/10/28 16:35:34 Sent {"src":"n0","dest":"c16","body":{"in_reply_to":1,"message":14,"msg_id":1,"type":"broadcast"}}
2023/10/28 16:35:34 Received {c17 n0 {"type":"broadcast","message":15,"msg_id":1}}
2023/10/28 16:35:34 Sent {"src":"n0","dest":"c17","body":{"in_reply_to":1,"message":15,"msg_id":1,"type":"broadcast"}}
2023/10/28 16:35:34 Received {c18 n0 {"type":"read","msg_id":1}}
2023/10/28 16:35:34 Sent {"src":"n0","dest":"c18","body":{"in_reply_to":1,"messages":[0,0,0,0,0,0,0,0,0,0,0,0,0,0,0,0,0,0,0,0,0,0,0,0,0,0,0,0,0,0,0,0,0,0,0,0,0,0,0,0,0,0,0,0,0,0,0,0,0,0,0,0,0,0,0,0,0,0,0,0,0,0,0,0,0,0,0,0,0,0,0,0,0,0,0,0,0,0,0,0,0,0,0,0,0,0,0,0,0,0,0,0,0,0,0,0,0,0,0,0,0,1,2,3,4,5,6,7,8,9,10,11,12,13,14,15],"type":"read_ok"}}
2023/10/28 16:35:34 Received {c18 n0 {"type":"broadcast","message":16,"msg_id":2}}
2023/10/28 16:35:34 Sent {"src":"n0","dest":"c18","body":{"in_reply_to":2,"message":16,"msg_id":2,"type":"broadcast"}}
2023/10/28 16:35:34 Received {c19 n0 {"type":"broadcast","message":17,"msg_id":1}}
2023/10/28 16:35:34 Sent {"src":"n0","dest":"c19","body":{"in_reply_to":1,"message":17,"msg_id":1,"type":"broadcast"}}
2023/10/28 16:35:34 Received {c20 n0 {"type":"broadcast","message":18,"msg_id":1}}
2023/10/28 16:35:34 Sent {"src":"n0","dest":"c20","body":{"in_reply_to":1,"message":18,"msg_id":1,"type":"broadcast"}}
2023/10/28 16:35:34 Received {c21 n0 {"type":"read","msg_id":1}}
2023/10/28 16:35:34 Sent {"src":"n0","dest":"c21","body":{"in_reply_to":1,"messages":[0,0,0,0,0,0,0,0,0,0,0,0,0,0,0,0,0,0,0,0,0,0,0,0,0,0,0,0,0,0,0,0,0,0,0,0,0,0,0,0,0,0,0,0,0,0,0,0,0,0,0,0,0,0,0,0,0,0,0,0,0,0,0,0,0,0,0,0,0,0,0,0,0,0,0,0,0,0,0,0,0,0,0,0,0,0,0,0,0,0,0,0,0,0,0,0,0,0,0,0,0,1,2,3,4,5,6,7,8,9,10,11,12,13,14,15,16,17,18],"type":"read_ok"}}
2023/10/28 16:35:34 Received {c21 n0 {"type":"broadcast","message":19,"msg_id":2}}
2023/10/28 16:35:34 Sent {"src":"n0","dest":"c21","body":{"in_reply_to":2,"message":19,"msg_id":2,"type":"broadcast"}}
2023/10/28 16:35:34 Received {c22 n0 {"type":"read","msg_id":1}}
2023/10/28 16:35:34 Sent {"src":"n0","dest":"c22","body":{"in_reply_to":1,"messages":[0,0,0,0,0,0,0,0,0,0,0,0,0,0,0,0,0,0,0,0,0,0,0,0,0,0,0,0,0,0,0,0,0,0,0,0,0,0,0,0,0,0,0,0,0,0,0,0,0,0,0,0,0,0,0,0,0,0,0,0,0,0,0,0,0,0,0,0,0,0,0,0,0,0,0,0,0,0,0,0,0,0,0,0,0,0,0,0,0,0,0,0,0,0,0,0,0,0,0,0,0,1,2,3,4,5,6,7,8,9,10,11,12,13,14,15,16,17,18,19],"type":"read_ok"}}
2023/10/28 16:35:34 Received {c22 n0 {"type":"broadcast","message":20,"msg_id":2}}
2023/10/28 16:35:34 Sent {"src":"n0","dest":"c22","body":{"in_reply_to":2,"message":20,"msg_id":2,"type":"broadcast"}}
2023/10/28 16:35:35 Received {c23 n0 {"type":"read","msg_id":1}}
2023/10/28 16:35:35 Sent {"src":"n0","dest":"c23","body":{"in_reply_to":1,"messages":[0,0,0,0,0,0,0,0,0,0,0,0,0,0,0,0,0,0,0,0,0,0,0,0,0,0,0,0,0,0,0,0,0,0,0,0,0,0,0,0,0,0,0,0,0,0,0,0,0,0,0,0,0,0,0,0,0,0,0,0,0,0,0,0,0,0,0,0,0,0,0,0,0,0,0,0,0,0,0,0,0,0,0,0,0,0,0,0,0,0,0,0,0,0,0,0,0,0,0,0,0,1,2,3,4,5,6,7,8,9,10,11,12,13,14,15,16,17,18,19,20],"type":"read_ok"}}
2023/10/28 16:35:35 Received {c23 n0 {"type":"broadcast","message":21,"msg_id":2}}
2023/10/28 16:35:35 Sent {"src":"n0","dest":"c23","body":{"in_reply_to":2,"message":21,"msg_id":2,"type":"broadcast"}}
2023/10/28 16:35:35 Received {c24 n0 {"type":"broadcast","message":22,"msg_id":1}}
2023/10/28 16:35:35 Sent {"src":"n0","dest":"c24","body":{"in_reply_to":1,"message":22,"msg_id":1,"type":"broadcast"}}
2023/10/28 16:35:35 Received {c25 n0 {"type":"read","msg_id":1}}
2023/10/28 16:35:35 Sent {"src":"n0","dest":"c25","body":{"in_reply_to":1,"messages":[0,0,0,0,0,0,0,0,0,0,0,0,0,0,0,0,0,0,0,0,0,0,0,0,0,0,0,0,0,0,0,0,0,0,0,0,0,0,0,0,0,0,0,0,0,0,0,0,0,0,0,0,0,0,0,0,0,0,0,0,0,0,0,0,0,0,0,0,0,0,0,0,0,0,0,0,0,0,0,0,0,0,0,0,0,0,0,0,0,0,0,0,0,0,0,0,0,0,0,0,0,1,2,3,4,5,6,7,8,9,10,11,12,13,14,15,16,17,18,19,20,21,22],"type":"read_ok"}}
2023/10/28 16:35:35 Received {c25 n0 {"type":"broadcast","message":23,"msg_id":2}}
2023/10/28 16:35:35 Sent {"src":"n0","dest":"c25","body":{"in_reply_to":2,"message":23,"msg_id":2,"type":"broadcast"}}
2023/10/28 16:35:35 Received {c26 n0 {"type":"broadcast","message":24,"msg_id":1}}
2023/10/28 16:35:35 Sent {"src":"n0","dest":"c26","body":{"in_reply_to":1,"message":24,"msg_id":1,"type":"broadcast"}}
2023/10/28 16:35:35 Received {c27 n0 {"type":"read","msg_id":1}}
2023/10/28 16:35:35 Sent {"src":"n0","dest":"c27","body":{"in_reply_to":1,"messages":[0,0,0,0,0,0,0,0,0,0,0,0,0,0,0,0,0,0,0,0,0,0,0,0,0,0,0,0,0,0,0,0,0,0,0,0,0,0,0,0,0,0,0,0,0,0,0,0,0,0,0,0,0,0,0,0,0,0,0,0,0,0,0,0,0,0,0,0,0,0,0,0,0,0,0,0,0,0,0,0,0,0,0,0,0,0,0,0,0,0,0,0,0,0,0,0,0,0,0,0,0,1,2,3,4,5,6,7,8,9,10,11,12,13,14,15,16,17,18,19,20,21,22,23,24],"type":"read_ok"}}
2023/10/28 16:35:35 Received {c27 n0 {"type":"read","msg_id":2}}
2023/10/28 16:35:35 Sent {"src":"n0","dest":"c27","body":{"in_reply_to":2,"messages":[0,0,0,0,0,0,0,0,0,0,0,0,0,0,0,0,0,0,0,0,0,0,0,0,0,0,0,0,0,0,0,0,0,0,0,0,0,0,0,0,0,0,0,0,0,0,0,0,0,0,0,0,0,0,0,0,0,0,0,0,0,0,0,0,0,0,0,0,0,0,0,0,0,0,0,0,0,0,0,0,0,0,0,0,0,0,0,0,0,0,0,0,0,0,0,0,0,0,0,0,0,1,2,3,4,5,6,7,8,9,10,11,12,13,14,15,16,17,18,19,20,21,22,23,24],"type":"read_ok"}}
2023/10/28 16:35:35 Received {c27 n0 {"type":"broadcast","message":25,"msg_id":3}}
2023/10/28 16:35:35 Sent {"src":"n0","dest":"c27","body":{"in_reply_to":3,"message":25,"msg_id":3,"type":"broadcast"}}
2023/10/28 16:35:35 Received {c28 n0 {"type":"read","msg_id":1}}
2023/10/28 16:35:35 Sent {"src":"n0","dest":"c28","body":{"in_reply_to":1,"messages":[0,0,0,0,0,0,0,0,0,0,0,0,0,0,0,0,0,0,0,0,0,0,0,0,0,0,0,0,0,0,0,0,0,0,0,0,0,0,0,0,0,0,0,0,0,0,0,0,0,0,0,0,0,0,0,0,0,0,0,0,0,0,0,0,0,0,0,0,0,0,0,0,0,0,0,0,0,0,0,0,0,0,0,0,0,0,0,0,0,0,0,0,0,0,0,0,0,0,0,0,0,1,2,3,4,5,6,7,8,9,10,11,12,13,14,15,16,17,18,19,20,21,22,23,24,25],"type":"read_ok"}}
2023/10/28 16:35:36 Received {c28 n0 {"type":"broadcast","message":26,"msg_id":2}}
2023/10/28 16:35:36 Sent {"src":"n0","dest":"c28","body":{"in_reply_to":2,"message":26,"msg_id":2,"type":"broadcast"}}
2023/10/28 16:35:36 Received {c29 n0 {"type":"broadcast","message":27,"msg_id":1}}
2023/10/28 16:35:36 Sent {"src":"n0","dest":"c29","body":{"in_reply_to":1,"message":27,"msg_id":1,"type":"broadcast"}}
2023/10/28 16:35:36 Received {c30 n0 {"type":"read","msg_id":1}}
2023/10/28 16:35:36 Sent {"src":"n0","dest":"c30","body":{"in_reply_to":1,"messages":[0,0,0,0,0,0,0,0,0,0,0,0,0,0,0,0,0,0,0,0,0,0,0,0,0,0,0,0,0,0,0,0,0,0,0,0,0,0,0,0,0,0,0,0,0,0,0,0,0,0,0,0,0,0,0,0,0,0,0,0,0,0,0,0,0,0,0,0,0,0,0,0,0,0,0,0,0,0,0,0,0,0,0,0,0,0,0,0,0,0,0,0,0,0,0,0,0,0,0,0,0,1,2,3,4,5,6,7,8,9,10,11,12,13,14,15,16,17,18,19,20,21,22,23,24,25,26,27],"type":"read_ok"}}
2023/10/28 16:35:36 Received {c30 n0 {"type":"broadcast","message":28,"msg_id":2}}
2023/10/28 16:35:36 Sent {"src":"n0","dest":"c30","body":{"in_reply_to":2,"message":28,"msg_id":2,"type":"broadcast"}}
2023/10/28 16:35:36 Received {c31 n0 {"type":"read","msg_id":1}}
2023/10/28 16:35:36 Sent {"src":"n0","dest":"c31","body":{"in_reply_to":1,"messages":[0,0,0,0,0,0,0,0,0,0,0,0,0,0,0,0,0,0,0,0,0,0,0,0,0,0,0,0,0,0,0,0,0,0,0,0,0,0,0,0,0,0,0,0,0,0,0,0,0,0,0,0,0,0,0,0,0,0,0,0,0,0,0,0,0,0,0,0,0,0,0,0,0,0,0,0,0,0,0,0,0,0,0,0,0,0,0,0,0,0,0,0,0,0,0,0,0,0,0,0,0,1,2,3,4,5,6,7,8,9,10,11,12,13,14,15,16,17,18,19,20,21,22,23,24,25,26,27,28],"type":"read_ok"}}
2023/10/28 16:35:36 Received {c31 n0 {"type":"read","msg_id":2}}
2023/10/28 16:35:36 Sent {"src":"n0","dest":"c31","body":{"in_reply_to":2,"messages":[0,0,0,0,0,0,0,0,0,0,0,0,0,0,0,0,0,0,0,0,0,0,0,0,0,0,0,0,0,0,0,0,0,0,0,0,0,0,0,0,0,0,0,0,0,0,0,0,0,0,0,0,0,0,0,0,0,0,0,0,0,0,0,0,0,0,0,0,0,0,0,0,0,0,0,0,0,0,0,0,0,0,0,0,0,0,0,0,0,0,0,0,0,0,0,0,0,0,0,0,0,1,2,3,4,5,6,7,8,9,10,11,12,13,14,15,16,17,18,19,20,21,22,23,24,25,26,27,28],"type":"read_ok"}}
2023/10/28 16:35:36 Received {c31 n0 {"type":"broadcast","message":29,"msg_id":3}}
2023/10/28 16:35:36 Sent {"src":"n0","dest":"c31","body":{"in_reply_to":3,"message":29,"msg_id":3,"type":"broadcast"}}
2023/10/28 16:35:36 Received {c32 n0 {"type":"read","msg_id":1}}
2023/10/28 16:35:36 Sent {"src":"n0","dest":"c32","body":{"in_reply_to":1,"messages":[0,0,0,0,0,0,0,0,0,0,0,0,0,0,0,0,0,0,0,0,0,0,0,0,0,0,0,0,0,0,0,0,0,0,0,0,0,0,0,0,0,0,0,0,0,0,0,0,0,0,0,0,0,0,0,0,0,0,0,0,0,0,0,0,0,0,0,0,0,0,0,0,0,0,0,0,0,0,0,0,0,0,0,0,0,0,0,0,0,0,0,0,0,0,0,0,0,0,0,0,0,1,2,3,4,5,6,7,8,9,10,11,12,13,14,15,16,17,18,19,20,21,22,23,24,25,26,27,28,29],"type":"read_ok"}}
2023/10/28 16:35:36 Received {c32 n0 {"type":"read","msg_id":2}}
2023/10/28 16:35:36 Sent {"src":"n0","dest":"c32","body":{"in_reply_to":2,"messages":[0,0,0,0,0,0,0,0,0,0,0,0,0,0,0,0,0,0,0,0,0,0,0,0,0,0,0,0,0,0,0,0,0,0,0,0,0,0,0,0,0,0,0,0,0,0,0,0,0,0,0,0,0,0,0,0,0,0,0,0,0,0,0,0,0,0,0,0,0,0,0,0,0,0,0,0,0,0,0,0,0,0,0,0,0,0,0,0,0,0,0,0,0,0,0,0,0,0,0,0,0,1,2,3,4,5,6,7,8,9,10,11,12,13,14,15,16,17,18,19,20,21,22,23,24,25,26,27,28,29],"type":"read_ok"}}
2023/10/28 16:35:36 Received {c32 n0 {"type":"broadcast","message":30,"msg_id":3}}
2023/10/28 16:35:36 Sent {"src":"n0","dest":"c32","body":{"in_reply_to":3,"message":30,"msg_id":3,"type":"broadcast"}}
2023/10/28 16:35:37 Received {c33 n0 {"type":"broadcast","message":31,"msg_id":1}}
2023/10/28 16:35:37 Sent {"src":"n0","dest":"c33","body":{"in_reply_to":1,"message":31,"msg_id":1,"type":"broadcast"}}
2023/10/28 16:35:37 Received {c34 n0 {"type":"broadcast","message":32,"msg_id":1}}
2023/10/28 16:35:37 Sent {"src":"n0","dest":"c34","body":{"in_reply_to":1,"message":32,"msg_id":1,"type":"broadcast"}}
2023/10/28 16:35:37 Received {c35 n0 {"type":"read","msg_id":1}}
2023/10/28 16:35:37 Sent {"src":"n0","dest":"c35","body":{"in_reply_to":1,"messages":[0,0,0,0,0,0,0,0,0,0,0,0,0,0,0,0,0,0,0,0,0,0,0,0,0,0,0,0,0,0,0,0,0,0,0,0,0,0,0,0,0,0,0,0,0,0,0,0,0,0,0,0,0,0,0,0,0,0,0,0,0,0,0,0,0,0,0,0,0,0,0,0,0,0,0,0,0,0,0,0,0,0,0,0,0,0,0,0,0,0,0,0,0,0,0,0,0,0,0,0,0,1,2,3,4,5,6,7,8,9,10,11,12,13,14,15,16,17,18,19,20,21,22,23,24,25,26,27,28,29,30,31,32],"type":"read_ok"}}
2023/10/28 16:35:37 Received {c35 n0 {"type":"broadcast","message":33,"msg_id":2}}
2023/10/28 16:35:37 Sent {"src":"n0","dest":"c35","body":{"in_reply_to":2,"message":33,"msg_id":2,"type":"broadcast"}}
2023/10/28 16:35:37 Received {c36 n0 {"type":"broadcast","message":34,"msg_id":1}}
2023/10/28 16:35:37 Sent {"src":"n0","dest":"c36","body":{"in_reply_to":1,"message":34,"msg_id":1,"type":"broadcast"}}
2023/10/28 16:35:37 Received {c37 n0 {"type":"read","msg_id":1}}
2023/10/28 16:35:37 Sent {"src":"n0","dest":"c37","body":{"in_reply_to":1,"messages":[0,0,0,0,0,0,0,0,0,0,0,0,0,0,0,0,0,0,0,0,0,0,0,0,0,0,0,0,0,0,0,0,0,0,0,0,0,0,0,0,0,0,0,0,0,0,0,0,0,0,0,0,0,0,0,0,0,0,0,0,0,0,0,0,0,0,0,0,0,0,0,0,0,0,0,0,0,0,0,0,0,0,0,0,0,0,0,0,0,0,0,0,0,0,0,0,0,0,0,0,0,1,2,3,4,5,6,7,8,9,10,11,12,13,14,15,16,17,18,19,20,21,22,23,24,25,26,27,28,29,30,31,32,33,34],"type":"read_ok"}}
2023/10/28 16:35:37 Received {c37 n0 {"type":"broadcast","message":35,"msg_id":2}}
2023/10/28 16:35:37 Sent {"src":"n0","dest":"c37","body":{"in_reply_to":2,"message":35,"msg_id":2,"type":"broadcast"}}
2023/10/28 16:35:37 Received {c38 n0 {"type":"read","msg_id":1}}
2023/10/28 16:35:38 Sent {"src":"n0","dest":"c38","body":{"in_reply_to":1,"messages":[0,0,0,0,0,0,0,0,0,0,0,0,0,0,0,0,0,0,0,0,0,0,0,0,0,0,0,0,0,0,0,0,0,0,0,0,0,0,0,0,0,0,0,0,0,0,0,0,0,0,0,0,0,0,0,0,0,0,0,0,0,0,0,0,0,0,0,0,0,0,0,0,0,0,0,0,0,0,0,0,0,0,0,0,0,0,0,0,0,0,0,0,0,0,0,0,0,0,0,0,0,1,2,3,4,5,6,7,8,9,10,11,12,13,14,15,16,17,18,19,20,21,22,23,24,25,26,27,28,29,30,31,32,33,34,35],"type":"read_ok"}}
2023/10/28 16:35:38 Received {c38 n0 {"type":"read","msg_id":2}}
2023/10/28 16:35:38 Sent {"src":"n0","dest":"c38","body":{"in_reply_to":2,"messages":[0,0,0,0,0,0,0,0,0,0,0,0,0,0,0,0,0,0,0,0,0,0,0,0,0,0,0,0,0,0,0,0,0,0,0,0,0,0,0,0,0,0,0,0,0,0,0,0,0,0,0,0,0,0,0,0,0,0,0,0,0,0,0,0,0,0,0,0,0,0,0,0,0,0,0,0,0,0,0,0,0,0,0,0,0,0,0,0,0,0,0,0,0,0,0,0,0,0,0,0,0,1,2,3,4,5,6,7,8,9,10,11,12,13,14,15,16,17,18,19,20,21,22,23,24,25,26,27,28,29,30,31,32,33,34,35],"type":"read_ok"}}
2023/10/28 16:35:38 Received {c38 n0 {"type":"read","msg_id":3}}
2023/10/28 16:35:38 Sent {"src":"n0","dest":"c38","body":{"in_reply_to":3,"messages":[0,0,0,0,0,0,0,0,0,0,0,0,0,0,0,0,0,0,0,0,0,0,0,0,0,0,0,0,0,0,0,0,0,0,0,0,0,0,0,0,0,0,0,0,0,0,0,0,0,0,0,0,0,0,0,0,0,0,0,0,0,0,0,0,0,0,0,0,0,0,0,0,0,0,0,0,0,0,0,0,0,0,0,0,0,0,0,0,0,0,0,0,0,0,0,0,0,0,0,0,0,1,2,3,4,5,6,7,8,9,10,11,12,13,14,15,16,17,18,19,20,21,22,23,24,25,26,27,28,29,30,31,32,33,34,35],"type":"read_ok"}}
2023/10/28 16:35:38 Received {c38 n0 {"type":"broadcast","message":36,"msg_id":4}}
2023/10/28 16:35:38 Sent {"src":"n0","dest":"c38","body":{"in_reply_to":4,"message":36,"msg_id":4,"type":"broadcast"}}
2023/10/28 16:35:38 Received {c39 n0 {"type":"read","msg_id":1}}
2023/10/28 16:35:38 Sent {"src":"n0","dest":"c39","body":{"in_reply_to":1,"messages":[0,0,0,0,0,0,0,0,0,0,0,0,0,0,0,0,0,0,0,0,0,0,0,0,0,0,0,0,0,0,0,0,0,0,0,0,0,0,0,0,0,0,0,0,0,0,0,0,0,0,0,0,0,0,0,0,0,0,0,0,0,0,0,0,0,0,0,0,0,0,0,0,0,0,0,0,0,0,0,0,0,0,0,0,0,0,0,0,0,0,0,0,0,0,0,0,0,0,0,0,0,1,2,3,4,5,6,7,8,9,10,11,12,13,14,15,16,17,18,19,20,21,22,23,24,25,26,27,28,29,30,31,32,33,34,35,36],"type":"read_ok"}}
2023/10/28 16:35:38 Received {c39 n0 {"type":"broadcast","message":37,"msg_id":2}}
2023/10/28 16:35:38 Sent {"src":"n0","dest":"c39","body":{"in_reply_to":2,"message":37,"msg_id":2,"type":"broadcast"}}
2023/10/28 16:35:38 Received {c40 n0 {"type":"read","msg_id":1}}
2023/10/28 16:35:38 Sent {"src":"n0","dest":"c40","body":{"in_reply_to":1,"messages":[0,0,0,0,0,0,0,0,0,0,0,0,0,0,0,0,0,0,0,0,0,0,0,0,0,0,0,0,0,0,0,0,0,0,0,0,0,0,0,0,0,0,0,0,0,0,0,0,0,0,0,0,0,0,0,0,0,0,0,0,0,0,0,0,0,0,0,0,0,0,0,0,0,0,0,0,0,0,0,0,0,0,0,0,0,0,0,0,0,0,0,0,0,0,0,0,0,0,0,0,0,1,2,3,4,5,6,7,8,9,10,11,12,13,14,15,16,17,18,19,20,21,22,23,24,25,26,27,28,29,30,31,32,33,34,35,36,37],"type":"read_ok"}}
2023/10/28 16:35:38 Received {c40 n0 {"type":"read","msg_id":2}}
2023/10/28 16:35:38 Sent {"src":"n0","dest":"c40","body":{"in_reply_to":2,"messages":[0,0,0,0,0,0,0,0,0,0,0,0,0,0,0,0,0,0,0,0,0,0,0,0,0,0,0,0,0,0,0,0,0,0,0,0,0,0,0,0,0,0,0,0,0,0,0,0,0,0,0,0,0,0,0,0,0,0,0,0,0,0,0,0,0,0,0,0,0,0,0,0,0,0,0,0,0,0,0,0,0,0,0,0,0,0,0,0,0,0,0,0,0,0,0,0,0,0,0,0,0,1,2,3,4,5,6,7,8,9,10,11,12,13,14,15,16,17,18,19,20,21,22,23,24,25,26,27,28,29,30,31,32,33,34,35,36,37],"type":"read_ok"}}
