2023/11/18 14:50:49 Received {c1 n1 {"type":"init","node_id":"n1","node_ids":["n0","n1","n2"],"msg_id":1}}
2023/11/18 14:50:49 Node n1 initialized
2023/11/18 14:50:49 Sent {"src":"n1","dest":"c1","body":{"in_reply_to":1,"type":"init_ok"}}
2023/11/18 14:50:49 Received {c8 n1 {"type":"read","msg_id":1}}
2023/11/18 14:50:49 Sent {"src":"n1","dest":"seq-kv","body":{"key":"counter","msg_id":1,"type":"read"}}
2023/11/18 14:50:49 Received {seq-kv n1 {"type":"read_ok","value":0,"in_reply_to":1}}
2023/11/18 14:50:49 Sent {"src":"n1","dest":"c8","body":{"in_reply_to":1,"type":"read_ok","value":0}}
2023/11/18 14:50:49 Received {c8 n1 {"delta":3,"type":"add","msg_id":2}}
2023/11/18 14:50:49 Sent {"src":"n1","dest":"seq-kv","body":{"key":"counter","msg_id":2,"type":"read"}}
2023/11/18 14:50:49 Received {seq-kv n1 {"type":"read_ok","value":0,"in_reply_to":2}}
panic: interface conversion: interface {} is float64, not int

goroutine 21 [running]:
main.main.func4({{0x1400009e3b0, 0x2}, {0x1400009e3b2, 0x2}, {0x140000ba060, 0x23, 0x30}})
	/Users/googrand/projects/golang/dist_systems/counter/main.go:79 +0x290
github.com/jepsen-io/maelstrom/demo/go.(*Node).handleMessage(0x0?, 0x0?, {{0x1400009e3b0, 0x2}, {0x1400009e3b2, 0x2}, {0x140000ba060, 0x23, 0x30}})
	/Users/googrand/go/pkg/mod/github.com/jepsen-io/maelstrom/demo/go@v0.0.0-20230918143807-815e8c3bd0a7/node.go:151 +0x70
github.com/jepsen-io/maelstrom/demo/go.(*Node).Run.func2()
	/Users/googrand/go/pkg/mod/github.com/jepsen-io/maelstrom/demo/go@v0.0.0-20230918143807-815e8c3bd0a7/node.go:129 +0x78
created by github.com/jepsen-io/maelstrom/demo/go.(*Node).Run in goroutine 1
	/Users/googrand/go/pkg/mod/github.com/jepsen-io/maelstrom/demo/go@v0.0.0-20230918143807-815e8c3bd0a7/node.go:127 +0x468
