2023-10-28 16:35:28,968{GMT}	INFO	[jepsen test runner] jepsen.core: Command line:
lein run test -w broadcast --bin /Users/googrand/go/bin/maelstrom-broadcast --node-count 1 --time-limit 20 --rate 10
2023-10-28 16:35:29,006{GMT}	INFO	[jepsen test runner] jepsen.core: Running test:
{:args []
 :remote
 #jepsen.control.retry.Remote{:remote #jepsen.control.scp.Remote{:cmd-remote #jepsen.control.sshj.SSHJRemote{:concurrency-limit 6,
                                                                                                             :conn-spec nil,
                                                                                                             :client nil,
                                                                                                             :semaphore nil},
                                                                 :conn-spec nil},
                              :conn nil}
 :log-net-send false
 :node-count 1
 :availability nil
 :max-txn-length 4
 :concurrency 1
 :db
 #object[maelstrom.db$db$reify__16142
         "0x2a71d430"
         "maelstrom.db$db$reify__16142@2a71d430"]
 :max-writes-per-key 16
 :leave-db-running? false
 :name "broadcast"
 :logging-json? false
 :start-time
 #object[org.joda.time.DateTime "0x14021c10" "2023-10-28T16:35:28.951+06:00"]
 :nemesis-interval 10
 :net
 #object[maelstrom.net$jepsen_net$reify__15251
         "0x7dd4f726"
         "maelstrom.net$jepsen_net$reify__15251@7dd4f726"]
 :client
 #object[maelstrom.workload.broadcast$client$reify__16644
         "0xbf6de66"
         "maelstrom.workload.broadcast$client$reify__16644@bf6de66"]
 :barrier
 #object[java.util.concurrent.CyclicBarrier
         "0xff7042c"
         "java.util.concurrent.CyclicBarrier@ff7042c"]
 :log-stderr false
 :pure-generators true
 :ssh {:dummy? true}
 :rate 10.0
 :checker
 #object[jepsen.checker$compose$reify__11881
         "0xb917b5e"
         "jepsen.checker$compose$reify__11881@b917b5e"]
 :argv
 ("test"
  "-w"
  "broadcast"
  "--bin"
  "/Users/googrand/go/bin/maelstrom-broadcast"
  "--node-count"
  "1"
  "--time-limit"
  "20"
  "--rate"
  "10")
 :nemesis
 (jepsen.nemesis.ReflCompose
  {:fm {:start-partition 0,
        :stop-partition 0,
        :kill 1,
        :start 1,
        :pause 1,
        :resume 1},
   :nemeses [#unprintable "jepsen.nemesis.combined$partition_nemesis$reify__16416@5126c0cd"
             #unprintable "jepsen.nemesis.combined$db_nemesis$reify__16397@6c1e2161"]})
 :nodes ["n0"]
 :test-count 1
 :latency {:mean 0, :dist :constant}
 :bin "/Users/googrand/go/bin/maelstrom-broadcast"
 :generator
 ((jepsen.generator.Synchronize
   {:gen (jepsen.generator.TimeLimit
          {:limit 20000000000,
           :cutoff nil,
           :gen (jepsen.generator.Any
                 {:gens [(jepsen.generator.OnThreads
                          {:f #{:nemesis},
                           :context-filter #object[jepsen.generator.context$make_thread_filter$lazy_filter__9167
                                                   "0x3eea7c4b"
                                                   "jepsen.generator.context$make_thread_filter$lazy_filter__9167@3eea7c4b"],
                           :gen nil})
                         (jepsen.generator.OnThreads
                          {:f #jepsen.generator.context.AllBut{:element :nemesis},
                           :context-filter #object[jepsen.generator.context$make_thread_filter$lazy_filter__9167
                                                   "0x50d507ab"
                                                   "jepsen.generator.context$make_thread_filter$lazy_filter__9167@50d507ab"],
                           :gen (jepsen.generator.Stagger
                                 {:dt 200000000,
                                  :next-time nil,
                                  :gen (jepsen.generator.Mix
                                        {:i 0,
                                         :gens [({:f :broadcast, :value 0}
                                                 {:f :broadcast, :value 1}
                                                 {:f :broadcast, :value 2}
                                                 {:f :broadcast, :value 3}
                                                 {:f :broadcast, :value 4}
                                                 {:f :broadcast, :value 5}
                                                 {:f :broadcast, :value 6}
                                                 {:f :broadcast, :value 7}
                                                 ...)
                                                ({:f :read}
                                                 {:f :read}
                                                 {:f :read}
                                                 {:f :read}
                                                 {:f :read}
                                                 {:f :read}
                                                 {:f :read}
                                                 {:f :read}
                                                 ...)]})})})]})})})
  (jepsen.generator.Synchronize
   {:gen (jepsen.generator.OnThreads
          {:f #{:nemesis},
           :context-filter #object[jepsen.generator.context$make_thread_filter$lazy_filter__9167
                                   "0x2b960c2b"
                                   "jepsen.generator.context$make_thread_filter$lazy_filter__9167@2b960c2b"],
           :gen ()})})
  (jepsen.generator.Synchronize
   {:gen {:type :log, :value "Waiting for recovery..."}})
  (jepsen.generator.Synchronize {:gen {:type :sleep, :value 10}})
  (jepsen.generator.Synchronize
   {:gen (jepsen.generator.OnThreads
          {:f #jepsen.generator.context.AllBut{:element :nemesis},
           :context-filter #object[jepsen.generator.context$make_thread_filter$lazy_filter__9167
                                   "0x46f32536"
                                   "jepsen.generator.context$make_thread_filter$lazy_filter__9167@46f32536"],
           :gen (jepsen.generator.EachThread
                 {:fresh-gen {:f :read, :final? true},
                  :context-filters #object[clojure.core$promise$reify__8591
                                           "0x3ee39a1c"
                                           {:status :pending, :val nil}],
                  :gens {}})})}))
 :log-net-recv false
 :os
 #object[maelstrom.net$jepsen_os$reify__15254
         "0x6921e251"
         "maelstrom.net$jepsen_os$reify__15254@6921e251"]
 :time-limit 20
 :workload :broadcast
 :consistency-models [:strict-serializable]
 :topology :grid}

2023-10-28 16:35:29,862{GMT}	INFO	[jepsen node n0] maelstrom.net: Starting Maelstrom network
2023-10-28 16:35:29,863{GMT}	INFO	[jepsen test runner] jepsen.db: Tearing down DB
2023-10-28 16:35:29,864{GMT}	INFO	[jepsen test runner] jepsen.db: Setting up DB
2023-10-28 16:35:29,865{GMT}	INFO	[jepsen node n0] maelstrom.service: Starting services: (lin-kv lin-tso lww-kv seq-kv)
2023-10-28 16:35:29,865{GMT}	INFO	[jepsen node n0] maelstrom.db: Setting up n0
2023-10-28 16:35:29,866{GMT}	INFO	[jepsen node n0] maelstrom.process: launching /Users/googrand/go/bin/maelstrom-broadcast []
2023-10-28 16:35:30,349{GMT}	INFO	[jepsen test runner] jepsen.core: Relative time begins now
2023-10-28 16:35:30,366{GMT}	INFO	[jepsen worker 0] jepsen.util: 0	:invoke	:broadcast	0
2023-10-28 16:35:30,378{GMT}	WARN	[jepsen worker 0] jepsen.generator.interpreter: Process 0 crashed
clojure.lang.ExceptionInfo: Malformed RPC response. Maelstrom sent node n0 the following request:

{:type "broadcast", :message 0, :msg_id 1}

And expected a response of the form:

{:type (eq "broadcast_ok"), {:k :msg_id} Int, :in_reply_to Int}

... but instead received

{:in_reply_to 1, :message 0, :msg_id 1, :type "broadcast"}

This is malformed because:

{:type (not (= "broadcast_ok" "broadcast")), :message disallowed-key}

See doc/protocol.md for more guidance.
	at slingshot.support$stack_trace.invoke(support.clj:201)
	at maelstrom.client$check_body.invokeStatic(client.clj:188)
	at maelstrom.client$check_body.invoke(client.clj:181)
	at maelstrom.workload.broadcast$fn__16565$broadcast_BANG___16566.invoke(broadcast.clj:27)
	at maelstrom.workload.broadcast$fn__16565$broadcast_BANG___16566.invoke(broadcast.clj:27)
	at maelstrom.workload.broadcast$client$reify__16644.invoke_BANG_(broadcast.clj:203)
	at jepsen.client.Validate.invoke_BANG_(client.clj:83)
	at jepsen.generator.interpreter.ClientWorker.invoke_BANG_(interpreter.clj:65)
	at jepsen.generator.interpreter$spawn_worker$fn__12908$fn__12909.invoke(interpreter.clj:140)
	at jepsen.generator.interpreter$spawn_worker$fn__12908.invoke(interpreter.clj:123)
	at clojure.core$binding_conveyor_fn$fn__5823.invoke(core.clj:2047)
	at clojure.lang.AFn.call(AFn.java:18)
	at java.base/java.util.concurrent.FutureTask.run(FutureTask.java:317)
	at java.base/java.util.concurrent.ThreadPoolExecutor.runWorker(ThreadPoolExecutor.java:1144)
	at java.base/java.util.concurrent.ThreadPoolExecutor$Worker.run(ThreadPoolExecutor.java:642)
	at java.base/java.lang.Thread.run(Thread.java:1583)
2023-10-28 16:35:30,502{GMT}	INFO	[jepsen worker 0] jepsen.util: 1	:invoke	:broadcast	1
2023-10-28 16:35:30,510{GMT}	WARN	[jepsen worker 0] jepsen.generator.interpreter: Process 1 crashed
clojure.lang.ExceptionInfo: Malformed RPC response. Maelstrom sent node n0 the following request:

{:type "broadcast", :message 1, :msg_id 1}

And expected a response of the form:

{:type (eq "broadcast_ok"), {:k :msg_id} Int, :in_reply_to Int}

... but instead received

{:in_reply_to 1, :message 1, :msg_id 1, :type "broadcast"}

This is malformed because:

{:type (not (= "broadcast_ok" "broadcast")), :message disallowed-key}

See doc/protocol.md for more guidance.
	at slingshot.support$stack_trace.invoke(support.clj:201)
	at maelstrom.client$check_body.invokeStatic(client.clj:188)
	at maelstrom.client$check_body.invoke(client.clj:181)
	at maelstrom.workload.broadcast$fn__16565$broadcast_BANG___16566.invoke(broadcast.clj:27)
	at maelstrom.workload.broadcast$fn__16565$broadcast_BANG___16566.invoke(broadcast.clj:27)
	at maelstrom.workload.broadcast$client$reify__16644.invoke_BANG_(broadcast.clj:203)
	at jepsen.client.Validate.invoke_BANG_(client.clj:83)
	at jepsen.generator.interpreter.ClientWorker.invoke_BANG_(interpreter.clj:65)
	at jepsen.generator.interpreter$spawn_worker$fn__12908$fn__12909.invoke(interpreter.clj:140)
	at jepsen.generator.interpreter$spawn_worker$fn__12908.invoke(interpreter.clj:123)
	at clojure.core$binding_conveyor_fn$fn__5823.invoke(core.clj:2047)
	at clojure.lang.AFn.call(AFn.java:18)
	at java.base/java.util.concurrent.FutureTask.run(FutureTask.java:317)
	at java.base/java.util.concurrent.ThreadPoolExecutor.runWorker(ThreadPoolExecutor.java:1144)
	at java.base/java.util.concurrent.ThreadPoolExecutor$Worker.run(ThreadPoolExecutor.java:642)
	at java.base/java.lang.Thread.run(Thread.java:1583)
2023-10-28 16:35:30,517{GMT}	INFO	[jepsen worker 0] jepsen.util: 2	:invoke	:read	nil
2023-10-28 16:35:30,519{GMT}	INFO	[jepsen worker 0] jepsen.util: 2	:ok	:read	[0 0 0 0 0 0 0 0 0 0 0 0 0 0 0 0 0 0 0 0 0 0 0 0 0 0 0 0 0 0 0 0 0 0 0 0 0 0 0 0 0 0 0 0 0 0 0 0 0 0 0 0 0 0 0 0 0 0 0 0 0 0 0 0 0 0 0 0 0 0 0 0 0 0 0 0 0 0 0 0 0 0 0 0 0 0 0 0 0 0 0 0 0 0 0 0 0 0 0 0 0 1]
2023-10-28 16:35:30,540{GMT}	INFO	[jepsen worker 0] jepsen.util: 2	:invoke	:read	nil
2023-10-28 16:35:30,541{GMT}	INFO	[jepsen worker 0] jepsen.util: 2	:ok	:read	[0 0 0 0 0 0 0 0 0 0 0 0 0 0 0 0 0 0 0 0 0 0 0 0 0 0 0 0 0 0 0 0 0 0 0 0 0 0 0 0 0 0 0 0 0 0 0 0 0 0 0 0 0 0 0 0 0 0 0 0 0 0 0 0 0 0 0 0 0 0 0 0 0 0 0 0 0 0 0 0 0 0 0 0 0 0 0 0 0 0 0 0 0 0 0 0 0 0 0 0 0 1]
2023-10-28 16:35:30,657{GMT}	INFO	[jepsen worker 0] jepsen.util: 2	:invoke	:broadcast	2
2023-10-28 16:35:30,663{GMT}	WARN	[jepsen worker 0] jepsen.generator.interpreter: Process 2 crashed
clojure.lang.ExceptionInfo: Malformed RPC response. Maelstrom sent node n0 the following request:

{:type "broadcast", :message 2, :msg_id 3}

And expected a response of the form:

{:type (eq "broadcast_ok"), {:k :msg_id} Int, :in_reply_to Int}

... but instead received

{:in_reply_to 3, :message 2, :msg_id 3, :type "broadcast"}

This is malformed because:

{:type (not (= "broadcast_ok" "broadcast")), :message disallowed-key}

See doc/protocol.md for more guidance.
	at slingshot.support$stack_trace.invoke(support.clj:201)
	at maelstrom.client$check_body.invokeStatic(client.clj:188)
	at maelstrom.client$check_body.invoke(client.clj:181)
	at maelstrom.workload.broadcast$fn__16565$broadcast_BANG___16566.invoke(broadcast.clj:27)
	at maelstrom.workload.broadcast$fn__16565$broadcast_BANG___16566.invoke(broadcast.clj:27)
	at maelstrom.workload.broadcast$client$reify__16644.invoke_BANG_(broadcast.clj:203)
	at jepsen.client.Validate.invoke_BANG_(client.clj:83)
	at jepsen.generator.interpreter.ClientWorker.invoke_BANG_(interpreter.clj:65)
	at jepsen.generator.interpreter$spawn_worker$fn__12908$fn__12909.invoke(interpreter.clj:140)
	at jepsen.generator.interpreter$spawn_worker$fn__12908.invoke(interpreter.clj:123)
	at clojure.core$binding_conveyor_fn$fn__5823.invoke(core.clj:2047)
	at clojure.lang.AFn.call(AFn.java:18)
	at java.base/java.util.concurrent.FutureTask.run(FutureTask.java:317)
	at java.base/java.util.concurrent.ThreadPoolExecutor.runWorker(ThreadPoolExecutor.java:1144)
	at java.base/java.util.concurrent.ThreadPoolExecutor$Worker.run(ThreadPoolExecutor.java:642)
	at java.base/java.lang.Thread.run(Thread.java:1583)
2023-10-28 16:35:30,744{GMT}	INFO	[jepsen worker 0] jepsen.util: 3	:invoke	:read	nil
2023-10-28 16:35:30,746{GMT}	INFO	[jepsen worker 0] jepsen.util: 3	:ok	:read	[0 0 0 0 0 0 0 0 0 0 0 0 0 0 0 0 0 0 0 0 0 0 0 0 0 0 0 0 0 0 0 0 0 0 0 0 0 0 0 0 0 0 0 0 0 0 0 0 0 0 0 0 0 0 0 0 0 0 0 0 0 0 0 0 0 0 0 0 0 0 0 0 0 0 0 0 0 0 0 0 0 0 0 0 0 0 0 0 0 0 0 0 0 0 0 0 0 0 0 0 0 1 2]
2023-10-28 16:35:30,857{GMT}	INFO	[jepsen worker 0] jepsen.util: 3	:invoke	:read	nil
2023-10-28 16:35:30,863{GMT}	INFO	[jepsen worker 0] jepsen.util: 3	:ok	:read	[0 0 0 0 0 0 0 0 0 0 0 0 0 0 0 0 0 0 0 0 0 0 0 0 0 0 0 0 0 0 0 0 0 0 0 0 0 0 0 0 0 0 0 0 0 0 0 0 0 0 0 0 0 0 0 0 0 0 0 0 0 0 0 0 0 0 0 0 0 0 0 0 0 0 0 0 0 0 0 0 0 0 0 0 0 0 0 0 0 0 0 0 0 0 0 0 0 0 0 0 0 1 2]
2023-10-28 16:35:30,934{GMT}	INFO	[jepsen worker 0] jepsen.util: 3	:invoke	:read	nil
2023-10-28 16:35:30,938{GMT}	INFO	[jepsen worker 0] jepsen.util: 3	:ok	:read	[0 0 0 0 0 0 0 0 0 0 0 0 0 0 0 0 0 0 0 0 0 0 0 0 0 0 0 0 0 0 0 0 0 0 0 0 0 0 0 0 0 0 0 0 0 0 0 0 0 0 0 0 0 0 0 0 0 0 0 0 0 0 0 0 0 0 0 0 0 0 0 0 0 0 0 0 0 0 0 0 0 0 0 0 0 0 0 0 0 0 0 0 0 0 0 0 0 0 0 0 0 1 2]
2023-10-28 16:35:31,068{GMT}	INFO	[jepsen worker 0] jepsen.util: 3	:invoke	:broadcast	3
2023-10-28 16:35:31,081{GMT}	WARN	[jepsen worker 0] jepsen.generator.interpreter: Process 3 crashed
clojure.lang.ExceptionInfo: Malformed RPC response. Maelstrom sent node n0 the following request:

{:type "broadcast", :message 3, :msg_id 4}

And expected a response of the form:

{:type (eq "broadcast_ok"), {:k :msg_id} Int, :in_reply_to Int}

... but instead received

{:in_reply_to 4, :message 3, :msg_id 4, :type "broadcast"}

This is malformed because:

{:type (not (= "broadcast_ok" "broadcast")), :message disallowed-key}

See doc/protocol.md for more guidance.
	at slingshot.support$stack_trace.invoke(support.clj:201)
	at maelstrom.client$check_body.invokeStatic(client.clj:188)
	at maelstrom.client$check_body.invoke(client.clj:181)
	at maelstrom.workload.broadcast$fn__16565$broadcast_BANG___16566.invoke(broadcast.clj:27)
	at maelstrom.workload.broadcast$fn__16565$broadcast_BANG___16566.invoke(broadcast.clj:27)
	at maelstrom.workload.broadcast$client$reify__16644.invoke_BANG_(broadcast.clj:203)
	at jepsen.client.Validate.invoke_BANG_(client.clj:83)
	at jepsen.generator.interpreter.ClientWorker.invoke_BANG_(interpreter.clj:65)
	at jepsen.generator.interpreter$spawn_worker$fn__12908$fn__12909.invoke(interpreter.clj:140)
	at jepsen.generator.interpreter$spawn_worker$fn__12908.invoke(interpreter.clj:123)
	at clojure.core$binding_conveyor_fn$fn__5823.invoke(core.clj:2047)
	at clojure.lang.AFn.call(AFn.java:18)
	at java.base/java.util.concurrent.FutureTask.run(FutureTask.java:317)
	at java.base/java.util.concurrent.ThreadPoolExecutor.runWorker(ThreadPoolExecutor.java:1144)
	at java.base/java.util.concurrent.ThreadPoolExecutor$Worker.run(ThreadPoolExecutor.java:642)
	at java.base/java.lang.Thread.run(Thread.java:1583)
2023-10-28 16:35:31,272{GMT}	INFO	[jepsen worker 0] jepsen.util: 4	:invoke	:read	nil
2023-10-28 16:35:31,275{GMT}	INFO	[jepsen worker 0] jepsen.util: 4	:ok	:read	[0 0 0 0 0 0 0 0 0 0 0 0 0 0 0 0 0 0 0 0 0 0 0 0 0 0 0 0 0 0 0 0 0 0 0 0 0 0 0 0 0 0 0 0 0 0 0 0 0 0 0 0 0 0 0 0 0 0 0 0 0 0 0 0 0 0 0 0 0 0 0 0 0 0 0 0 0 0 0 0 0 0 0 0 0 0 0 0 0 0 0 0 0 0 0 0 0 0 0 0 0 1 2 3]
2023-10-28 16:35:31,331{GMT}	INFO	[jepsen worker 0] jepsen.util: 4	:invoke	:read	nil
2023-10-28 16:35:31,334{GMT}	INFO	[jepsen worker 0] jepsen.util: 4	:ok	:read	[0 0 0 0 0 0 0 0 0 0 0 0 0 0 0 0 0 0 0 0 0 0 0 0 0 0 0 0 0 0 0 0 0 0 0 0 0 0 0 0 0 0 0 0 0 0 0 0 0 0 0 0 0 0 0 0 0 0 0 0 0 0 0 0 0 0 0 0 0 0 0 0 0 0 0 0 0 0 0 0 0 0 0 0 0 0 0 0 0 0 0 0 0 0 0 0 0 0 0 0 0 1 2 3]
2023-10-28 16:35:31,411{GMT}	INFO	[jepsen worker 0] jepsen.util: 4	:invoke	:broadcast	4
2023-10-28 16:35:31,422{GMT}	WARN	[jepsen worker 0] jepsen.generator.interpreter: Process 4 crashed
clojure.lang.ExceptionInfo: Malformed RPC response. Maelstrom sent node n0 the following request:

{:type "broadcast", :message 4, :msg_id 3}

And expected a response of the form:

{:type (eq "broadcast_ok"), {:k :msg_id} Int, :in_reply_to Int}

... but instead received

{:in_reply_to 3, :message 4, :msg_id 3, :type "broadcast"}

This is malformed because:

{:type (not (= "broadcast_ok" "broadcast")), :message disallowed-key}

See doc/protocol.md for more guidance.
	at slingshot.support$stack_trace.invoke(support.clj:201)
	at maelstrom.client$check_body.invokeStatic(client.clj:188)
	at maelstrom.client$check_body.invoke(client.clj:181)
	at maelstrom.workload.broadcast$fn__16565$broadcast_BANG___16566.invoke(broadcast.clj:27)
	at maelstrom.workload.broadcast$fn__16565$broadcast_BANG___16566.invoke(broadcast.clj:27)
	at maelstrom.workload.broadcast$client$reify__16644.invoke_BANG_(broadcast.clj:203)
	at jepsen.client.Validate.invoke_BANG_(client.clj:83)
	at jepsen.generator.interpreter.ClientWorker.invoke_BANG_(interpreter.clj:65)
	at jepsen.generator.interpreter$spawn_worker$fn__12908$fn__12909.invoke(interpreter.clj:140)
	at jepsen.generator.interpreter$spawn_worker$fn__12908.invoke(interpreter.clj:123)
	at clojure.core$binding_conveyor_fn$fn__5823.invoke(core.clj:2047)
	at clojure.lang.AFn.call(AFn.java:18)
	at java.base/java.util.concurrent.FutureTask.run(FutureTask.java:317)
	at java.base/java.util.concurrent.ThreadPoolExecutor.runWorker(ThreadPoolExecutor.java:1144)
	at java.base/java.util.concurrent.ThreadPoolExecutor$Worker.run(ThreadPoolExecutor.java:642)
	at java.base/java.lang.Thread.run(Thread.java:1583)
2023-10-28 16:35:31,460{GMT}	INFO	[jepsen worker 0] jepsen.util: 5	:invoke	:read	nil
2023-10-28 16:35:31,462{GMT}	INFO	[jepsen worker 0] jepsen.util: 5	:ok	:read	[0 0 0 0 0 0 0 0 0 0 0 0 0 0 0 0 0 0 0 0 0 0 0 0 0 0 0 0 0 0 0 0 0 0 0 0 0 0 0 0 0 0 0 0 0 0 0 0 0 0 0 0 0 0 0 0 0 0 0 0 0 0 0 0 0 0 0 0 0 0 0 0 0 0 0 0 0 0 0 0 0 0 0 0 0 0 0 0 0 0 0 0 0 0 0 0 0 0 0 0 0 1 2 3 4]
2023-10-28 16:35:31,619{GMT}	INFO	[jepsen worker 0] jepsen.util: 5	:invoke	:broadcast	5
2023-10-28 16:35:31,631{GMT}	WARN	[jepsen worker 0] jepsen.generator.interpreter: Process 5 crashed
clojure.lang.ExceptionInfo: Malformed RPC response. Maelstrom sent node n0 the following request:

{:type "broadcast", :message 5, :msg_id 2}

And expected a response of the form:

{:type (eq "broadcast_ok"), {:k :msg_id} Int, :in_reply_to Int}

... but instead received

{:in_reply_to 2, :message 5, :msg_id 2, :type "broadcast"}

This is malformed because:

{:type (not (= "broadcast_ok" "broadcast")), :message disallowed-key}

See doc/protocol.md for more guidance.
	at slingshot.support$stack_trace.invoke(support.clj:201)
	at maelstrom.client$check_body.invokeStatic(client.clj:188)
	at maelstrom.client$check_body.invoke(client.clj:181)
	at maelstrom.workload.broadcast$fn__16565$broadcast_BANG___16566.invoke(broadcast.clj:27)
	at maelstrom.workload.broadcast$fn__16565$broadcast_BANG___16566.invoke(broadcast.clj:27)
	at maelstrom.workload.broadcast$client$reify__16644.invoke_BANG_(broadcast.clj:203)
	at jepsen.client.Validate.invoke_BANG_(client.clj:83)
	at jepsen.generator.interpreter.ClientWorker.invoke_BANG_(interpreter.clj:65)
	at jepsen.generator.interpreter$spawn_worker$fn__12908$fn__12909.invoke(interpreter.clj:140)
	at jepsen.generator.interpreter$spawn_worker$fn__12908.invoke(interpreter.clj:123)
	at clojure.core$binding_conveyor_fn$fn__5823.invoke(core.clj:2047)
	at clojure.lang.AFn.call(AFn.java:18)
	at java.base/java.util.concurrent.FutureTask.run(FutureTask.java:317)
	at java.base/java.util.concurrent.ThreadPoolExecutor.runWorker(ThreadPoolExecutor.java:1144)
	at java.base/java.util.concurrent.ThreadPoolExecutor$Worker.run(ThreadPoolExecutor.java:642)
	at java.base/java.lang.Thread.run(Thread.java:1583)
2023-10-28 16:35:31,729{GMT}	INFO	[jepsen worker 0] jepsen.util: 6	:invoke	:read	nil
2023-10-28 16:35:31,733{GMT}	INFO	[jepsen worker 0] jepsen.util: 6	:ok	:read	[0 0 0 0 0 0 0 0 0 0 0 0 0 0 0 0 0 0 0 0 0 0 0 0 0 0 0 0 0 0 0 0 0 0 0 0 0 0 0 0 0 0 0 0 0 0 0 0 0 0 0 0 0 0 0 0 0 0 0 0 0 0 0 0 0 0 0 0 0 0 0 0 0 0 0 0 0 0 0 0 0 0 0 0 0 0 0 0 0 0 0 0 0 0 0 0 0 0 0 0 0 1 2 3 4 5]
2023-10-28 16:35:31,826{GMT}	INFO	[jepsen worker 0] jepsen.util: 6	:invoke	:read	nil
2023-10-28 16:35:31,830{GMT}	INFO	[jepsen worker 0] jepsen.util: 6	:ok	:read	[0 0 0 0 0 0 0 0 0 0 0 0 0 0 0 0 0 0 0 0 0 0 0 0 0 0 0 0 0 0 0 0 0 0 0 0 0 0 0 0 0 0 0 0 0 0 0 0 0 0 0 0 0 0 0 0 0 0 0 0 0 0 0 0 0 0 0 0 0 0 0 0 0 0 0 0 0 0 0 0 0 0 0 0 0 0 0 0 0 0 0 0 0 0 0 0 0 0 0 0 0 1 2 3 4 5]
2023-10-28 16:35:31,968{GMT}	INFO	[jepsen worker 0] jepsen.util: 6	:invoke	:read	nil
2023-10-28 16:35:31,969{GMT}	INFO	[jepsen worker 0] jepsen.util: 6	:ok	:read	[0 0 0 0 0 0 0 0 0 0 0 0 0 0 0 0 0 0 0 0 0 0 0 0 0 0 0 0 0 0 0 0 0 0 0 0 0 0 0 0 0 0 0 0 0 0 0 0 0 0 0 0 0 0 0 0 0 0 0 0 0 0 0 0 0 0 0 0 0 0 0 0 0 0 0 0 0 0 0 0 0 0 0 0 0 0 0 0 0 0 0 0 0 0 0 0 0 0 0 0 0 1 2 3 4 5]
2023-10-28 16:35:31,990{GMT}	INFO	[jepsen worker 0] jepsen.util: 6	:invoke	:read	nil
2023-10-28 16:35:31,991{GMT}	INFO	[jepsen worker 0] jepsen.util: 6	:ok	:read	[0 0 0 0 0 0 0 0 0 0 0 0 0 0 0 0 0 0 0 0 0 0 0 0 0 0 0 0 0 0 0 0 0 0 0 0 0 0 0 0 0 0 0 0 0 0 0 0 0 0 0 0 0 0 0 0 0 0 0 0 0 0 0 0 0 0 0 0 0 0 0 0 0 0 0 0 0 0 0 0 0 0 0 0 0 0 0 0 0 0 0 0 0 0 0 0 0 0 0 0 0 1 2 3 4 5]
2023-10-28 16:35:32,055{GMT}	INFO	[jepsen worker 0] jepsen.util: 6	:invoke	:broadcast	6
2023-10-28 16:35:32,058{GMT}	WARN	[jepsen worker 0] jepsen.generator.interpreter: Process 6 crashed
clojure.lang.ExceptionInfo: Malformed RPC response. Maelstrom sent node n0 the following request:

{:type "broadcast", :message 6, :msg_id 5}

And expected a response of the form:

{:type (eq "broadcast_ok"), {:k :msg_id} Int, :in_reply_to Int}

... but instead received

{:in_reply_to 5, :message 6, :msg_id 5, :type "broadcast"}

This is malformed because:

{:type (not (= "broadcast_ok" "broadcast")), :message disallowed-key}

See doc/protocol.md for more guidance.
	at slingshot.support$stack_trace.invoke(support.clj:201)
	at maelstrom.client$check_body.invokeStatic(client.clj:188)
	at maelstrom.client$check_body.invoke(client.clj:181)
	at maelstrom.workload.broadcast$fn__16565$broadcast_BANG___16566.invoke(broadcast.clj:27)
	at maelstrom.workload.broadcast$fn__16565$broadcast_BANG___16566.invoke(broadcast.clj:27)
	at maelstrom.workload.broadcast$client$reify__16644.invoke_BANG_(broadcast.clj:203)
	at jepsen.client.Validate.invoke_BANG_(client.clj:83)
	at jepsen.generator.interpreter.ClientWorker.invoke_BANG_(interpreter.clj:65)
	at jepsen.generator.interpreter$spawn_worker$fn__12908$fn__12909.invoke(interpreter.clj:140)
	at jepsen.generator.interpreter$spawn_worker$fn__12908.invoke(interpreter.clj:123)
	at clojure.core$binding_conveyor_fn$fn__5823.invoke(core.clj:2047)
	at clojure.lang.AFn.call(AFn.java:18)
	at java.base/java.util.concurrent.FutureTask.run(FutureTask.java:317)
	at java.base/java.util.concurrent.ThreadPoolExecutor.runWorker(ThreadPoolExecutor.java:1144)
	at java.base/java.util.concurrent.ThreadPoolExecutor$Worker.run(ThreadPoolExecutor.java:642)
	at java.base/java.lang.Thread.run(Thread.java:1583)
2023-10-28 16:35:32,208{GMT}	INFO	[jepsen worker 0] jepsen.util: 7	:invoke	:read	nil
2023-10-28 16:35:32,209{GMT}	INFO	[jepsen worker 0] jepsen.util: 7	:ok	:read	[0 0 0 0 0 0 0 0 0 0 0 0 0 0 0 0 0 0 0 0 0 0 0 0 0 0 0 0 0 0 0 0 0 0 0 0 0 0 0 0 0 0 0 0 0 0 0 0 0 0 0 0 0 0 0 0 0 0 0 0 0 0 0 0 0 0 0 0 0 0 0 0 0 0 0 0 0 0 0 0 0 0 0 0 0 0 0 0 0 0 0 0 0 0 0 0 0 0 0 0 0 1 2 3 4 5 6]
2023-10-28 16:35:32,343{GMT}	INFO	[jepsen worker 0] jepsen.util: 7	:invoke	:broadcast	7
2023-10-28 16:35:32,354{GMT}	WARN	[jepsen worker 0] jepsen.generator.interpreter: Process 7 crashed
clojure.lang.ExceptionInfo: Malformed RPC response. Maelstrom sent node n0 the following request:

{:type "broadcast", :message 7, :msg_id 2}

And expected a response of the form:

{:type (eq "broadcast_ok"), {:k :msg_id} Int, :in_reply_to Int}

... but instead received

{:in_reply_to 2, :message 7, :msg_id 2, :type "broadcast"}

This is malformed because:

{:type (not (= "broadcast_ok" "broadcast")), :message disallowed-key}

See doc/protocol.md for more guidance.
	at slingshot.support$stack_trace.invoke(support.clj:201)
	at maelstrom.client$check_body.invokeStatic(client.clj:188)
	at maelstrom.client$check_body.invoke(client.clj:181)
	at maelstrom.workload.broadcast$fn__16565$broadcast_BANG___16566.invoke(broadcast.clj:27)
	at maelstrom.workload.broadcast$fn__16565$broadcast_BANG___16566.invoke(broadcast.clj:27)
	at maelstrom.workload.broadcast$client$reify__16644.invoke_BANG_(broadcast.clj:203)
	at jepsen.client.Validate.invoke_BANG_(client.clj:83)
	at jepsen.generator.interpreter.ClientWorker.invoke_BANG_(interpreter.clj:65)
	at jepsen.generator.interpreter$spawn_worker$fn__12908$fn__12909.invoke(interpreter.clj:140)
	at jepsen.generator.interpreter$spawn_worker$fn__12908.invoke(interpreter.clj:123)
	at clojure.core$binding_conveyor_fn$fn__5823.invoke(core.clj:2047)
	at clojure.lang.AFn.call(AFn.java:18)
	at java.base/java.util.concurrent.FutureTask.run(FutureTask.java:317)
	at java.base/java.util.concurrent.ThreadPoolExecutor.runWorker(ThreadPoolExecutor.java:1144)
	at java.base/java.util.concurrent.ThreadPoolExecutor$Worker.run(ThreadPoolExecutor.java:642)
	at java.base/java.lang.Thread.run(Thread.java:1583)
2023-10-28 16:35:32,482{GMT}	INFO	[jepsen worker 0] jepsen.util: 8	:invoke	:read	nil
2023-10-28 16:35:32,482{GMT}	INFO	[jepsen worker 0] jepsen.util: 8	:ok	:read	[0 0 0 0 0 0 0 0 0 0 0 0 0 0 0 0 0 0 0 0 0 0 0 0 0 0 0 0 0 0 0 0 0 0 0 0 0 0 0 0 0 0 0 0 0 0 0 0 0 0 0 0 0 0 0 0 0 0 0 0 0 0 0 0 0 0 0 0 0 0 0 0 0 0 0 0 0 0 0 0 0 0 0 0 0 0 0 0 0 0 0 0 0 0 0 0 0 0 0 0 0 1 2 3 4 5 6 7]
2023-10-28 16:35:32,680{GMT}	INFO	[jepsen worker 0] jepsen.util: 8	:invoke	:read	nil
2023-10-28 16:35:32,681{GMT}	INFO	[jepsen worker 0] jepsen.util: 8	:ok	:read	[0 0 0 0 0 0 0 0 0 0 0 0 0 0 0 0 0 0 0 0 0 0 0 0 0 0 0 0 0 0 0 0 0 0 0 0 0 0 0 0 0 0 0 0 0 0 0 0 0 0 0 0 0 0 0 0 0 0 0 0 0 0 0 0 0 0 0 0 0 0 0 0 0 0 0 0 0 0 0 0 0 0 0 0 0 0 0 0 0 0 0 0 0 0 0 0 0 0 0 0 0 1 2 3 4 5 6 7]
2023-10-28 16:35:32,858{GMT}	INFO	[jepsen worker 0] jepsen.util: 8	:invoke	:broadcast	8
2023-10-28 16:35:32,869{GMT}	WARN	[jepsen worker 0] jepsen.generator.interpreter: Process 8 crashed
clojure.lang.ExceptionInfo: Malformed RPC response. Maelstrom sent node n0 the following request:

{:type "broadcast", :message 8, :msg_id 3}

And expected a response of the form:

{:type (eq "broadcast_ok"), {:k :msg_id} Int, :in_reply_to Int}

... but instead received

{:in_reply_to 3, :message 8, :msg_id 3, :type "broadcast"}

This is malformed because:

{:type (not (= "broadcast_ok" "broadcast")), :message disallowed-key}

See doc/protocol.md for more guidance.
	at slingshot.support$stack_trace.invoke(support.clj:201)
	at maelstrom.client$check_body.invokeStatic(client.clj:188)
	at maelstrom.client$check_body.invoke(client.clj:181)
	at maelstrom.workload.broadcast$fn__16565$broadcast_BANG___16566.invoke(broadcast.clj:27)
	at maelstrom.workload.broadcast$fn__16565$broadcast_BANG___16566.invoke(broadcast.clj:27)
	at maelstrom.workload.broadcast$client$reify__16644.invoke_BANG_(broadcast.clj:203)
	at jepsen.client.Validate.invoke_BANG_(client.clj:83)
	at jepsen.generator.interpreter.ClientWorker.invoke_BANG_(interpreter.clj:65)
	at jepsen.generator.interpreter$spawn_worker$fn__12908$fn__12909.invoke(interpreter.clj:140)
	at jepsen.generator.interpreter$spawn_worker$fn__12908.invoke(interpreter.clj:123)
	at clojure.core$binding_conveyor_fn$fn__5823.invoke(core.clj:2047)
	at clojure.lang.AFn.call(AFn.java:18)
	at java.base/java.util.concurrent.FutureTask.run(FutureTask.java:317)
	at java.base/java.util.concurrent.ThreadPoolExecutor.runWorker(ThreadPoolExecutor.java:1144)
	at java.base/java.util.concurrent.ThreadPoolExecutor$Worker.run(ThreadPoolExecutor.java:642)
	at java.base/java.lang.Thread.run(Thread.java:1583)
2023-10-28 16:35:32,960{GMT}	INFO	[jepsen worker 0] jepsen.util: 9	:invoke	:read	nil
2023-10-28 16:35:32,964{GMT}	INFO	[jepsen worker 0] jepsen.util: 9	:ok	:read	[0 0 0 0 0 0 0 0 0 0 0 0 0 0 0 0 0 0 0 0 0 0 0 0 0 0 0 0 0 0 0 0 0 0 0 0 0 0 0 0 0 0 0 0 0 0 0 0 0 0 0 0 0 0 0 0 0 0 0 0 0 0 0 0 0 0 0 0 0 0 0 0 0 0 0 0 0 0 0 0 0 0 0 0 0 0 0 0 0 0 0 0 0 0 0 0 0 0 0 0 0 1 2 3 4 5 6 7 8]
2023-10-28 16:35:33,157{GMT}	INFO	[jepsen worker 0] jepsen.util: 9	:invoke	:read	nil
2023-10-28 16:35:33,159{GMT}	INFO	[jepsen worker 0] jepsen.util: 9	:ok	:read	[0 0 0 0 0 0 0 0 0 0 0 0 0 0 0 0 0 0 0 0 0 0 0 0 0 0 0 0 0 0 0 0 0 0 0 0 0 0 0 0 0 0 0 0 0 0 0 0 0 0 0 0 0 0 0 0 0 0 0 0 0 0 0 0 0 0 0 0 0 0 0 0 0 0 0 0 0 0 0 0 0 0 0 0 0 0 0 0 0 0 0 0 0 0 0 0 0 0 0 0 0 1 2 3 4 5 6 7 8]
2023-10-28 16:35:33,254{GMT}	INFO	[jepsen worker 0] jepsen.util: 9	:invoke	:broadcast	9
2023-10-28 16:35:33,264{GMT}	WARN	[jepsen worker 0] jepsen.generator.interpreter: Process 9 crashed
clojure.lang.ExceptionInfo: Malformed RPC response. Maelstrom sent node n0 the following request:

{:type "broadcast", :message 9, :msg_id 3}

And expected a response of the form:

{:type (eq "broadcast_ok"), {:k :msg_id} Int, :in_reply_to Int}

... but instead received

{:in_reply_to 3, :message 9, :msg_id 3, :type "broadcast"}

This is malformed because:

{:type (not (= "broadcast_ok" "broadcast")), :message disallowed-key}

See doc/protocol.md for more guidance.
	at slingshot.support$stack_trace.invoke(support.clj:201)
	at maelstrom.client$check_body.invokeStatic(client.clj:188)
	at maelstrom.client$check_body.invoke(client.clj:181)
	at maelstrom.workload.broadcast$fn__16565$broadcast_BANG___16566.invoke(broadcast.clj:27)
	at maelstrom.workload.broadcast$fn__16565$broadcast_BANG___16566.invoke(broadcast.clj:27)
	at maelstrom.workload.broadcast$client$reify__16644.invoke_BANG_(broadcast.clj:203)
	at jepsen.client.Validate.invoke_BANG_(client.clj:83)
	at jepsen.generator.interpreter.ClientWorker.invoke_BANG_(interpreter.clj:65)
	at jepsen.generator.interpreter$spawn_worker$fn__12908$fn__12909.invoke(interpreter.clj:140)
	at jepsen.generator.interpreter$spawn_worker$fn__12908.invoke(interpreter.clj:123)
	at clojure.core$binding_conveyor_fn$fn__5823.invoke(core.clj:2047)
	at clojure.lang.AFn.call(AFn.java:18)
	at java.base/java.util.concurrent.FutureTask.run(FutureTask.java:317)
	at java.base/java.util.concurrent.ThreadPoolExecutor.runWorker(ThreadPoolExecutor.java:1144)
	at java.base/java.util.concurrent.ThreadPoolExecutor$Worker.run(ThreadPoolExecutor.java:642)
	at java.base/java.lang.Thread.run(Thread.java:1583)
2023-10-28 16:35:33,410{GMT}	INFO	[jepsen worker 0] jepsen.util: 10	:invoke	:read	nil
2023-10-28 16:35:33,414{GMT}	INFO	[jepsen worker 0] jepsen.util: 10	:ok	:read	[0 0 0 0 0 0 0 0 0 0 0 0 0 0 0 0 0 0 0 0 0 0 0 0 0 0 0 0 0 0 0 0 0 0 0 0 0 0 0 0 0 0 0 0 0 0 0 0 0 0 0 0 0 0 0 0 0 0 0 0 0 0 0 0 0 0 0 0 0 0 0 0 0 0 0 0 0 0 0 0 0 0 0 0 0 0 0 0 0 0 0 0 0 0 0 0 0 0 0 0 0 1 2 3 4 5 6 7 8 9]
2023-10-28 16:35:33,586{GMT}	INFO	[jepsen worker 0] jepsen.util: 10	:invoke	:read	nil
2023-10-28 16:35:33,590{GMT}	INFO	[jepsen worker 0] jepsen.util: 10	:ok	:read	[0 0 0 0 0 0 0 0 0 0 0 0 0 0 0 0 0 0 0 0 0 0 0 0 0 0 0 0 0 0 0 0 0 0 0 0 0 0 0 0 0 0 0 0 0 0 0 0 0 0 0 0 0 0 0 0 0 0 0 0 0 0 0 0 0 0 0 0 0 0 0 0 0 0 0 0 0 0 0 0 0 0 0 0 0 0 0 0 0 0 0 0 0 0 0 0 0 0 0 0 0 1 2 3 4 5 6 7 8 9]
2023-10-28 16:35:33,614{GMT}	INFO	[jepsen worker 0] jepsen.util: 10	:invoke	:broadcast	10
2023-10-28 16:35:33,625{GMT}	WARN	[jepsen worker 0] jepsen.generator.interpreter: Process 10 crashed
clojure.lang.ExceptionInfo: Malformed RPC response. Maelstrom sent node n0 the following request:

{:type "broadcast", :message 10, :msg_id 3}

And expected a response of the form:

{:type (eq "broadcast_ok"), {:k :msg_id} Int, :in_reply_to Int}

... but instead received

{:in_reply_to 3, :message 10, :msg_id 3, :type "broadcast"}

This is malformed because:

{:type (not (= "broadcast_ok" "broadcast")), :message disallowed-key}

See doc/protocol.md for more guidance.
	at slingshot.support$stack_trace.invoke(support.clj:201)
	at maelstrom.client$check_body.invokeStatic(client.clj:188)
	at maelstrom.client$check_body.invoke(client.clj:181)
	at maelstrom.workload.broadcast$fn__16565$broadcast_BANG___16566.invoke(broadcast.clj:27)
	at maelstrom.workload.broadcast$fn__16565$broadcast_BANG___16566.invoke(broadcast.clj:27)
	at maelstrom.workload.broadcast$client$reify__16644.invoke_BANG_(broadcast.clj:203)
	at jepsen.client.Validate.invoke_BANG_(client.clj:83)
	at jepsen.generator.interpreter.ClientWorker.invoke_BANG_(interpreter.clj:65)
	at jepsen.generator.interpreter$spawn_worker$fn__12908$fn__12909.invoke(interpreter.clj:140)
	at jepsen.generator.interpreter$spawn_worker$fn__12908.invoke(interpreter.clj:123)
	at clojure.core$binding_conveyor_fn$fn__5823.invoke(core.clj:2047)
	at clojure.lang.AFn.call(AFn.java:18)
	at java.base/java.util.concurrent.FutureTask.run(FutureTask.java:317)
	at java.base/java.util.concurrent.ThreadPoolExecutor.runWorker(ThreadPoolExecutor.java:1144)
	at java.base/java.util.concurrent.ThreadPoolExecutor$Worker.run(ThreadPoolExecutor.java:642)
	at java.base/java.lang.Thread.run(Thread.java:1583)
2023-10-28 16:35:33,743{GMT}	INFO	[jepsen worker 0] jepsen.util: 11	:invoke	:broadcast	11
2023-10-28 16:35:33,752{GMT}	WARN	[jepsen worker 0] jepsen.generator.interpreter: Process 11 crashed
clojure.lang.ExceptionInfo: Malformed RPC response. Maelstrom sent node n0 the following request:

{:type "broadcast", :message 11, :msg_id 1}

And expected a response of the form:

{:type (eq "broadcast_ok"), {:k :msg_id} Int, :in_reply_to Int}

... but instead received

{:in_reply_to 1, :message 11, :msg_id 1, :type "broadcast"}

This is malformed because:

{:type (not (= "broadcast_ok" "broadcast")), :message disallowed-key}

See doc/protocol.md for more guidance.
	at slingshot.support$stack_trace.invoke(support.clj:201)
	at maelstrom.client$check_body.invokeStatic(client.clj:188)
	at maelstrom.client$check_body.invoke(client.clj:181)
	at maelstrom.workload.broadcast$fn__16565$broadcast_BANG___16566.invoke(broadcast.clj:27)
	at maelstrom.workload.broadcast$fn__16565$broadcast_BANG___16566.invoke(broadcast.clj:27)
	at maelstrom.workload.broadcast$client$reify__16644.invoke_BANG_(broadcast.clj:203)
	at jepsen.client.Validate.invoke_BANG_(client.clj:83)
	at jepsen.generator.interpreter.ClientWorker.invoke_BANG_(interpreter.clj:65)
	at jepsen.generator.interpreter$spawn_worker$fn__12908$fn__12909.invoke(interpreter.clj:140)
	at jepsen.generator.interpreter$spawn_worker$fn__12908.invoke(interpreter.clj:123)
	at clojure.core$binding_conveyor_fn$fn__5823.invoke(core.clj:2047)
	at clojure.lang.AFn.call(AFn.java:18)
	at java.base/java.util.concurrent.FutureTask.run(FutureTask.java:317)
	at java.base/java.util.concurrent.ThreadPoolExecutor.runWorker(ThreadPoolExecutor.java:1144)
	at java.base/java.util.concurrent.ThreadPoolExecutor$Worker.run(ThreadPoolExecutor.java:642)
	at java.base/java.lang.Thread.run(Thread.java:1583)
2023-10-28 16:35:33,898{GMT}	INFO	[jepsen worker 0] jepsen.util: 12	:invoke	:broadcast	12
2023-10-28 16:35:33,907{GMT}	WARN	[jepsen worker 0] jepsen.generator.interpreter: Process 12 crashed
clojure.lang.ExceptionInfo: Malformed RPC response. Maelstrom sent node n0 the following request:

{:type "broadcast", :message 12, :msg_id 1}

And expected a response of the form:

{:type (eq "broadcast_ok"), {:k :msg_id} Int, :in_reply_to Int}

... but instead received

{:in_reply_to 1, :message 12, :msg_id 1, :type "broadcast"}

This is malformed because:

{:type (not (= "broadcast_ok" "broadcast")), :message disallowed-key}

See doc/protocol.md for more guidance.
	at slingshot.support$stack_trace.invoke(support.clj:201)
	at maelstrom.client$check_body.invokeStatic(client.clj:188)
	at maelstrom.client$check_body.invoke(client.clj:181)
	at maelstrom.workload.broadcast$fn__16565$broadcast_BANG___16566.invoke(broadcast.clj:27)
	at maelstrom.workload.broadcast$fn__16565$broadcast_BANG___16566.invoke(broadcast.clj:27)
	at maelstrom.workload.broadcast$client$reify__16644.invoke_BANG_(broadcast.clj:203)
	at jepsen.client.Validate.invoke_BANG_(client.clj:83)
	at jepsen.generator.interpreter.ClientWorker.invoke_BANG_(interpreter.clj:65)
	at jepsen.generator.interpreter$spawn_worker$fn__12908$fn__12909.invoke(interpreter.clj:140)
	at jepsen.generator.interpreter$spawn_worker$fn__12908.invoke(interpreter.clj:123)
	at clojure.core$binding_conveyor_fn$fn__5823.invoke(core.clj:2047)
	at clojure.lang.AFn.call(AFn.java:18)
	at java.base/java.util.concurrent.FutureTask.run(FutureTask.java:317)
	at java.base/java.util.concurrent.ThreadPoolExecutor.runWorker(ThreadPoolExecutor.java:1144)
	at java.base/java.util.concurrent.ThreadPoolExecutor$Worker.run(ThreadPoolExecutor.java:642)
	at java.base/java.lang.Thread.run(Thread.java:1583)
2023-10-28 16:35:34,068{GMT}	INFO	[jepsen worker 0] jepsen.util: 13	:invoke	:read	nil
2023-10-28 16:35:34,072{GMT}	INFO	[jepsen worker 0] jepsen.util: 13	:ok	:read	[0 0 0 0 0 0 0 0 0 0 0 0 0 0 0 0 0 0 0 0 0 0 0 0 0 0 0 0 0 0 0 0 0 0 0 0 0 0 0 0 0 0 0 0 0 0 0 0 0 0 0 0 0 0 0 0 0 0 0 0 0 0 0 0 0 0 0 0 0 0 0 0 0 0 0 0 0 0 0 0 0 0 0 0 0 0 0 0 0 0 0 0 0 0 0 0 0 0 0 0 0 1 2 3 4 5 6 7 8 9 10 11 12]
2023-10-28 16:35:34,132{GMT}	INFO	[jepsen worker 0] jepsen.util: 13	:invoke	:read	nil
2023-10-28 16:35:34,135{GMT}	INFO	[jepsen worker 0] jepsen.util: 13	:ok	:read	[0 0 0 0 0 0 0 0 0 0 0 0 0 0 0 0 0 0 0 0 0 0 0 0 0 0 0 0 0 0 0 0 0 0 0 0 0 0 0 0 0 0 0 0 0 0 0 0 0 0 0 0 0 0 0 0 0 0 0 0 0 0 0 0 0 0 0 0 0 0 0 0 0 0 0 0 0 0 0 0 0 0 0 0 0 0 0 0 0 0 0 0 0 0 0 0 0 0 0 0 0 1 2 3 4 5 6 7 8 9 10 11 12]
2023-10-28 16:35:34,138{GMT}	INFO	[jepsen worker 0] jepsen.util: 13	:invoke	:broadcast	13
2023-10-28 16:35:34,146{GMT}	WARN	[jepsen worker 0] jepsen.generator.interpreter: Process 13 crashed
clojure.lang.ExceptionInfo: Malformed RPC response. Maelstrom sent node n0 the following request:

{:type "broadcast", :message 13, :msg_id 3}

And expected a response of the form:

{:type (eq "broadcast_ok"), {:k :msg_id} Int, :in_reply_to Int}

... but instead received

{:in_reply_to 3, :message 13, :msg_id 3, :type "broadcast"}

This is malformed because:

{:type (not (= "broadcast_ok" "broadcast")), :message disallowed-key}

See doc/protocol.md for more guidance.
	at slingshot.support$stack_trace.invoke(support.clj:201)
	at maelstrom.client$check_body.invokeStatic(client.clj:188)
	at maelstrom.client$check_body.invoke(client.clj:181)
	at maelstrom.workload.broadcast$fn__16565$broadcast_BANG___16566.invoke(broadcast.clj:27)
	at maelstrom.workload.broadcast$fn__16565$broadcast_BANG___16566.invoke(broadcast.clj:27)
	at maelstrom.workload.broadcast$client$reify__16644.invoke_BANG_(broadcast.clj:203)
	at jepsen.client.Validate.invoke_BANG_(client.clj:83)
	at jepsen.generator.interpreter.ClientWorker.invoke_BANG_(interpreter.clj:65)
	at jepsen.generator.interpreter$spawn_worker$fn__12908$fn__12909.invoke(interpreter.clj:140)
	at jepsen.generator.interpreter$spawn_worker$fn__12908.invoke(interpreter.clj:123)
	at clojure.core$binding_conveyor_fn$fn__5823.invoke(core.clj:2047)
	at clojure.lang.AFn.call(AFn.java:18)
	at java.base/java.util.concurrent.FutureTask.run(FutureTask.java:317)
	at java.base/java.util.concurrent.ThreadPoolExecutor.runWorker(ThreadPoolExecutor.java:1144)
	at java.base/java.util.concurrent.ThreadPoolExecutor$Worker.run(ThreadPoolExecutor.java:642)
	at java.base/java.lang.Thread.run(Thread.java:1583)
2023-10-28 16:35:34,342{GMT}	INFO	[jepsen worker 0] jepsen.util: 14	:invoke	:broadcast	14
2023-10-28 16:35:34,352{GMT}	WARN	[jepsen worker 0] jepsen.generator.interpreter: Process 14 crashed
clojure.lang.ExceptionInfo: Malformed RPC response. Maelstrom sent node n0 the following request:

{:type "broadcast", :message 14, :msg_id 1}

And expected a response of the form:

{:type (eq "broadcast_ok"), {:k :msg_id} Int, :in_reply_to Int}

... but instead received

{:in_reply_to 1, :message 14, :msg_id 1, :type "broadcast"}

This is malformed because:

{:type (not (= "broadcast_ok" "broadcast")), :message disallowed-key}

See doc/protocol.md for more guidance.
	at slingshot.support$stack_trace.invoke(support.clj:201)
	at maelstrom.client$check_body.invokeStatic(client.clj:188)
	at maelstrom.client$check_body.invoke(client.clj:181)
	at maelstrom.workload.broadcast$fn__16565$broadcast_BANG___16566.invoke(broadcast.clj:27)
	at maelstrom.workload.broadcast$fn__16565$broadcast_BANG___16566.invoke(broadcast.clj:27)
	at maelstrom.workload.broadcast$client$reify__16644.invoke_BANG_(broadcast.clj:203)
	at jepsen.client.Validate.invoke_BANG_(client.clj:83)
	at jepsen.generator.interpreter.ClientWorker.invoke_BANG_(interpreter.clj:65)
	at jepsen.generator.interpreter$spawn_worker$fn__12908$fn__12909.invoke(interpreter.clj:140)
	at jepsen.generator.interpreter$spawn_worker$fn__12908.invoke(interpreter.clj:123)
	at clojure.core$binding_conveyor_fn$fn__5823.invoke(core.clj:2047)
	at clojure.lang.AFn.call(AFn.java:18)
	at java.base/java.util.concurrent.FutureTask.run(FutureTask.java:317)
	at java.base/java.util.concurrent.ThreadPoolExecutor.runWorker(ThreadPoolExecutor.java:1144)
	at java.base/java.util.concurrent.ThreadPoolExecutor$Worker.run(ThreadPoolExecutor.java:642)
	at java.base/java.lang.Thread.run(Thread.java:1583)
2023-10-28 16:35:34,423{GMT}	INFO	[jepsen worker 0] jepsen.util: 15	:invoke	:broadcast	15
2023-10-28 16:35:34,431{GMT}	WARN	[jepsen worker 0] jepsen.generator.interpreter: Process 15 crashed
clojure.lang.ExceptionInfo: Malformed RPC response. Maelstrom sent node n0 the following request:

{:type "broadcast", :message 15, :msg_id 1}

And expected a response of the form:

{:type (eq "broadcast_ok"), {:k :msg_id} Int, :in_reply_to Int}

... but instead received

{:in_reply_to 1, :message 15, :msg_id 1, :type "broadcast"}

This is malformed because:

{:type (not (= "broadcast_ok" "broadcast")), :message disallowed-key}

See doc/protocol.md for more guidance.
	at slingshot.support$stack_trace.invoke(support.clj:201)
	at maelstrom.client$check_body.invokeStatic(client.clj:188)
	at maelstrom.client$check_body.invoke(client.clj:181)
	at maelstrom.workload.broadcast$fn__16565$broadcast_BANG___16566.invoke(broadcast.clj:27)
	at maelstrom.workload.broadcast$fn__16565$broadcast_BANG___16566.invoke(broadcast.clj:27)
	at maelstrom.workload.broadcast$client$reify__16644.invoke_BANG_(broadcast.clj:203)
	at jepsen.client.Validate.invoke_BANG_(client.clj:83)
	at jepsen.generator.interpreter.ClientWorker.invoke_BANG_(interpreter.clj:65)
	at jepsen.generator.interpreter$spawn_worker$fn__12908$fn__12909.invoke(interpreter.clj:140)
	at jepsen.generator.interpreter$spawn_worker$fn__12908.invoke(interpreter.clj:123)
	at clojure.core$binding_conveyor_fn$fn__5823.invoke(core.clj:2047)
	at clojure.lang.AFn.call(AFn.java:18)
	at java.base/java.util.concurrent.FutureTask.run(FutureTask.java:317)
	at java.base/java.util.concurrent.ThreadPoolExecutor.runWorker(ThreadPoolExecutor.java:1144)
	at java.base/java.util.concurrent.ThreadPoolExecutor$Worker.run(ThreadPoolExecutor.java:642)
	at java.base/java.lang.Thread.run(Thread.java:1583)
2023-10-28 16:35:34,482{GMT}	INFO	[jepsen worker 0] jepsen.util: 16	:invoke	:read	nil
2023-10-28 16:35:34,484{GMT}	INFO	[jepsen worker 0] jepsen.util: 16	:ok	:read	[0 0 0 0 0 0 0 0 0 0 0 0 0 0 0 0 0 0 0 0 0 0 0 0 0 0 0 0 0 0 0 0 0 0 0 0 0 0 0 0 0 0 0 0 0 0 0 0 0 0 0 0 0 0 0 0 0 0 0 0 0 0 0 0 0 0 0 0 0 0 0 0 0 0 0 0 0 0 0 0 0 0 0 0 0 0 0 0 0 0 0 0 0 0 0 0 0 0 0 0 0 1 2 3 4 5 6 7 8 9 10 11 12 13 14 15]
2023-10-28 16:35:34,518{GMT}	INFO	[jepsen worker 0] jepsen.util: 16	:invoke	:broadcast	16
2023-10-28 16:35:34,526{GMT}	WARN	[jepsen worker 0] jepsen.generator.interpreter: Process 16 crashed
clojure.lang.ExceptionInfo: Malformed RPC response. Maelstrom sent node n0 the following request:

{:type "broadcast", :message 16, :msg_id 2}

And expected a response of the form:

{:type (eq "broadcast_ok"), {:k :msg_id} Int, :in_reply_to Int}

... but instead received

{:in_reply_to 2, :message 16, :msg_id 2, :type "broadcast"}

This is malformed because:

{:type (not (= "broadcast_ok" "broadcast")), :message disallowed-key}

See doc/protocol.md for more guidance.
	at slingshot.support$stack_trace.invoke(support.clj:201)
	at maelstrom.client$check_body.invokeStatic(client.clj:188)
	at maelstrom.client$check_body.invoke(client.clj:181)
	at maelstrom.workload.broadcast$fn__16565$broadcast_BANG___16566.invoke(broadcast.clj:27)
	at maelstrom.workload.broadcast$fn__16565$broadcast_BANG___16566.invoke(broadcast.clj:27)
	at maelstrom.workload.broadcast$client$reify__16644.invoke_BANG_(broadcast.clj:203)
	at jepsen.client.Validate.invoke_BANG_(client.clj:83)
	at jepsen.generator.interpreter.ClientWorker.invoke_BANG_(interpreter.clj:65)
	at jepsen.generator.interpreter$spawn_worker$fn__12908$fn__12909.invoke(interpreter.clj:140)
	at jepsen.generator.interpreter$spawn_worker$fn__12908.invoke(interpreter.clj:123)
	at clojure.core$binding_conveyor_fn$fn__5823.invoke(core.clj:2047)
	at clojure.lang.AFn.call(AFn.java:18)
	at java.base/java.util.concurrent.FutureTask.run(FutureTask.java:317)
	at java.base/java.util.concurrent.ThreadPoolExecutor.runWorker(ThreadPoolExecutor.java:1144)
	at java.base/java.util.concurrent.ThreadPoolExecutor$Worker.run(ThreadPoolExecutor.java:642)
	at java.base/java.lang.Thread.run(Thread.java:1583)
2023-10-28 16:35:34,574{GMT}	INFO	[jepsen worker 0] jepsen.util: 17	:invoke	:broadcast	17
2023-10-28 16:35:34,582{GMT}	WARN	[jepsen worker 0] jepsen.generator.interpreter: Process 17 crashed
clojure.lang.ExceptionInfo: Malformed RPC response. Maelstrom sent node n0 the following request:

{:type "broadcast", :message 17, :msg_id 1}

And expected a response of the form:

{:type (eq "broadcast_ok"), {:k :msg_id} Int, :in_reply_to Int}

... but instead received

{:in_reply_to 1, :message 17, :msg_id 1, :type "broadcast"}

This is malformed because:

{:type (not (= "broadcast_ok" "broadcast")), :message disallowed-key}

See doc/protocol.md for more guidance.
	at slingshot.support$stack_trace.invoke(support.clj:201)
	at maelstrom.client$check_body.invokeStatic(client.clj:188)
	at maelstrom.client$check_body.invoke(client.clj:181)
	at maelstrom.workload.broadcast$fn__16565$broadcast_BANG___16566.invoke(broadcast.clj:27)
	at maelstrom.workload.broadcast$fn__16565$broadcast_BANG___16566.invoke(broadcast.clj:27)
	at maelstrom.workload.broadcast$client$reify__16644.invoke_BANG_(broadcast.clj:203)
	at jepsen.client.Validate.invoke_BANG_(client.clj:83)
	at jepsen.generator.interpreter.ClientWorker.invoke_BANG_(interpreter.clj:65)
	at jepsen.generator.interpreter$spawn_worker$fn__12908$fn__12909.invoke(interpreter.clj:140)
	at jepsen.generator.interpreter$spawn_worker$fn__12908.invoke(interpreter.clj:123)
	at clojure.core$binding_conveyor_fn$fn__5823.invoke(core.clj:2047)
	at clojure.lang.AFn.call(AFn.java:18)
	at java.base/java.util.concurrent.FutureTask.run(FutureTask.java:317)
	at java.base/java.util.concurrent.ThreadPoolExecutor.runWorker(ThreadPoolExecutor.java:1144)
	at java.base/java.util.concurrent.ThreadPoolExecutor$Worker.run(ThreadPoolExecutor.java:642)
	at java.base/java.lang.Thread.run(Thread.java:1583)
2023-10-28 16:35:34,598{GMT}	INFO	[jepsen worker 0] jepsen.util: 18	:invoke	:broadcast	18
2023-10-28 16:35:34,603{GMT}	WARN	[jepsen worker 0] jepsen.generator.interpreter: Process 18 crashed
clojure.lang.ExceptionInfo: Malformed RPC response. Maelstrom sent node n0 the following request:

{:type "broadcast", :message 18, :msg_id 1}

And expected a response of the form:

{:type (eq "broadcast_ok"), {:k :msg_id} Int, :in_reply_to Int}

... but instead received

{:in_reply_to 1, :message 18, :msg_id 1, :type "broadcast"}

This is malformed because:

{:type (not (= "broadcast_ok" "broadcast")), :message disallowed-key}

See doc/protocol.md for more guidance.
	at slingshot.support$stack_trace.invoke(support.clj:201)
	at maelstrom.client$check_body.invokeStatic(client.clj:188)
	at maelstrom.client$check_body.invoke(client.clj:181)
	at maelstrom.workload.broadcast$fn__16565$broadcast_BANG___16566.invoke(broadcast.clj:27)
	at maelstrom.workload.broadcast$fn__16565$broadcast_BANG___16566.invoke(broadcast.clj:27)
	at maelstrom.workload.broadcast$client$reify__16644.invoke_BANG_(broadcast.clj:203)
	at jepsen.client.Validate.invoke_BANG_(client.clj:83)
	at jepsen.generator.interpreter.ClientWorker.invoke_BANG_(interpreter.clj:65)
	at jepsen.generator.interpreter$spawn_worker$fn__12908$fn__12909.invoke(interpreter.clj:140)
	at jepsen.generator.interpreter$spawn_worker$fn__12908.invoke(interpreter.clj:123)
	at clojure.core$binding_conveyor_fn$fn__5823.invoke(core.clj:2047)
	at clojure.lang.AFn.call(AFn.java:18)
	at java.base/java.util.concurrent.FutureTask.run(FutureTask.java:317)
	at java.base/java.util.concurrent.ThreadPoolExecutor.runWorker(ThreadPoolExecutor.java:1144)
	at java.base/java.util.concurrent.ThreadPoolExecutor$Worker.run(ThreadPoolExecutor.java:642)
	at java.base/java.lang.Thread.run(Thread.java:1583)
2023-10-28 16:35:34,738{GMT}	INFO	[jepsen worker 0] jepsen.util: 19	:invoke	:read	nil
2023-10-28 16:35:34,741{GMT}	INFO	[jepsen worker 0] jepsen.util: 19	:ok	:read	[0 0 0 0 0 0 0 0 0 0 0 0 0 0 0 0 0 0 0 0 0 0 0 0 0 0 0 0 0 0 0 0 0 0 0 0 0 0 0 0 0 0 0 0 0 0 0 0 0 0 0 0 0 0 0 0 0 0 0 0 0 0 0 0 0 0 0 0 0 0 0 0 0 0 0 0 0 0 0 0 0 0 0 0 0 0 0 0 0 0 0 0 0 0 0 0 0 0 0 0 0 1 2 3 4 5 6 7 8 9 10 11 12 13 14 15 16 17 18]
2023-10-28 16:35:34,775{GMT}	INFO	[jepsen worker 0] jepsen.util: 19	:invoke	:broadcast	19
2023-10-28 16:35:34,783{GMT}	WARN	[jepsen worker 0] jepsen.generator.interpreter: Process 19 crashed
clojure.lang.ExceptionInfo: Malformed RPC response. Maelstrom sent node n0 the following request:

{:type "broadcast", :message 19, :msg_id 2}

And expected a response of the form:

{:type (eq "broadcast_ok"), {:k :msg_id} Int, :in_reply_to Int}

... but instead received

{:in_reply_to 2, :message 19, :msg_id 2, :type "broadcast"}

This is malformed because:

{:type (not (= "broadcast_ok" "broadcast")), :message disallowed-key}

See doc/protocol.md for more guidance.
	at slingshot.support$stack_trace.invoke(support.clj:201)
	at maelstrom.client$check_body.invokeStatic(client.clj:188)
	at maelstrom.client$check_body.invoke(client.clj:181)
	at maelstrom.workload.broadcast$fn__16565$broadcast_BANG___16566.invoke(broadcast.clj:27)
	at maelstrom.workload.broadcast$fn__16565$broadcast_BANG___16566.invoke(broadcast.clj:27)
	at maelstrom.workload.broadcast$client$reify__16644.invoke_BANG_(broadcast.clj:203)
	at jepsen.client.Validate.invoke_BANG_(client.clj:83)
	at jepsen.generator.interpreter.ClientWorker.invoke_BANG_(interpreter.clj:65)
	at jepsen.generator.interpreter$spawn_worker$fn__12908$fn__12909.invoke(interpreter.clj:140)
	at jepsen.generator.interpreter$spawn_worker$fn__12908.invoke(interpreter.clj:123)
	at clojure.core$binding_conveyor_fn$fn__5823.invoke(core.clj:2047)
	at clojure.lang.AFn.call(AFn.java:18)
	at java.base/java.util.concurrent.FutureTask.run(FutureTask.java:317)
	at java.base/java.util.concurrent.ThreadPoolExecutor.runWorker(ThreadPoolExecutor.java:1144)
	at java.base/java.util.concurrent.ThreadPoolExecutor$Worker.run(ThreadPoolExecutor.java:642)
	at java.base/java.lang.Thread.run(Thread.java:1583)
2023-10-28 16:35:34,837{GMT}	INFO	[jepsen worker 0] jepsen.util: 20	:invoke	:read	nil
2023-10-28 16:35:34,839{GMT}	INFO	[jepsen worker 0] jepsen.util: 20	:ok	:read	[0 0 0 0 0 0 0 0 0 0 0 0 0 0 0 0 0 0 0 0 0 0 0 0 0 0 0 0 0 0 0 0 0 0 0 0 0 0 0 0 0 0 0 0 0 0 0 0 0 0 0 0 0 0 0 0 0 0 0 0 0 0 0 0 0 0 0 0 0 0 0 0 0 0 0 0 0 0 0 0 0 0 0 0 0 0 0 0 0 0 0 0 0 0 0 0 0 0 0 0 0 1 2 3 4 5 6 7 8 9 10 11 12 13 14 15 16 17 18 19]
2023-10-28 16:35:34,882{GMT}	INFO	[jepsen worker 0] jepsen.util: 20	:invoke	:broadcast	20
2023-10-28 16:35:34,888{GMT}	WARN	[jepsen worker 0] jepsen.generator.interpreter: Process 20 crashed
clojure.lang.ExceptionInfo: Malformed RPC response. Maelstrom sent node n0 the following request:

{:type "broadcast", :message 20, :msg_id 2}

And expected a response of the form:

{:type (eq "broadcast_ok"), {:k :msg_id} Int, :in_reply_to Int}

... but instead received

{:in_reply_to 2, :message 20, :msg_id 2, :type "broadcast"}

This is malformed because:

{:type (not (= "broadcast_ok" "broadcast")), :message disallowed-key}

See doc/protocol.md for more guidance.
	at slingshot.support$stack_trace.invoke(support.clj:201)
	at maelstrom.client$check_body.invokeStatic(client.clj:188)
	at maelstrom.client$check_body.invoke(client.clj:181)
	at maelstrom.workload.broadcast$fn__16565$broadcast_BANG___16566.invoke(broadcast.clj:27)
	at maelstrom.workload.broadcast$fn__16565$broadcast_BANG___16566.invoke(broadcast.clj:27)
	at maelstrom.workload.broadcast$client$reify__16644.invoke_BANG_(broadcast.clj:203)
	at jepsen.client.Validate.invoke_BANG_(client.clj:83)
	at jepsen.generator.interpreter.ClientWorker.invoke_BANG_(interpreter.clj:65)
	at jepsen.generator.interpreter$spawn_worker$fn__12908$fn__12909.invoke(interpreter.clj:140)
	at jepsen.generator.interpreter$spawn_worker$fn__12908.invoke(interpreter.clj:123)
	at clojure.core$binding_conveyor_fn$fn__5823.invoke(core.clj:2047)
	at clojure.lang.AFn.call(AFn.java:18)
	at java.base/java.util.concurrent.FutureTask.run(FutureTask.java:317)
	at java.base/java.util.concurrent.ThreadPoolExecutor.runWorker(ThreadPoolExecutor.java:1144)
	at java.base/java.util.concurrent.ThreadPoolExecutor$Worker.run(ThreadPoolExecutor.java:642)
	at java.base/java.lang.Thread.run(Thread.java:1583)
2023-10-28 16:35:35,053{GMT}	INFO	[jepsen worker 0] jepsen.util: 21	:invoke	:read	nil
2023-10-28 16:35:35,056{GMT}	INFO	[jepsen worker 0] jepsen.util: 21	:ok	:read	[0 0 0 0 0 0 0 0 0 0 0 0 0 0 0 0 0 0 0 0 0 0 0 0 0 0 0 0 0 0 0 0 0 0 0 0 0 0 0 0 0 0 0 0 0 0 0 0 0 0 0 0 0 0 0 0 0 0 0 0 0 0 0 0 0 0 0 0 0 0 0 0 0 0 0 0 0 0 0 0 0 0 0 0 0 0 0 0 0 0 0 0 0 0 0 0 0 0 0 0 0 1 2 3 4 5 6 7 8 9 10 11 12 13 14 15 16 17 18 19 20]
2023-10-28 16:35:35,102{GMT}	INFO	[jepsen worker 0] jepsen.util: 21	:invoke	:broadcast	21
2023-10-28 16:35:35,109{GMT}	WARN	[jepsen worker 0] jepsen.generator.interpreter: Process 21 crashed
clojure.lang.ExceptionInfo: Malformed RPC response. Maelstrom sent node n0 the following request:

{:type "broadcast", :message 21, :msg_id 2}

And expected a response of the form:

{:type (eq "broadcast_ok"), {:k :msg_id} Int, :in_reply_to Int}

... but instead received

{:in_reply_to 2, :message 21, :msg_id 2, :type "broadcast"}

This is malformed because:

{:type (not (= "broadcast_ok" "broadcast")), :message disallowed-key}

See doc/protocol.md for more guidance.
	at slingshot.support$stack_trace.invoke(support.clj:201)
	at maelstrom.client$check_body.invokeStatic(client.clj:188)
	at maelstrom.client$check_body.invoke(client.clj:181)
	at maelstrom.workload.broadcast$fn__16565$broadcast_BANG___16566.invoke(broadcast.clj:27)
	at maelstrom.workload.broadcast$fn__16565$broadcast_BANG___16566.invoke(broadcast.clj:27)
	at maelstrom.workload.broadcast$client$reify__16644.invoke_BANG_(broadcast.clj:203)
	at jepsen.client.Validate.invoke_BANG_(client.clj:83)
	at jepsen.generator.interpreter.ClientWorker.invoke_BANG_(interpreter.clj:65)
	at jepsen.generator.interpreter$spawn_worker$fn__12908$fn__12909.invoke(interpreter.clj:140)
	at jepsen.generator.interpreter$spawn_worker$fn__12908.invoke(interpreter.clj:123)
	at clojure.core$binding_conveyor_fn$fn__5823.invoke(core.clj:2047)
	at clojure.lang.AFn.call(AFn.java:18)
	at java.base/java.util.concurrent.FutureTask.run(FutureTask.java:317)
	at java.base/java.util.concurrent.ThreadPoolExecutor.runWorker(ThreadPoolExecutor.java:1144)
	at java.base/java.util.concurrent.ThreadPoolExecutor$Worker.run(ThreadPoolExecutor.java:642)
	at java.base/java.lang.Thread.run(Thread.java:1583)
2023-10-28 16:35:35,248{GMT}	INFO	[jepsen worker 0] jepsen.util: 22	:invoke	:broadcast	22
2023-10-28 16:35:35,257{GMT}	WARN	[jepsen worker 0] jepsen.generator.interpreter: Process 22 crashed
clojure.lang.ExceptionInfo: Malformed RPC response. Maelstrom sent node n0 the following request:

{:type "broadcast", :message 22, :msg_id 1}

And expected a response of the form:

{:type (eq "broadcast_ok"), {:k :msg_id} Int, :in_reply_to Int}

... but instead received

{:in_reply_to 1, :message 22, :msg_id 1, :type "broadcast"}

This is malformed because:

{:type (not (= "broadcast_ok" "broadcast")), :message disallowed-key}

See doc/protocol.md for more guidance.
	at slingshot.support$stack_trace.invoke(support.clj:201)
	at maelstrom.client$check_body.invokeStatic(client.clj:188)
	at maelstrom.client$check_body.invoke(client.clj:181)
	at maelstrom.workload.broadcast$fn__16565$broadcast_BANG___16566.invoke(broadcast.clj:27)
	at maelstrom.workload.broadcast$fn__16565$broadcast_BANG___16566.invoke(broadcast.clj:27)
	at maelstrom.workload.broadcast$client$reify__16644.invoke_BANG_(broadcast.clj:203)
	at jepsen.client.Validate.invoke_BANG_(client.clj:83)
	at jepsen.generator.interpreter.ClientWorker.invoke_BANG_(interpreter.clj:65)
	at jepsen.generator.interpreter$spawn_worker$fn__12908$fn__12909.invoke(interpreter.clj:140)
	at jepsen.generator.interpreter$spawn_worker$fn__12908.invoke(interpreter.clj:123)
	at clojure.core$binding_conveyor_fn$fn__5823.invoke(core.clj:2047)
	at clojure.lang.AFn.call(AFn.java:18)
	at java.base/java.util.concurrent.FutureTask.run(FutureTask.java:317)
	at java.base/java.util.concurrent.ThreadPoolExecutor.runWorker(ThreadPoolExecutor.java:1144)
	at java.base/java.util.concurrent.ThreadPoolExecutor$Worker.run(ThreadPoolExecutor.java:642)
	at java.base/java.lang.Thread.run(Thread.java:1583)
2023-10-28 16:35:35,300{GMT}	INFO	[jepsen worker 0] jepsen.util: 23	:invoke	:read	nil
2023-10-28 16:35:35,302{GMT}	INFO	[jepsen worker 0] jepsen.util: 23	:ok	:read	[0 0 0 0 0 0 0 0 0 0 0 0 0 0 0 0 0 0 0 0 0 0 0 0 0 0 0 0 0 0 0 0 0 0 0 0 0 0 0 0 0 0 0 0 0 0 0 0 0 0 0 0 0 0 0 0 0 0 0 0 0 0 0 0 0 0 0 0 0 0 0 0 0 0 0 0 0 0 0 0 0 0 0 0 0 0 0 0 0 0 0 0 0 0 0 0 0 0 0 0 0 1 2 3 4 5 6 7 8 9 10 11 12 13 14 15 16 17 18 19 20 21 22]
2023-10-28 16:35:35,364{GMT}	INFO	[jepsen worker 0] jepsen.util: 23	:invoke	:broadcast	23
2023-10-28 16:35:35,373{GMT}	WARN	[jepsen worker 0] jepsen.generator.interpreter: Process 23 crashed
clojure.lang.ExceptionInfo: Malformed RPC response. Maelstrom sent node n0 the following request:

{:type "broadcast", :message 23, :msg_id 2}

And expected a response of the form:

{:type (eq "broadcast_ok"), {:k :msg_id} Int, :in_reply_to Int}

... but instead received

{:in_reply_to 2, :message 23, :msg_id 2, :type "broadcast"}

This is malformed because:

{:type (not (= "broadcast_ok" "broadcast")), :message disallowed-key}

See doc/protocol.md for more guidance.
	at slingshot.support$stack_trace.invoke(support.clj:201)
	at maelstrom.client$check_body.invokeStatic(client.clj:188)
	at maelstrom.client$check_body.invoke(client.clj:181)
	at maelstrom.workload.broadcast$fn__16565$broadcast_BANG___16566.invoke(broadcast.clj:27)
	at maelstrom.workload.broadcast$fn__16565$broadcast_BANG___16566.invoke(broadcast.clj:27)
	at maelstrom.workload.broadcast$client$reify__16644.invoke_BANG_(broadcast.clj:203)
	at jepsen.client.Validate.invoke_BANG_(client.clj:83)
	at jepsen.generator.interpreter.ClientWorker.invoke_BANG_(interpreter.clj:65)
	at jepsen.generator.interpreter$spawn_worker$fn__12908$fn__12909.invoke(interpreter.clj:140)
	at jepsen.generator.interpreter$spawn_worker$fn__12908.invoke(interpreter.clj:123)
	at clojure.core$binding_conveyor_fn$fn__5823.invoke(core.clj:2047)
	at clojure.lang.AFn.call(AFn.java:18)
	at java.base/java.util.concurrent.FutureTask.run(FutureTask.java:317)
	at java.base/java.util.concurrent.ThreadPoolExecutor.runWorker(ThreadPoolExecutor.java:1144)
	at java.base/java.util.concurrent.ThreadPoolExecutor$Worker.run(ThreadPoolExecutor.java:642)
	at java.base/java.lang.Thread.run(Thread.java:1583)
2023-10-28 16:35:35,531{GMT}	INFO	[jepsen worker 0] jepsen.util: 24	:invoke	:broadcast	24
2023-10-28 16:35:35,540{GMT}	WARN	[jepsen worker 0] jepsen.generator.interpreter: Process 24 crashed
clojure.lang.ExceptionInfo: Malformed RPC response. Maelstrom sent node n0 the following request:

{:type "broadcast", :message 24, :msg_id 1}

And expected a response of the form:

{:type (eq "broadcast_ok"), {:k :msg_id} Int, :in_reply_to Int}

... but instead received

{:in_reply_to 1, :message 24, :msg_id 1, :type "broadcast"}

This is malformed because:

{:type (not (= "broadcast_ok" "broadcast")), :message disallowed-key}

See doc/protocol.md for more guidance.
	at slingshot.support$stack_trace.invoke(support.clj:201)
	at maelstrom.client$check_body.invokeStatic(client.clj:188)
	at maelstrom.client$check_body.invoke(client.clj:181)
	at maelstrom.workload.broadcast$fn__16565$broadcast_BANG___16566.invoke(broadcast.clj:27)
	at maelstrom.workload.broadcast$fn__16565$broadcast_BANG___16566.invoke(broadcast.clj:27)
	at maelstrom.workload.broadcast$client$reify__16644.invoke_BANG_(broadcast.clj:203)
	at jepsen.client.Validate.invoke_BANG_(client.clj:83)
	at jepsen.generator.interpreter.ClientWorker.invoke_BANG_(interpreter.clj:65)
	at jepsen.generator.interpreter$spawn_worker$fn__12908$fn__12909.invoke(interpreter.clj:140)
	at jepsen.generator.interpreter$spawn_worker$fn__12908.invoke(interpreter.clj:123)
	at clojure.core$binding_conveyor_fn$fn__5823.invoke(core.clj:2047)
	at clojure.lang.AFn.call(AFn.java:18)
	at java.base/java.util.concurrent.FutureTask.run(FutureTask.java:317)
	at java.base/java.util.concurrent.ThreadPoolExecutor.runWorker(ThreadPoolExecutor.java:1144)
	at java.base/java.util.concurrent.ThreadPoolExecutor$Worker.run(ThreadPoolExecutor.java:642)
	at java.base/java.lang.Thread.run(Thread.java:1583)
2023-10-28 16:35:35,715{GMT}	INFO	[jepsen worker 0] jepsen.util: 25	:invoke	:read	nil
2023-10-28 16:35:35,718{GMT}	INFO	[jepsen worker 0] jepsen.util: 25	:ok	:read	[0 0 0 0 0 0 0 0 0 0 0 0 0 0 0 0 0 0 0 0 0 0 0 0 0 0 0 0 0 0 0 0 0 0 0 0 0 0 0 0 0 0 0 0 0 0 0 0 0 0 0 0 0 0 0 0 0 0 0 0 0 0 0 0 0 0 0 0 0 0 0 0 0 0 0 0 0 0 0 0 0 0 0 0 0 0 0 0 0 0 0 0 0 0 0 0 0 0 0 0 0 1 2 3 4 5 6 7 8 9 10 11 12 13 14 15 16 17 18 19 20 21 22 23 24]
2023-10-28 16:35:35,760{GMT}	INFO	[jepsen worker 0] jepsen.util: 25	:invoke	:read	nil
2023-10-28 16:35:35,763{GMT}	INFO	[jepsen worker 0] jepsen.util: 25	:ok	:read	[0 0 0 0 0 0 0 0 0 0 0 0 0 0 0 0 0 0 0 0 0 0 0 0 0 0 0 0 0 0 0 0 0 0 0 0 0 0 0 0 0 0 0 0 0 0 0 0 0 0 0 0 0 0 0 0 0 0 0 0 0 0 0 0 0 0 0 0 0 0 0 0 0 0 0 0 0 0 0 0 0 0 0 0 0 0 0 0 0 0 0 0 0 0 0 0 0 0 0 0 0 1 2 3 4 5 6 7 8 9 10 11 12 13 14 15 16 17 18 19 20 21 22 23 24]
2023-10-28 16:35:35,776{GMT}	INFO	[jepsen worker 0] jepsen.util: 25	:invoke	:broadcast	25
2023-10-28 16:35:35,784{GMT}	WARN	[jepsen worker 0] jepsen.generator.interpreter: Process 25 crashed
clojure.lang.ExceptionInfo: Malformed RPC response. Maelstrom sent node n0 the following request:

{:type "broadcast", :message 25, :msg_id 3}

And expected a response of the form:

{:type (eq "broadcast_ok"), {:k :msg_id} Int, :in_reply_to Int}

... but instead received

{:in_reply_to 3, :message 25, :msg_id 3, :type "broadcast"}

This is malformed because:

{:type (not (= "broadcast_ok" "broadcast")), :message disallowed-key}

See doc/protocol.md for more guidance.
	at slingshot.support$stack_trace.invoke(support.clj:201)
	at maelstrom.client$check_body.invokeStatic(client.clj:188)
	at maelstrom.client$check_body.invoke(client.clj:181)
	at maelstrom.workload.broadcast$fn__16565$broadcast_BANG___16566.invoke(broadcast.clj:27)
	at maelstrom.workload.broadcast$fn__16565$broadcast_BANG___16566.invoke(broadcast.clj:27)
	at maelstrom.workload.broadcast$client$reify__16644.invoke_BANG_(broadcast.clj:203)
	at jepsen.client.Validate.invoke_BANG_(client.clj:83)
	at jepsen.generator.interpreter.ClientWorker.invoke_BANG_(interpreter.clj:65)
	at jepsen.generator.interpreter$spawn_worker$fn__12908$fn__12909.invoke(interpreter.clj:140)
	at jepsen.generator.interpreter$spawn_worker$fn__12908.invoke(interpreter.clj:123)
	at clojure.core$binding_conveyor_fn$fn__5823.invoke(core.clj:2047)
	at clojure.lang.AFn.call(AFn.java:18)
	at java.base/java.util.concurrent.FutureTask.run(FutureTask.java:317)
	at java.base/java.util.concurrent.ThreadPoolExecutor.runWorker(ThreadPoolExecutor.java:1144)
	at java.base/java.util.concurrent.ThreadPoolExecutor$Worker.run(ThreadPoolExecutor.java:642)
	at java.base/java.lang.Thread.run(Thread.java:1583)
2023-10-28 16:35:35,865{GMT}	INFO	[jepsen worker 0] jepsen.util: 26	:invoke	:read	nil
2023-10-28 16:35:35,868{GMT}	INFO	[jepsen worker 0] jepsen.util: 26	:ok	:read	[0 0 0 0 0 0 0 0 0 0 0 0 0 0 0 0 0 0 0 0 0 0 0 0 0 0 0 0 0 0 0 0 0 0 0 0 0 0 0 0 0 0 0 0 0 0 0 0 0 0 0 0 0 0 0 0 0 0 0 0 0 0 0 0 0 0 0 0 0 0 0 0 0 0 0 0 0 0 0 0 0 0 0 0 0 0 0 0 0 0 0 0 0 0 0 0 0 0 0 0 0 1 2 3 4 5 6 7 8 9 10 11 12 13 14 15 16 17 18 19 20 21 22 23 24 25]
2023-10-28 16:35:36,002{GMT}	INFO	[jepsen worker 0] jepsen.util: 26	:invoke	:broadcast	26
2023-10-28 16:35:36,010{GMT}	WARN	[jepsen worker 0] jepsen.generator.interpreter: Process 26 crashed
clojure.lang.ExceptionInfo: Malformed RPC response. Maelstrom sent node n0 the following request:

{:type "broadcast", :message 26, :msg_id 2}

And expected a response of the form:

{:type (eq "broadcast_ok"), {:k :msg_id} Int, :in_reply_to Int}

... but instead received

{:in_reply_to 2, :message 26, :msg_id 2, :type "broadcast"}

This is malformed because:

{:type (not (= "broadcast_ok" "broadcast")), :message disallowed-key}

See doc/protocol.md for more guidance.
	at slingshot.support$stack_trace.invoke(support.clj:201)
	at maelstrom.client$check_body.invokeStatic(client.clj:188)
	at maelstrom.client$check_body.invoke(client.clj:181)
	at maelstrom.workload.broadcast$fn__16565$broadcast_BANG___16566.invoke(broadcast.clj:27)
	at maelstrom.workload.broadcast$fn__16565$broadcast_BANG___16566.invoke(broadcast.clj:27)
	at maelstrom.workload.broadcast$client$reify__16644.invoke_BANG_(broadcast.clj:203)
	at jepsen.client.Validate.invoke_BANG_(client.clj:83)
	at jepsen.generator.interpreter.ClientWorker.invoke_BANG_(interpreter.clj:65)
	at jepsen.generator.interpreter$spawn_worker$fn__12908$fn__12909.invoke(interpreter.clj:140)
	at jepsen.generator.interpreter$spawn_worker$fn__12908.invoke(interpreter.clj:123)
	at clojure.core$binding_conveyor_fn$fn__5823.invoke(core.clj:2047)
	at clojure.lang.AFn.call(AFn.java:18)
	at java.base/java.util.concurrent.FutureTask.run(FutureTask.java:317)
	at java.base/java.util.concurrent.ThreadPoolExecutor.runWorker(ThreadPoolExecutor.java:1144)
	at java.base/java.util.concurrent.ThreadPoolExecutor$Worker.run(ThreadPoolExecutor.java:642)
	at java.base/java.lang.Thread.run(Thread.java:1583)
2023-10-28 16:35:36,160{GMT}	INFO	[jepsen worker 0] jepsen.util: 27	:invoke	:broadcast	27
2023-10-28 16:35:36,169{GMT}	WARN	[jepsen worker 0] jepsen.generator.interpreter: Process 27 crashed
clojure.lang.ExceptionInfo: Malformed RPC response. Maelstrom sent node n0 the following request:

{:type "broadcast", :message 27, :msg_id 1}

And expected a response of the form:

{:type (eq "broadcast_ok"), {:k :msg_id} Int, :in_reply_to Int}

... but instead received

{:in_reply_to 1, :message 27, :msg_id 1, :type "broadcast"}

This is malformed because:

{:type (not (= "broadcast_ok" "broadcast")), :message disallowed-key}

See doc/protocol.md for more guidance.
	at slingshot.support$stack_trace.invoke(support.clj:201)
	at maelstrom.client$check_body.invokeStatic(client.clj:188)
	at maelstrom.client$check_body.invoke(client.clj:181)
	at maelstrom.workload.broadcast$fn__16565$broadcast_BANG___16566.invoke(broadcast.clj:27)
	at maelstrom.workload.broadcast$fn__16565$broadcast_BANG___16566.invoke(broadcast.clj:27)
	at maelstrom.workload.broadcast$client$reify__16644.invoke_BANG_(broadcast.clj:203)
	at jepsen.client.Validate.invoke_BANG_(client.clj:83)
	at jepsen.generator.interpreter.ClientWorker.invoke_BANG_(interpreter.clj:65)
	at jepsen.generator.interpreter$spawn_worker$fn__12908$fn__12909.invoke(interpreter.clj:140)
	at jepsen.generator.interpreter$spawn_worker$fn__12908.invoke(interpreter.clj:123)
	at clojure.core$binding_conveyor_fn$fn__5823.invoke(core.clj:2047)
	at clojure.lang.AFn.call(AFn.java:18)
	at java.base/java.util.concurrent.FutureTask.run(FutureTask.java:317)
	at java.base/java.util.concurrent.ThreadPoolExecutor.runWorker(ThreadPoolExecutor.java:1144)
	at java.base/java.util.concurrent.ThreadPoolExecutor$Worker.run(ThreadPoolExecutor.java:642)
	at java.base/java.lang.Thread.run(Thread.java:1583)
2023-10-28 16:35:36,344{GMT}	INFO	[jepsen worker 0] jepsen.util: 28	:invoke	:read	nil
2023-10-28 16:35:36,348{GMT}	INFO	[jepsen worker 0] jepsen.util: 28	:ok	:read	[0 0 0 0 0 0 0 0 0 0 0 0 0 0 0 0 0 0 0 0 0 0 0 0 0 0 0 0 0 0 0 0 0 0 0 0 0 0 0 0 0 0 0 0 0 0 0 0 0 0 0 0 0 0 0 0 0 0 0 0 0 0 0 0 0 0 0 0 0 0 0 0 0 0 0 0 0 0 0 0 0 0 0 0 0 0 0 0 0 0 0 0 0 0 0 0 0 0 0 0 0 1 2 3 4 5 6 7 8 9 10 11 12 13 14 15 16 17 18 19 20 21 22 23 24 25 26 27]
2023-10-28 16:35:36,462{GMT}	INFO	[jepsen worker 0] jepsen.util: 28	:invoke	:broadcast	28
2023-10-28 16:35:36,471{GMT}	WARN	[jepsen worker 0] jepsen.generator.interpreter: Process 28 crashed
clojure.lang.ExceptionInfo: Malformed RPC response. Maelstrom sent node n0 the following request:

{:type "broadcast", :message 28, :msg_id 2}

And expected a response of the form:

{:type (eq "broadcast_ok"), {:k :msg_id} Int, :in_reply_to Int}

... but instead received

{:in_reply_to 2, :message 28, :msg_id 2, :type "broadcast"}

This is malformed because:

{:type (not (= "broadcast_ok" "broadcast")), :message disallowed-key}

See doc/protocol.md for more guidance.
	at slingshot.support$stack_trace.invoke(support.clj:201)
	at maelstrom.client$check_body.invokeStatic(client.clj:188)
	at maelstrom.client$check_body.invoke(client.clj:181)
	at maelstrom.workload.broadcast$fn__16565$broadcast_BANG___16566.invoke(broadcast.clj:27)
	at maelstrom.workload.broadcast$fn__16565$broadcast_BANG___16566.invoke(broadcast.clj:27)
	at maelstrom.workload.broadcast$client$reify__16644.invoke_BANG_(broadcast.clj:203)
	at jepsen.client.Validate.invoke_BANG_(client.clj:83)
	at jepsen.generator.interpreter.ClientWorker.invoke_BANG_(interpreter.clj:65)
	at jepsen.generator.interpreter$spawn_worker$fn__12908$fn__12909.invoke(interpreter.clj:140)
	at jepsen.generator.interpreter$spawn_worker$fn__12908.invoke(interpreter.clj:123)
	at clojure.core$binding_conveyor_fn$fn__5823.invoke(core.clj:2047)
	at clojure.lang.AFn.call(AFn.java:18)
	at java.base/java.util.concurrent.FutureTask.run(FutureTask.java:317)
	at java.base/java.util.concurrent.ThreadPoolExecutor.runWorker(ThreadPoolExecutor.java:1144)
	at java.base/java.util.concurrent.ThreadPoolExecutor$Worker.run(ThreadPoolExecutor.java:642)
	at java.base/java.lang.Thread.run(Thread.java:1583)
2023-10-28 16:35:36,472{GMT}	INFO	[jepsen worker 0] jepsen.util: 29	:invoke	:read	nil
2023-10-28 16:35:36,473{GMT}	INFO	[jepsen worker 0] jepsen.util: 29	:ok	:read	[0 0 0 0 0 0 0 0 0 0 0 0 0 0 0 0 0 0 0 0 0 0 0 0 0 0 0 0 0 0 0 0 0 0 0 0 0 0 0 0 0 0 0 0 0 0 0 0 0 0 0 0 0 0 0 0 0 0 0 0 0 0 0 0 0 0 0 0 0 0 0 0 0 0 0 0 0 0 0 0 0 0 0 0 0 0 0 0 0 0 0 0 0 0 0 0 0 0 0 0 0 1 2 3 4 5 6 7 8 9 10 11 12 13 14 15 16 17 18 19 20 21 22 23 24 25 26 27 28]
2023-10-28 16:35:36,475{GMT}	INFO	[jepsen worker 0] jepsen.util: 29	:invoke	:read	nil
2023-10-28 16:35:36,477{GMT}	INFO	[jepsen worker 0] jepsen.util: 29	:ok	:read	[0 0 0 0 0 0 0 0 0 0 0 0 0 0 0 0 0 0 0 0 0 0 0 0 0 0 0 0 0 0 0 0 0 0 0 0 0 0 0 0 0 0 0 0 0 0 0 0 0 0 0 0 0 0 0 0 0 0 0 0 0 0 0 0 0 0 0 0 0 0 0 0 0 0 0 0 0 0 0 0 0 0 0 0 0 0 0 0 0 0 0 0 0 0 0 0 0 0 0 0 0 1 2 3 4 5 6 7 8 9 10 11 12 13 14 15 16 17 18 19 20 21 22 23 24 25 26 27 28]
2023-10-28 16:35:36,527{GMT}	INFO	[jepsen worker 0] jepsen.util: 29	:invoke	:broadcast	29
2023-10-28 16:35:36,530{GMT}	WARN	[jepsen worker 0] jepsen.generator.interpreter: Process 29 crashed
clojure.lang.ExceptionInfo: Malformed RPC response. Maelstrom sent node n0 the following request:

{:type "broadcast", :message 29, :msg_id 3}

And expected a response of the form:

{:type (eq "broadcast_ok"), {:k :msg_id} Int, :in_reply_to Int}

... but instead received

{:in_reply_to 3, :message 29, :msg_id 3, :type "broadcast"}

This is malformed because:

{:type (not (= "broadcast_ok" "broadcast")), :message disallowed-key}

See doc/protocol.md for more guidance.
	at slingshot.support$stack_trace.invoke(support.clj:201)
	at maelstrom.client$check_body.invokeStatic(client.clj:188)
	at maelstrom.client$check_body.invoke(client.clj:181)
	at maelstrom.workload.broadcast$fn__16565$broadcast_BANG___16566.invoke(broadcast.clj:27)
	at maelstrom.workload.broadcast$fn__16565$broadcast_BANG___16566.invoke(broadcast.clj:27)
	at maelstrom.workload.broadcast$client$reify__16644.invoke_BANG_(broadcast.clj:203)
	at jepsen.client.Validate.invoke_BANG_(client.clj:83)
	at jepsen.generator.interpreter.ClientWorker.invoke_BANG_(interpreter.clj:65)
	at jepsen.generator.interpreter$spawn_worker$fn__12908$fn__12909.invoke(interpreter.clj:140)
	at jepsen.generator.interpreter$spawn_worker$fn__12908.invoke(interpreter.clj:123)
	at clojure.core$binding_conveyor_fn$fn__5823.invoke(core.clj:2047)
	at clojure.lang.AFn.call(AFn.java:18)
	at java.base/java.util.concurrent.FutureTask.run(FutureTask.java:317)
	at java.base/java.util.concurrent.ThreadPoolExecutor.runWorker(ThreadPoolExecutor.java:1144)
	at java.base/java.util.concurrent.ThreadPoolExecutor$Worker.run(ThreadPoolExecutor.java:642)
	at java.base/java.lang.Thread.run(Thread.java:1583)
2023-10-28 16:35:36,685{GMT}	INFO	[jepsen worker 0] jepsen.util: 30	:invoke	:read	nil
2023-10-28 16:35:36,688{GMT}	INFO	[jepsen worker 0] jepsen.util: 30	:ok	:read	[0 0 0 0 0 0 0 0 0 0 0 0 0 0 0 0 0 0 0 0 0 0 0 0 0 0 0 0 0 0 0 0 0 0 0 0 0 0 0 0 0 0 0 0 0 0 0 0 0 0 0 0 0 0 0 0 0 0 0 0 0 0 0 0 0 0 0 0 0 0 0 0 0 0 0 0 0 0 0 0 0 0 0 0 0 0 0 0 0 0 0 0 0 0 0 0 0 0 0 0 0 1 2 3 4 5 6 7 8 9 10 11 12 13 14 15 16 17 18 19 20 21 22 23 24 25 26 27 28 29]
2023-10-28 16:35:36,818{GMT}	INFO	[jepsen worker 0] jepsen.util: 30	:invoke	:read	nil
2023-10-28 16:35:36,821{GMT}	INFO	[jepsen worker 0] jepsen.util: 30	:ok	:read	[0 0 0 0 0 0 0 0 0 0 0 0 0 0 0 0 0 0 0 0 0 0 0 0 0 0 0 0 0 0 0 0 0 0 0 0 0 0 0 0 0 0 0 0 0 0 0 0 0 0 0 0 0 0 0 0 0 0 0 0 0 0 0 0 0 0 0 0 0 0 0 0 0 0 0 0 0 0 0 0 0 0 0 0 0 0 0 0 0 0 0 0 0 0 0 0 0 0 0 0 0 1 2 3 4 5 6 7 8 9 10 11 12 13 14 15 16 17 18 19 20 21 22 23 24 25 26 27 28 29]
2023-10-28 16:35:36,970{GMT}	INFO	[jepsen worker 0] jepsen.util: 30	:invoke	:broadcast	30
2023-10-28 16:35:36,978{GMT}	WARN	[jepsen worker 0] jepsen.generator.interpreter: Process 30 crashed
clojure.lang.ExceptionInfo: Malformed RPC response. Maelstrom sent node n0 the following request:

{:type "broadcast", :message 30, :msg_id 3}

And expected a response of the form:

{:type (eq "broadcast_ok"), {:k :msg_id} Int, :in_reply_to Int}

... but instead received

{:in_reply_to 3, :message 30, :msg_id 3, :type "broadcast"}

This is malformed because:

{:type (not (= "broadcast_ok" "broadcast")), :message disallowed-key}

See doc/protocol.md for more guidance.
	at slingshot.support$stack_trace.invoke(support.clj:201)
	at maelstrom.client$check_body.invokeStatic(client.clj:188)
	at maelstrom.client$check_body.invoke(client.clj:181)
	at maelstrom.workload.broadcast$fn__16565$broadcast_BANG___16566.invoke(broadcast.clj:27)
	at maelstrom.workload.broadcast$fn__16565$broadcast_BANG___16566.invoke(broadcast.clj:27)
	at maelstrom.workload.broadcast$client$reify__16644.invoke_BANG_(broadcast.clj:203)
	at jepsen.client.Validate.invoke_BANG_(client.clj:83)
	at jepsen.generator.interpreter.ClientWorker.invoke_BANG_(interpreter.clj:65)
	at jepsen.generator.interpreter$spawn_worker$fn__12908$fn__12909.invoke(interpreter.clj:140)
	at jepsen.generator.interpreter$spawn_worker$fn__12908.invoke(interpreter.clj:123)
	at clojure.core$binding_conveyor_fn$fn__5823.invoke(core.clj:2047)
	at clojure.lang.AFn.call(AFn.java:18)
	at java.base/java.util.concurrent.FutureTask.run(FutureTask.java:317)
	at java.base/java.util.concurrent.ThreadPoolExecutor.runWorker(ThreadPoolExecutor.java:1144)
	at java.base/java.util.concurrent.ThreadPoolExecutor$Worker.run(ThreadPoolExecutor.java:642)
	at java.base/java.lang.Thread.run(Thread.java:1583)
2023-10-28 16:35:37,095{GMT}	INFO	[jepsen worker 0] jepsen.util: 31	:invoke	:broadcast	31
2023-10-28 16:35:37,098{GMT}	WARN	[jepsen worker 0] jepsen.generator.interpreter: Process 31 crashed
clojure.lang.ExceptionInfo: Malformed RPC response. Maelstrom sent node n0 the following request:

{:type "broadcast", :message 31, :msg_id 1}

And expected a response of the form:

{:type (eq "broadcast_ok"), {:k :msg_id} Int, :in_reply_to Int}

... but instead received

{:in_reply_to 1, :message 31, :msg_id 1, :type "broadcast"}

This is malformed because:

{:type (not (= "broadcast_ok" "broadcast")), :message disallowed-key}

See doc/protocol.md for more guidance.
	at slingshot.support$stack_trace.invoke(support.clj:201)
	at maelstrom.client$check_body.invokeStatic(client.clj:188)
	at maelstrom.client$check_body.invoke(client.clj:181)
	at maelstrom.workload.broadcast$fn__16565$broadcast_BANG___16566.invoke(broadcast.clj:27)
	at maelstrom.workload.broadcast$fn__16565$broadcast_BANG___16566.invoke(broadcast.clj:27)
	at maelstrom.workload.broadcast$client$reify__16644.invoke_BANG_(broadcast.clj:203)
	at jepsen.client.Validate.invoke_BANG_(client.clj:83)
	at jepsen.generator.interpreter.ClientWorker.invoke_BANG_(interpreter.clj:65)
	at jepsen.generator.interpreter$spawn_worker$fn__12908$fn__12909.invoke(interpreter.clj:140)
	at jepsen.generator.interpreter$spawn_worker$fn__12908.invoke(interpreter.clj:123)
	at clojure.core$binding_conveyor_fn$fn__5823.invoke(core.clj:2047)
	at clojure.lang.AFn.call(AFn.java:18)
	at java.base/java.util.concurrent.FutureTask.run(FutureTask.java:317)
	at java.base/java.util.concurrent.ThreadPoolExecutor.runWorker(ThreadPoolExecutor.java:1144)
	at java.base/java.util.concurrent.ThreadPoolExecutor$Worker.run(ThreadPoolExecutor.java:642)
	at java.base/java.lang.Thread.run(Thread.java:1583)
2023-10-28 16:35:37,270{GMT}	INFO	[jepsen worker 0] jepsen.util: 32	:invoke	:broadcast	32
2023-10-28 16:35:37,278{GMT}	WARN	[jepsen worker 0] jepsen.generator.interpreter: Process 32 crashed
clojure.lang.ExceptionInfo: Malformed RPC response. Maelstrom sent node n0 the following request:

{:type "broadcast", :message 32, :msg_id 1}

And expected a response of the form:

{:type (eq "broadcast_ok"), {:k :msg_id} Int, :in_reply_to Int}

... but instead received

{:in_reply_to 1, :message 32, :msg_id 1, :type "broadcast"}

This is malformed because:

{:type (not (= "broadcast_ok" "broadcast")), :message disallowed-key}

See doc/protocol.md for more guidance.
	at slingshot.support$stack_trace.invoke(support.clj:201)
	at maelstrom.client$check_body.invokeStatic(client.clj:188)
	at maelstrom.client$check_body.invoke(client.clj:181)
	at maelstrom.workload.broadcast$fn__16565$broadcast_BANG___16566.invoke(broadcast.clj:27)
	at maelstrom.workload.broadcast$fn__16565$broadcast_BANG___16566.invoke(broadcast.clj:27)
	at maelstrom.workload.broadcast$client$reify__16644.invoke_BANG_(broadcast.clj:203)
	at jepsen.client.Validate.invoke_BANG_(client.clj:83)
	at jepsen.generator.interpreter.ClientWorker.invoke_BANG_(interpreter.clj:65)
	at jepsen.generator.interpreter$spawn_worker$fn__12908$fn__12909.invoke(interpreter.clj:140)
	at jepsen.generator.interpreter$spawn_worker$fn__12908.invoke(interpreter.clj:123)
	at clojure.core$binding_conveyor_fn$fn__5823.invoke(core.clj:2047)
	at clojure.lang.AFn.call(AFn.java:18)
	at java.base/java.util.concurrent.FutureTask.run(FutureTask.java:317)
	at java.base/java.util.concurrent.ThreadPoolExecutor.runWorker(ThreadPoolExecutor.java:1144)
	at java.base/java.util.concurrent.ThreadPoolExecutor$Worker.run(ThreadPoolExecutor.java:642)
	at java.base/java.lang.Thread.run(Thread.java:1583)
2023-10-28 16:35:37,434{GMT}	INFO	[jepsen worker 0] jepsen.util: 33	:invoke	:read	nil
2023-10-28 16:35:37,437{GMT}	INFO	[jepsen worker 0] jepsen.util: 33	:ok	:read	[0 0 0 0 0 0 0 0 0 0 0 0 0 0 0 0 0 0 0 0 0 0 0 0 0 0 0 0 0 0 0 0 0 0 0 0 0 0 0 0 0 0 0 0 0 0 0 0 0 0 0 0 0 0 0 0 0 0 0 0 0 0 0 0 0 0 0 0 0 0 0 0 0 0 0 0 0 0 0 0 0 0 0 0 0 0 0 0 0 0 0 0 0 0 0 0 0 0 0 0 0 1 2 3 4 5 6 7 8 9 10 11 12 13 14 15 16 17 18 19 20 21 22 23 24 25 26 27 28 29 30 31 32]
2023-10-28 16:35:37,602{GMT}	INFO	[jepsen worker 0] jepsen.util: 33	:invoke	:broadcast	33
2023-10-28 16:35:37,609{GMT}	WARN	[jepsen worker 0] jepsen.generator.interpreter: Process 33 crashed
clojure.lang.ExceptionInfo: Malformed RPC response. Maelstrom sent node n0 the following request:

{:type "broadcast", :message 33, :msg_id 2}

And expected a response of the form:

{:type (eq "broadcast_ok"), {:k :msg_id} Int, :in_reply_to Int}

... but instead received

{:in_reply_to 2, :message 33, :msg_id 2, :type "broadcast"}

This is malformed because:

{:type (not (= "broadcast_ok" "broadcast")), :message disallowed-key}

See doc/protocol.md for more guidance.
	at slingshot.support$stack_trace.invoke(support.clj:201)
	at maelstrom.client$check_body.invokeStatic(client.clj:188)
	at maelstrom.client$check_body.invoke(client.clj:181)
	at maelstrom.workload.broadcast$fn__16565$broadcast_BANG___16566.invoke(broadcast.clj:27)
	at maelstrom.workload.broadcast$fn__16565$broadcast_BANG___16566.invoke(broadcast.clj:27)
	at maelstrom.workload.broadcast$client$reify__16644.invoke_BANG_(broadcast.clj:203)
	at jepsen.client.Validate.invoke_BANG_(client.clj:83)
	at jepsen.generator.interpreter.ClientWorker.invoke_BANG_(interpreter.clj:65)
	at jepsen.generator.interpreter$spawn_worker$fn__12908$fn__12909.invoke(interpreter.clj:140)
	at jepsen.generator.interpreter$spawn_worker$fn__12908.invoke(interpreter.clj:123)
	at clojure.core$binding_conveyor_fn$fn__5823.invoke(core.clj:2047)
	at clojure.lang.AFn.call(AFn.java:18)
	at java.base/java.util.concurrent.FutureTask.run(FutureTask.java:317)
	at java.base/java.util.concurrent.ThreadPoolExecutor.runWorker(ThreadPoolExecutor.java:1144)
	at java.base/java.util.concurrent.ThreadPoolExecutor$Worker.run(ThreadPoolExecutor.java:642)
	at java.base/java.lang.Thread.run(Thread.java:1583)
2023-10-28 16:35:37,704{GMT}	INFO	[jepsen worker 0] jepsen.util: 34	:invoke	:broadcast	34
2023-10-28 16:35:37,712{GMT}	WARN	[jepsen worker 0] jepsen.generator.interpreter: Process 34 crashed
clojure.lang.ExceptionInfo: Malformed RPC response. Maelstrom sent node n0 the following request:

{:type "broadcast", :message 34, :msg_id 1}

And expected a response of the form:

{:type (eq "broadcast_ok"), {:k :msg_id} Int, :in_reply_to Int}

... but instead received

{:in_reply_to 1, :message 34, :msg_id 1, :type "broadcast"}

This is malformed because:

{:type (not (= "broadcast_ok" "broadcast")), :message disallowed-key}

See doc/protocol.md for more guidance.
	at slingshot.support$stack_trace.invoke(support.clj:201)
	at maelstrom.client$check_body.invokeStatic(client.clj:188)
	at maelstrom.client$check_body.invoke(client.clj:181)
	at maelstrom.workload.broadcast$fn__16565$broadcast_BANG___16566.invoke(broadcast.clj:27)
	at maelstrom.workload.broadcast$fn__16565$broadcast_BANG___16566.invoke(broadcast.clj:27)
	at maelstrom.workload.broadcast$client$reify__16644.invoke_BANG_(broadcast.clj:203)
	at jepsen.client.Validate.invoke_BANG_(client.clj:83)
	at jepsen.generator.interpreter.ClientWorker.invoke_BANG_(interpreter.clj:65)
	at jepsen.generator.interpreter$spawn_worker$fn__12908$fn__12909.invoke(interpreter.clj:140)
	at jepsen.generator.interpreter$spawn_worker$fn__12908.invoke(interpreter.clj:123)
	at clojure.core$binding_conveyor_fn$fn__5823.invoke(core.clj:2047)
	at clojure.lang.AFn.call(AFn.java:18)
	at java.base/java.util.concurrent.FutureTask.run(FutureTask.java:317)
	at java.base/java.util.concurrent.ThreadPoolExecutor.runWorker(ThreadPoolExecutor.java:1144)
	at java.base/java.util.concurrent.ThreadPoolExecutor$Worker.run(ThreadPoolExecutor.java:642)
	at java.base/java.lang.Thread.run(Thread.java:1583)
2023-10-28 16:35:37,822{GMT}	INFO	[jepsen worker 0] jepsen.util: 35	:invoke	:read	nil
2023-10-28 16:35:37,825{GMT}	INFO	[jepsen worker 0] jepsen.util: 35	:ok	:read	[0 0 0 0 0 0 0 0 0 0 0 0 0 0 0 0 0 0 0 0 0 0 0 0 0 0 0 0 0 0 0 0 0 0 0 0 0 0 0 0 0 0 0 0 0 0 0 0 0 0 0 0 0 0 0 0 0 0 0 0 0 0 0 0 0 0 0 0 0 0 0 0 0 0 0 0 0 0 0 0 0 0 0 0 0 0 0 0 0 0 0 0 0 0 0 0 0 0 0 0 0 1 2 3 4 5 6 7 8 9 10 11 12 13 14 15 16 17 18 19 20 21 22 23 24 25 26 27 28 29 30 31 32 33 34]
2023-10-28 16:35:37,963{GMT}	INFO	[jepsen worker 0] jepsen.util: 35	:invoke	:broadcast	35
2023-10-28 16:35:37,972{GMT}	WARN	[jepsen worker 0] jepsen.generator.interpreter: Process 35 crashed
clojure.lang.ExceptionInfo: Malformed RPC response. Maelstrom sent node n0 the following request:

{:type "broadcast", :message 35, :msg_id 2}

And expected a response of the form:

{:type (eq "broadcast_ok"), {:k :msg_id} Int, :in_reply_to Int}

... but instead received

{:in_reply_to 2, :message 35, :msg_id 2, :type "broadcast"}

This is malformed because:

{:type (not (= "broadcast_ok" "broadcast")), :message disallowed-key}

See doc/protocol.md for more guidance.
	at slingshot.support$stack_trace.invoke(support.clj:201)
	at maelstrom.client$check_body.invokeStatic(client.clj:188)
	at maelstrom.client$check_body.invoke(client.clj:181)
	at maelstrom.workload.broadcast$fn__16565$broadcast_BANG___16566.invoke(broadcast.clj:27)
	at maelstrom.workload.broadcast$fn__16565$broadcast_BANG___16566.invoke(broadcast.clj:27)
	at maelstrom.workload.broadcast$client$reify__16644.invoke_BANG_(broadcast.clj:203)
	at jepsen.client.Validate.invoke_BANG_(client.clj:83)
	at jepsen.generator.interpreter.ClientWorker.invoke_BANG_(interpreter.clj:65)
	at jepsen.generator.interpreter$spawn_worker$fn__12908$fn__12909.invoke(interpreter.clj:140)
	at jepsen.generator.interpreter$spawn_worker$fn__12908.invoke(interpreter.clj:123)
	at clojure.core$binding_conveyor_fn$fn__5823.invoke(core.clj:2047)
	at clojure.lang.AFn.call(AFn.java:18)
	at java.base/java.util.concurrent.FutureTask.run(FutureTask.java:317)
	at java.base/java.util.concurrent.ThreadPoolExecutor.runWorker(ThreadPoolExecutor.java:1144)
	at java.base/java.util.concurrent.ThreadPoolExecutor$Worker.run(ThreadPoolExecutor.java:642)
	at java.base/java.lang.Thread.run(Thread.java:1583)
2023-10-28 16:35:37,998{GMT}	INFO	[jepsen worker 0] jepsen.util: 36	:invoke	:read	nil
2023-10-28 16:35:38,000{GMT}	INFO	[jepsen worker 0] jepsen.util: 36	:ok	:read	[0 0 0 0 0 0 0 0 0 0 0 0 0 0 0 0 0 0 0 0 0 0 0 0 0 0 0 0 0 0 0 0 0 0 0 0 0 0 0 0 0 0 0 0 0 0 0 0 0 0 0 0 0 0 0 0 0 0 0 0 0 0 0 0 0 0 0 0 0 0 0 0 0 0 0 0 0 0 0 0 0 0 0 0 0 0 0 0 0 0 0 0 0 0 0 0 0 0 0 0 0 1 2 3 4 5 6 7 8 9 10 11 12 13 14 15 16 17 18 19 20 21 22 23 24 25 26 27 28 29 30 31 32 33 34 35]
2023-10-28 16:35:38,155{GMT}	INFO	[jepsen worker 0] jepsen.util: 36	:invoke	:read	nil
2023-10-28 16:35:38,158{GMT}	INFO	[jepsen worker 0] jepsen.util: 36	:ok	:read	[0 0 0 0 0 0 0 0 0 0 0 0 0 0 0 0 0 0 0 0 0 0 0 0 0 0 0 0 0 0 0 0 0 0 0 0 0 0 0 0 0 0 0 0 0 0 0 0 0 0 0 0 0 0 0 0 0 0 0 0 0 0 0 0 0 0 0 0 0 0 0 0 0 0 0 0 0 0 0 0 0 0 0 0 0 0 0 0 0 0 0 0 0 0 0 0 0 0 0 0 0 1 2 3 4 5 6 7 8 9 10 11 12 13 14 15 16 17 18 19 20 21 22 23 24 25 26 27 28 29 30 31 32 33 34 35]
2023-10-28 16:35:38,206{GMT}	INFO	[jepsen worker 0] jepsen.util: 36	:invoke	:read	nil
2023-10-28 16:35:38,208{GMT}	INFO	[jepsen worker 0] jepsen.util: 36	:ok	:read	[0 0 0 0 0 0 0 0 0 0 0 0 0 0 0 0 0 0 0 0 0 0 0 0 0 0 0 0 0 0 0 0 0 0 0 0 0 0 0 0 0 0 0 0 0 0 0 0 0 0 0 0 0 0 0 0 0 0 0 0 0 0 0 0 0 0 0 0 0 0 0 0 0 0 0 0 0 0 0 0 0 0 0 0 0 0 0 0 0 0 0 0 0 0 0 0 0 0 0 0 0 1 2 3 4 5 6 7 8 9 10 11 12 13 14 15 16 17 18 19 20 21 22 23 24 25 26 27 28 29 30 31 32 33 34 35]
2023-10-28 16:35:38,324{GMT}	INFO	[jepsen worker 0] jepsen.util: 36	:invoke	:broadcast	36
2023-10-28 16:35:38,332{GMT}	WARN	[jepsen worker 0] jepsen.generator.interpreter: Process 36 crashed
clojure.lang.ExceptionInfo: Malformed RPC response. Maelstrom sent node n0 the following request:

{:type "broadcast", :message 36, :msg_id 4}

And expected a response of the form:

{:type (eq "broadcast_ok"), {:k :msg_id} Int, :in_reply_to Int}

... but instead received

{:in_reply_to 4, :message 36, :msg_id 4, :type "broadcast"}

This is malformed because:

{:type (not (= "broadcast_ok" "broadcast")), :message disallowed-key}

See doc/protocol.md for more guidance.
	at slingshot.support$stack_trace.invoke(support.clj:201)
	at maelstrom.client$check_body.invokeStatic(client.clj:188)
	at maelstrom.client$check_body.invoke(client.clj:181)
	at maelstrom.workload.broadcast$fn__16565$broadcast_BANG___16566.invoke(broadcast.clj:27)
	at maelstrom.workload.broadcast$fn__16565$broadcast_BANG___16566.invoke(broadcast.clj:27)
	at maelstrom.workload.broadcast$client$reify__16644.invoke_BANG_(broadcast.clj:203)
	at jepsen.client.Validate.invoke_BANG_(client.clj:83)
	at jepsen.generator.interpreter.ClientWorker.invoke_BANG_(interpreter.clj:65)
	at jepsen.generator.interpreter$spawn_worker$fn__12908$fn__12909.invoke(interpreter.clj:140)
	at jepsen.generator.interpreter$spawn_worker$fn__12908.invoke(interpreter.clj:123)
	at clojure.core$binding_conveyor_fn$fn__5823.invoke(core.clj:2047)
	at clojure.lang.AFn.call(AFn.java:18)
	at java.base/java.util.concurrent.FutureTask.run(FutureTask.java:317)
	at java.base/java.util.concurrent.ThreadPoolExecutor.runWorker(ThreadPoolExecutor.java:1144)
	at java.base/java.util.concurrent.ThreadPoolExecutor$Worker.run(ThreadPoolExecutor.java:642)
	at java.base/java.lang.Thread.run(Thread.java:1583)
2023-10-28 16:35:38,481{GMT}	INFO	[jepsen worker 0] jepsen.util: 37	:invoke	:read	nil
2023-10-28 16:35:38,484{GMT}	INFO	[jepsen worker 0] jepsen.util: 37	:ok	:read	[0 0 0 0 0 0 0 0 0 0 0 0 0 0 0 0 0 0 0 0 0 0 0 0 0 0 0 0 0 0 0 0 0 0 0 0 0 0 0 0 0 0 0 0 0 0 0 0 0 0 0 0 0 0 0 0 0 0 0 0 0 0 0 0 0 0 0 0 0 0 0 0 0 0 0 0 0 0 0 0 0 0 0 0 0 0 0 0 0 0 0 0 0 0 0 0 0 0 0 0 0 1 2 3 4 5 6 7 8 9 10 11 12 13 14 15 16 17 18 19 20 21 22 23 24 25 26 27 28 29 30 31 32 33 34 35 36]
2023-10-28 16:35:38,611{GMT}	INFO	[jepsen worker 0] jepsen.util: 37	:invoke	:broadcast	37
2023-10-28 16:35:38,620{GMT}	WARN	[jepsen worker 0] jepsen.generator.interpreter: Process 37 crashed
clojure.lang.ExceptionInfo: Malformed RPC response. Maelstrom sent node n0 the following request:

{:type "broadcast", :message 37, :msg_id 2}

And expected a response of the form:

{:type (eq "broadcast_ok"), {:k :msg_id} Int, :in_reply_to Int}

... but instead received

{:in_reply_to 2, :message 37, :msg_id 2, :type "broadcast"}

This is malformed because:

{:type (not (= "broadcast_ok" "broadcast")), :message disallowed-key}

See doc/protocol.md for more guidance.
	at slingshot.support$stack_trace.invoke(support.clj:201)
	at maelstrom.client$check_body.invokeStatic(client.clj:188)
	at maelstrom.client$check_body.invoke(client.clj:181)
	at maelstrom.workload.broadcast$fn__16565$broadcast_BANG___16566.invoke(broadcast.clj:27)
	at maelstrom.workload.broadcast$fn__16565$broadcast_BANG___16566.invoke(broadcast.clj:27)
	at maelstrom.workload.broadcast$client$reify__16644.invoke_BANG_(broadcast.clj:203)
	at jepsen.client.Validate.invoke_BANG_(client.clj:83)
	at jepsen.generator.interpreter.ClientWorker.invoke_BANG_(interpreter.clj:65)
	at jepsen.generator.interpreter$spawn_worker$fn__12908$fn__12909.invoke(interpreter.clj:140)
	at jepsen.generator.interpreter$spawn_worker$fn__12908.invoke(interpreter.clj:123)
	at clojure.core$binding_conveyor_fn$fn__5823.invoke(core.clj:2047)
	at clojure.lang.AFn.call(AFn.java:18)
	at java.base/java.util.concurrent.FutureTask.run(FutureTask.java:317)
	at java.base/java.util.concurrent.ThreadPoolExecutor.runWorker(ThreadPoolExecutor.java:1144)
	at java.base/java.util.concurrent.ThreadPoolExecutor$Worker.run(ThreadPoolExecutor.java:642)
	at java.base/java.lang.Thread.run(Thread.java:1583)
2023-10-28 16:35:38,646{GMT}	INFO	[jepsen worker 0] jepsen.util: 38	:invoke	:read	nil
2023-10-28 16:35:38,648{GMT}	INFO	[jepsen worker 0] jepsen.util: 38	:ok	:read	[0 0 0 0 0 0 0 0 0 0 0 0 0 0 0 0 0 0 0 0 0 0 0 0 0 0 0 0 0 0 0 0 0 0 0 0 0 0 0 0 0 0 0 0 0 0 0 0 0 0 0 0 0 0 0 0 0 0 0 0 0 0 0 0 0 0 0 0 0 0 0 0 0 0 0 0 0 0 0 0 0 0 0 0 0 0 0 0 0 0 0 0 0 0 0 0 0 0 0 0 0 1 2 3 4 5 6 7 8 9 10 11 12 13 14 15 16 17 18 19 20 21 22 23 24 25 26 27 28 29 30 31 32 33 34 35 36 37]
2023-10-28 16:35:38,814{GMT}	INFO	[jepsen worker 0] jepsen.util: 38	:invoke	:read	nil
2023-10-28 16:35:38,817{GMT}	INFO	[jepsen worker 0] jepsen.util: 38	:ok	:read	[0 0 0 0 0 0 0 0 0 0 0 0 0 0 0 0 0 0 0 0 0 0 0 0 0 0 0 0 0 0 0 0 0 0 0 0 0 0 0 0 0 0 0 0 0 0 0 0 0 0 0 0 0 0 0 0 0 0 0 0 0 0 0 0 0 0 0 0 0 0 0 0 0 0 0 0 0 0 0 0 0 0 0 0 0 0 0 0 0 0 0 0 0 0 0 0 0 0 0 0 0 1 2 3 4 5 6 7 8 9 10 11 12 13 14 15 16 17 18 19 20 21 22 23 24 25 26 27 28 29 30 31 32 33 34 35 36 37]
2023-10-28 16:35:38,911{GMT}	INFO	[Jepsen shutdown hook] jepsen.core: Downloading DB logs before JVM shutdown...
