2023-10-29 17:35:21,280{GMT}	INFO	[jepsen test runner] jepsen.core: Command line:
lein run test -w g-counter --bin /Users/googrand/go/bin/maelstrom-counter --node-count 3 --rate 100 --time-limit 20 --nemesis partition
2023-10-29 17:35:21,331{GMT}	INFO	[jepsen test runner] jepsen.core: Running test:
{:args []
 :remote
 #jepsen.control.retry.Remote{:remote #jepsen.control.scp.Remote{:cmd-remote #jepsen.control.sshj.SSHJRemote{:concurrency-limit 6,
                                                                                                             :conn-spec nil,
                                                                                                             :client nil,
                                                                                                             :semaphore nil},
                                                                 :conn-spec nil},
                              :conn nil}
 :log-net-send false
 :node-count 3
 :availability nil
 :max-txn-length 4
 :concurrency 3
 :db
 #object[maelstrom.db$db$reify__16142
         "0xb0c4670"
         "maelstrom.db$db$reify__16142@b0c4670"]
 :max-writes-per-key 16
 :leave-db-running? false
 :name "g-counter"
 :logging-json? false
 :start-time
 #object[org.joda.time.DateTime "0x7dd4f726" "2023-10-29T17:35:21.262+06:00"]
 :nemesis-interval 10
 :net
 #object[maelstrom.net$jepsen_net$reify__15251
         "0xbf6de66"
         "maelstrom.net$jepsen_net$reify__15251@bf6de66"]
 :client
 #object[maelstrom.workload.pn_counter$client$reify__19540
         "0xff7042c"
         "maelstrom.workload.pn_counter$client$reify__19540@ff7042c"]
 :barrier
 #object[java.util.concurrent.CyclicBarrier
         "0xb917b5e"
         "java.util.concurrent.CyclicBarrier@b917b5e"]
 :log-stderr false
 :pure-generators true
 :ssh {:dummy? true}
 :rate 100.0
 :checker
 #object[jepsen.checker$compose$reify__11881
         "0x5126c0cd"
         "jepsen.checker$compose$reify__11881@5126c0cd"]
 :argv
 ("test"
  "-w"
  "g-counter"
  "--bin"
  "/Users/googrand/go/bin/maelstrom-counter"
  "--node-count"
  "3"
  "--rate"
  "100"
  "--time-limit"
  "20"
  "--nemesis"
  "partition")
 :nemesis
 (jepsen.nemesis.ReflCompose
  {:fm {:start-partition 0,
        :stop-partition 0,
        :kill 1,
        :start 1,
        :pause 1,
        :resume 1},
   :nemeses [#unprintable "jepsen.nemesis.combined$partition_nemesis$reify__16416@6c1e2161"
             #unprintable "jepsen.nemesis.combined$db_nemesis$reify__16397@5b7f9eaa"]})
 :nodes ["n0" "n1" "n2"]
 :test-count 1
 :latency {:mean 0, :dist :constant}
 :bin "/Users/googrand/go/bin/maelstrom-counter"
 :generator
 ((jepsen.generator.Synchronize
   {:gen (jepsen.generator.TimeLimit
          {:limit 20000000000,
           :cutoff nil,
           :gen (jepsen.generator.Any
                 {:gens [(jepsen.generator.OnThreads
                          {:f #{:nemesis},
                           :context-filter #object[jepsen.generator.context$make_thread_filter$lazy_filter__9167
                                                   "0x50d507ab"
                                                   "jepsen.generator.context$make_thread_filter$lazy_filter__9167@50d507ab"],
                           :gen (jepsen.generator.Stagger
                                 {:dt 20000000000,
                                  :next-time nil,
                                  :gen (jepsen.generator.FlipFlop
                                        {:gens [#object[jepsen.nemesis.combined$partition_package$start__16420
                                                        "0x460222eb"
                                                        "jepsen.nemesis.combined$partition_package$start__16420@460222eb"]
                                                ({:type :info,
                                                  :f :stop-partition,
                                                  :value nil}
                                                 {:type :info,
                                                  :f :stop-partition,
                                                  :value nil}
                                                 {:type :info,
                                                  :f :stop-partition,
                                                  :value nil}
                                                 {:type :info,
                                                  :f :stop-partition,
                                                  :value nil}
                                                 {:type :info,
                                                  :f :stop-partition,
                                                  :value nil}
                                                 {:type :info,
                                                  :f :stop-partition,
                                                  :value nil}
                                                 {:type :info,
                                                  :f :stop-partition,
                                                  :value nil}
                                                 {:type :info,
                                                  :f :stop-partition,
                                                  :value nil}
                                                 ...)],
                                         :i 0})})})
                         (jepsen.generator.OnThreads
                          {:f #jepsen.generator.context.AllBut{:element :nemesis},
                           :context-filter #object[jepsen.generator.context$make_thread_filter$lazy_filter__9167
                                                   "0x46f32536"
                                                   "jepsen.generator.context$make_thread_filter$lazy_filter__9167@46f32536"],
                           :gen (jepsen.generator.Stagger
                                 {:dt 20000000,
                                  :next-time nil,
                                  :gen (jepsen.generator.Filter
                                        {:f #object[maelstrom.workload.g_counter$workload$fn__19599
                                                    "0x3ee39a1c"
                                                    "maelstrom.workload.g_counter$workload$fn__19599@3ee39a1c"],
                                         :gen (jepsen.generator.Mix
                                               {:i 1,
                                                :gens [#object[maelstrom.workload.pn_counter$workload$fn__19572
                                                               "0x6921e251"
                                                               "maelstrom.workload.pn_counter$workload$fn__19572@6921e251"]
                                                       ({:f :read}
                                                        {:f :read}
                                                        {:f :read}
                                                        {:f :read}
                                                        {:f :read}
                                                        {:f :read}
                                                        {:f :read}
                                                        {:f :read}
                                                        ...)]})})})})]})})})
  (jepsen.generator.Synchronize
   {:gen (jepsen.generator.OnThreads
          {:f #{:nemesis},
           :context-filter #object[jepsen.generator.context$make_thread_filter$lazy_filter__9167
                                   "0x724d4c0a"
                                   "jepsen.generator.context$make_thread_filter$lazy_filter__9167@724d4c0a"],
           :gen ({:type :info, :f :stop-partition, :value nil})})})
  (jepsen.generator.Synchronize
   {:gen {:type :log, :value "Waiting for recovery..."}})
  (jepsen.generator.Synchronize {:gen {:type :sleep, :value 10}})
  (jepsen.generator.Synchronize
   {:gen (jepsen.generator.OnThreads
          {:f #jepsen.generator.context.AllBut{:element :nemesis},
           :context-filter #object[jepsen.generator.context$make_thread_filter$lazy_filter__9167
                                   "0x2d481de0"
                                   "jepsen.generator.context$make_thread_filter$lazy_filter__9167@2d481de0"],
           :gen (jepsen.generator.EachThread
                 {:fresh-gen {:f :read, :final? true},
                  :context-filters #object[clojure.core$promise$reify__8591
                                           "0xfd9512f"
                                           {:status :pending, :val nil}],
                  :gens {}})})}))
 :log-net-recv false
 :os
 #object[maelstrom.net$jepsen_os$reify__15254
         "0x698c19ef"
         "maelstrom.net$jepsen_os$reify__15254@698c19ef"]
 :time-limit 20
 :workload :g-counter
 :consistency-models [:strict-serializable]
 :topology :grid}

2023-10-29 17:35:22,154{GMT}	INFO	[jepsen node n0] maelstrom.net: Starting Maelstrom network
2023-10-29 17:35:22,155{GMT}	INFO	[jepsen test runner] jepsen.db: Tearing down DB
2023-10-29 17:35:22,156{GMT}	INFO	[jepsen test runner] jepsen.db: Setting up DB
2023-10-29 17:35:22,157{GMT}	INFO	[jepsen node n1] maelstrom.db: Setting up n1
2023-10-29 17:35:22,157{GMT}	INFO	[jepsen node n2] maelstrom.db: Setting up n2
2023-10-29 17:35:22,157{GMT}	INFO	[jepsen node n1] maelstrom.process: launching /Users/googrand/go/bin/maelstrom-counter []
2023-10-29 17:35:22,157{GMT}	INFO	[jepsen node n2] maelstrom.process: launching /Users/googrand/go/bin/maelstrom-counter []
2023-10-29 17:35:22,157{GMT}	INFO	[jepsen node n0] maelstrom.service: Starting services: (lin-kv lin-tso lww-kv seq-kv)
2023-10-29 17:35:22,158{GMT}	INFO	[jepsen node n0] maelstrom.db: Setting up n0
2023-10-29 17:35:22,159{GMT}	INFO	[jepsen node n0] maelstrom.process: launching /Users/googrand/go/bin/maelstrom-counter []
2023-10-29 17:35:22,680{GMT}	INFO	[jepsen test runner] jepsen.core: Relative time begins now
2023-10-29 17:35:22,690{GMT}	INFO	[jepsen worker nemesis] jepsen.util: :nemesis	:info	:start-partition	:minority-third
2023-10-29 17:35:22,690{GMT}	INFO	[jepsen worker 1] jepsen.util: 1	:invoke	:read	nil
2023-10-29 17:35:22,692{GMT}	INFO	[jepsen worker nemesis] jepsen.util: :nemesis	:info	:start-partition	[:isolated {"n2" #{}, "n1" #{}, "n0" #{}}]
2023-10-29 17:35:22,695{GMT}	INFO	[jepsen worker 1] jepsen.util: 1	:ok	:read	0
2023-10-29 17:35:22,700{GMT}	INFO	[jepsen worker 2] jepsen.util: 2	:invoke	:read	nil
2023-10-29 17:35:22,703{GMT}	INFO	[jepsen worker 2] jepsen.util: 2	:ok	:read	0
2023-10-29 17:35:22,718{GMT}	INFO	[jepsen worker 0] jepsen.util: 0	:invoke	:read	nil
2023-10-29 17:35:22,720{GMT}	INFO	[jepsen worker 0] jepsen.util: 0	:ok	:read	0
2023-10-29 17:35:22,723{GMT}	INFO	[jepsen worker 0] jepsen.util: 0	:invoke	:add	1
2023-10-29 17:35:22,738{GMT}	INFO	[jepsen worker 1] jepsen.util: 1	:invoke	:read	nil
2023-10-29 17:35:22,742{GMT}	INFO	[jepsen worker 2] jepsen.util: 2	:invoke	:read	nil
2023-10-29 17:35:22,745{GMT}	INFO	[jepsen worker 2] jepsen.util: 2	:ok	:read	0
2023-10-29 17:35:22,746{GMT}	INFO	[jepsen worker 2] jepsen.util: 2	:invoke	:add	2
2023-10-29 17:35:22,750{GMT}	INFO	[jepsen worker 1] jepsen.util: 1	:ok	:read	0
2023-10-29 17:35:22,761{GMT}	INFO	[jepsen worker 1] jepsen.util: 1	:invoke	:add	0
2023-10-29 17:35:27,729{GMT}	WARN	[jepsen worker 0] jepsen.generator.interpreter: Process 0 crashed
clojure.lang.ExceptionInfo: Client read timeout
	at slingshot.support$stack_trace.invoke(support.clj:201)
	at maelstrom.client$recv_BANG_.invokeStatic(client.clj:98)
	at maelstrom.client$recv_BANG_.invoke(client.clj:81)
	at maelstrom.client$send_PLUS_recv_BANG_.invokeStatic(client.clj:123)
	at maelstrom.client$send_PLUS_recv_BANG_.invoke(client.clj:119)
	at maelstrom.client$rpc_BANG_.invokeStatic(client.clj:149)
	at maelstrom.client$rpc_BANG_.invoke(client.clj:140)
	at maelstrom.workload.pn_counter$fn__19518$add_BANG___19519.invoke(pn_counter.clj:20)
	at maelstrom.workload.pn_counter$fn__19518$add_BANG___19519.invoke(pn_counter.clj:20)
	at maelstrom.workload.pn_counter$client$reify__19540.invoke_BANG_(pn_counter.clj:47)
	at jepsen.client.Validate.invoke_BANG_(client.clj:83)
	at jepsen.generator.interpreter.ClientWorker.invoke_BANG_(interpreter.clj:65)
	at jepsen.generator.interpreter$spawn_worker$fn__12908$fn__12909.invoke(interpreter.clj:140)
	at jepsen.generator.interpreter$spawn_worker$fn__12908.invoke(interpreter.clj:123)
	at clojure.core$binding_conveyor_fn$fn__5823.invoke(core.clj:2047)
	at clojure.lang.AFn.call(AFn.java:18)
	at java.base/java.util.concurrent.FutureTask.run(FutureTask.java:317)
	at java.base/java.util.concurrent.ThreadPoolExecutor.runWorker(ThreadPoolExecutor.java:1144)
	at java.base/java.util.concurrent.ThreadPoolExecutor$Worker.run(ThreadPoolExecutor.java:642)
	at java.base/java.lang.Thread.run(Thread.java:1583)
2023-10-29 17:35:27,735{GMT}	INFO	[jepsen worker 0] jepsen.util: 3	:invoke	:read	nil
2023-10-29 17:35:27,751{GMT}	WARN	[jepsen worker 2] jepsen.generator.interpreter: Process 2 crashed
clojure.lang.ExceptionInfo: Client read timeout
	at slingshot.support$stack_trace.invoke(support.clj:201)
	at maelstrom.client$recv_BANG_.invokeStatic(client.clj:98)
	at maelstrom.client$recv_BANG_.invoke(client.clj:81)
	at maelstrom.client$send_PLUS_recv_BANG_.invokeStatic(client.clj:123)
	at maelstrom.client$send_PLUS_recv_BANG_.invoke(client.clj:119)
	at maelstrom.client$rpc_BANG_.invokeStatic(client.clj:149)
	at maelstrom.client$rpc_BANG_.invoke(client.clj:140)
	at maelstrom.workload.pn_counter$fn__19518$add_BANG___19519.invoke(pn_counter.clj:20)
	at maelstrom.workload.pn_counter$fn__19518$add_BANG___19519.invoke(pn_counter.clj:20)
	at maelstrom.workload.pn_counter$client$reify__19540.invoke_BANG_(pn_counter.clj:47)
	at jepsen.client.Validate.invoke_BANG_(client.clj:83)
	at jepsen.generator.interpreter.ClientWorker.invoke_BANG_(interpreter.clj:65)
	at jepsen.generator.interpreter$spawn_worker$fn__12908$fn__12909.invoke(interpreter.clj:140)
	at jepsen.generator.interpreter$spawn_worker$fn__12908.invoke(interpreter.clj:123)
	at clojure.core$binding_conveyor_fn$fn__5823.invoke(core.clj:2047)
	at clojure.lang.AFn.call(AFn.java:18)
	at java.base/java.util.concurrent.FutureTask.run(FutureTask.java:317)
	at java.base/java.util.concurrent.ThreadPoolExecutor.runWorker(ThreadPoolExecutor.java:1144)
	at java.base/java.util.concurrent.ThreadPoolExecutor$Worker.run(ThreadPoolExecutor.java:642)
	at java.base/java.lang.Thread.run(Thread.java:1583)
2023-10-29 17:35:27,754{GMT}	INFO	[jepsen worker 2] jepsen.util: 5	:invoke	:read	nil
2023-10-29 17:35:27,766{GMT}	WARN	[jepsen worker 1] jepsen.generator.interpreter: Process 1 crashed
clojure.lang.ExceptionInfo: Client read timeout
	at slingshot.support$stack_trace.invoke(support.clj:201)
	at maelstrom.client$recv_BANG_.invokeStatic(client.clj:98)
	at maelstrom.client$recv_BANG_.invoke(client.clj:81)
	at maelstrom.client$send_PLUS_recv_BANG_.invokeStatic(client.clj:123)
	at maelstrom.client$send_PLUS_recv_BANG_.invoke(client.clj:119)
	at maelstrom.client$rpc_BANG_.invokeStatic(client.clj:149)
	at maelstrom.client$rpc_BANG_.invoke(client.clj:140)
	at maelstrom.workload.pn_counter$fn__19518$add_BANG___19519.invoke(pn_counter.clj:20)
	at maelstrom.workload.pn_counter$fn__19518$add_BANG___19519.invoke(pn_counter.clj:20)
	at maelstrom.workload.pn_counter$client$reify__19540.invoke_BANG_(pn_counter.clj:47)
	at jepsen.client.Validate.invoke_BANG_(client.clj:83)
	at jepsen.generator.interpreter.ClientWorker.invoke_BANG_(interpreter.clj:65)
	at jepsen.generator.interpreter$spawn_worker$fn__12908$fn__12909.invoke(interpreter.clj:140)
	at jepsen.generator.interpreter$spawn_worker$fn__12908.invoke(interpreter.clj:123)
	at clojure.core$binding_conveyor_fn$fn__5823.invoke(core.clj:2047)
	at clojure.lang.AFn.call(AFn.java:18)
	at java.base/java.util.concurrent.FutureTask.run(FutureTask.java:317)
	at java.base/java.util.concurrent.ThreadPoolExecutor.runWorker(ThreadPoolExecutor.java:1144)
	at java.base/java.util.concurrent.ThreadPoolExecutor$Worker.run(ThreadPoolExecutor.java:642)
	at java.base/java.lang.Thread.run(Thread.java:1583)
2023-10-29 17:35:27,768{GMT}	INFO	[jepsen worker 1] jepsen.util: 4	:invoke	:read	nil
2023-10-29 17:35:31,850{GMT}	INFO	[jepsen worker nemesis] jepsen.util: :nemesis	:info	:stop-partition	nil
2023-10-29 17:35:31,850{GMT}	INFO	[jepsen worker nemesis] jepsen.util: :nemesis	:info	:stop-partition	:network-healed
2023-10-29 17:35:32,741{GMT}	WARN	[jepsen worker 0] jepsen.generator.interpreter: Process 3 crashed
clojure.lang.ExceptionInfo: Client read timeout
	at slingshot.support$stack_trace.invoke(support.clj:201)
	at maelstrom.client$recv_BANG_.invokeStatic(client.clj:98)
	at maelstrom.client$recv_BANG_.invoke(client.clj:81)
	at maelstrom.client$send_PLUS_recv_BANG_.invokeStatic(client.clj:123)
	at maelstrom.client$send_PLUS_recv_BANG_.invoke(client.clj:119)
	at maelstrom.client$rpc_BANG_.invokeStatic(client.clj:149)
	at maelstrom.client$rpc_BANG_.invoke(client.clj:140)
	at maelstrom.workload.pn_counter$fn__19529$read__19530.invoke(pn_counter.clj:27)
	at maelstrom.workload.pn_counter$fn__19529$read__19530.invoke(pn_counter.clj:27)
	at maelstrom.workload.pn_counter$client$reify__19540.invoke_BANG_(pn_counter.clj:50)
	at jepsen.client.Validate.invoke_BANG_(client.clj:83)
	at jepsen.generator.interpreter.ClientWorker.invoke_BANG_(interpreter.clj:65)
	at jepsen.generator.interpreter$spawn_worker$fn__12908$fn__12909.invoke(interpreter.clj:140)
	at jepsen.generator.interpreter$spawn_worker$fn__12908.invoke(interpreter.clj:123)
	at clojure.core$binding_conveyor_fn$fn__5823.invoke(core.clj:2047)
	at clojure.lang.AFn.call(AFn.java:18)
	at java.base/java.util.concurrent.FutureTask.run(FutureTask.java:317)
	at java.base/java.util.concurrent.ThreadPoolExecutor.runWorker(ThreadPoolExecutor.java:1144)
	at java.base/java.util.concurrent.ThreadPoolExecutor$Worker.run(ThreadPoolExecutor.java:642)
	at java.base/java.lang.Thread.run(Thread.java:1583)
2023-10-29 17:35:32,743{GMT}	INFO	[jepsen worker 0] jepsen.util: 6	:invoke	:read	nil
2023-10-29 17:35:32,756{GMT}	WARN	[jepsen worker 2] jepsen.generator.interpreter: Process 5 crashed
clojure.lang.ExceptionInfo: Client read timeout
	at slingshot.support$stack_trace.invoke(support.clj:201)
	at maelstrom.client$recv_BANG_.invokeStatic(client.clj:98)
	at maelstrom.client$recv_BANG_.invoke(client.clj:81)
	at maelstrom.client$send_PLUS_recv_BANG_.invokeStatic(client.clj:123)
	at maelstrom.client$send_PLUS_recv_BANG_.invoke(client.clj:119)
	at maelstrom.client$rpc_BANG_.invokeStatic(client.clj:149)
	at maelstrom.client$rpc_BANG_.invoke(client.clj:140)
	at maelstrom.workload.pn_counter$fn__19529$read__19530.invoke(pn_counter.clj:27)
	at maelstrom.workload.pn_counter$fn__19529$read__19530.invoke(pn_counter.clj:27)
	at maelstrom.workload.pn_counter$client$reify__19540.invoke_BANG_(pn_counter.clj:50)
	at jepsen.client.Validate.invoke_BANG_(client.clj:83)
	at jepsen.generator.interpreter.ClientWorker.invoke_BANG_(interpreter.clj:65)
	at jepsen.generator.interpreter$spawn_worker$fn__12908$fn__12909.invoke(interpreter.clj:140)
	at jepsen.generator.interpreter$spawn_worker$fn__12908.invoke(interpreter.clj:123)
	at clojure.core$binding_conveyor_fn$fn__5823.invoke(core.clj:2047)
	at clojure.lang.AFn.call(AFn.java:18)
	at java.base/java.util.concurrent.FutureTask.run(FutureTask.java:317)
	at java.base/java.util.concurrent.ThreadPoolExecutor.runWorker(ThreadPoolExecutor.java:1144)
	at java.base/java.util.concurrent.ThreadPoolExecutor$Worker.run(ThreadPoolExecutor.java:642)
	at java.base/java.lang.Thread.run(Thread.java:1583)
2023-10-29 17:35:32,758{GMT}	INFO	[jepsen worker 2] jepsen.util: 8	:invoke	:read	nil
2023-10-29 17:35:32,779{GMT}	WARN	[jepsen worker 1] jepsen.generator.interpreter: Process 4 crashed
clojure.lang.ExceptionInfo: Client read timeout
	at slingshot.support$stack_trace.invoke(support.clj:201)
	at maelstrom.client$recv_BANG_.invokeStatic(client.clj:98)
	at maelstrom.client$recv_BANG_.invoke(client.clj:81)
	at maelstrom.client$send_PLUS_recv_BANG_.invokeStatic(client.clj:123)
	at maelstrom.client$send_PLUS_recv_BANG_.invoke(client.clj:119)
	at maelstrom.client$rpc_BANG_.invokeStatic(client.clj:149)
	at maelstrom.client$rpc_BANG_.invoke(client.clj:140)
	at maelstrom.workload.pn_counter$fn__19529$read__19530.invoke(pn_counter.clj:27)
	at maelstrom.workload.pn_counter$fn__19529$read__19530.invoke(pn_counter.clj:27)
	at maelstrom.workload.pn_counter$client$reify__19540.invoke_BANG_(pn_counter.clj:50)
	at jepsen.client.Validate.invoke_BANG_(client.clj:83)
	at jepsen.generator.interpreter.ClientWorker.invoke_BANG_(interpreter.clj:65)
	at jepsen.generator.interpreter$spawn_worker$fn__12908$fn__12909.invoke(interpreter.clj:140)
	at jepsen.generator.interpreter$spawn_worker$fn__12908.invoke(interpreter.clj:123)
	at clojure.core$binding_conveyor_fn$fn__5823.invoke(core.clj:2047)
	at clojure.lang.AFn.call(AFn.java:18)
	at java.base/java.util.concurrent.FutureTask.run(FutureTask.java:317)
	at java.base/java.util.concurrent.ThreadPoolExecutor.runWorker(ThreadPoolExecutor.java:1144)
	at java.base/java.util.concurrent.ThreadPoolExecutor$Worker.run(ThreadPoolExecutor.java:642)
	at java.base/java.lang.Thread.run(Thread.java:1583)
2023-10-29 17:35:32,783{GMT}	INFO	[jepsen worker 1] jepsen.util: 7	:invoke	:read	nil
2023-10-29 17:35:37,749{GMT}	WARN	[jepsen worker 0] jepsen.generator.interpreter: Process 6 crashed
clojure.lang.ExceptionInfo: Client read timeout
	at slingshot.support$stack_trace.invoke(support.clj:201)
	at maelstrom.client$recv_BANG_.invokeStatic(client.clj:98)
	at maelstrom.client$recv_BANG_.invoke(client.clj:81)
	at maelstrom.client$send_PLUS_recv_BANG_.invokeStatic(client.clj:123)
	at maelstrom.client$send_PLUS_recv_BANG_.invoke(client.clj:119)
	at maelstrom.client$rpc_BANG_.invokeStatic(client.clj:149)
	at maelstrom.client$rpc_BANG_.invoke(client.clj:140)
	at maelstrom.workload.pn_counter$fn__19529$read__19530.invoke(pn_counter.clj:27)
	at maelstrom.workload.pn_counter$fn__19529$read__19530.invoke(pn_counter.clj:27)
	at maelstrom.workload.pn_counter$client$reify__19540.invoke_BANG_(pn_counter.clj:50)
	at jepsen.client.Validate.invoke_BANG_(client.clj:83)
	at jepsen.generator.interpreter.ClientWorker.invoke_BANG_(interpreter.clj:65)
	at jepsen.generator.interpreter$spawn_worker$fn__12908$fn__12909.invoke(interpreter.clj:140)
	at jepsen.generator.interpreter$spawn_worker$fn__12908.invoke(interpreter.clj:123)
	at clojure.core$binding_conveyor_fn$fn__5823.invoke(core.clj:2047)
	at clojure.lang.AFn.call(AFn.java:18)
	at java.base/java.util.concurrent.FutureTask.run(FutureTask.java:317)
	at java.base/java.util.concurrent.ThreadPoolExecutor.runWorker(ThreadPoolExecutor.java:1144)
	at java.base/java.util.concurrent.ThreadPoolExecutor$Worker.run(ThreadPoolExecutor.java:642)
	at java.base/java.lang.Thread.run(Thread.java:1583)
2023-10-29 17:35:37,751{GMT}	INFO	[jepsen worker 0] jepsen.util: 9	:invoke	:read	nil
2023-10-29 17:35:37,763{GMT}	WARN	[jepsen worker 2] jepsen.generator.interpreter: Process 8 crashed
clojure.lang.ExceptionInfo: Client read timeout
	at slingshot.support$stack_trace.invoke(support.clj:201)
	at maelstrom.client$recv_BANG_.invokeStatic(client.clj:98)
	at maelstrom.client$recv_BANG_.invoke(client.clj:81)
	at maelstrom.client$send_PLUS_recv_BANG_.invokeStatic(client.clj:123)
	at maelstrom.client$send_PLUS_recv_BANG_.invoke(client.clj:119)
	at maelstrom.client$rpc_BANG_.invokeStatic(client.clj:149)
	at maelstrom.client$rpc_BANG_.invoke(client.clj:140)
	at maelstrom.workload.pn_counter$fn__19529$read__19530.invoke(pn_counter.clj:27)
	at maelstrom.workload.pn_counter$fn__19529$read__19530.invoke(pn_counter.clj:27)
	at maelstrom.workload.pn_counter$client$reify__19540.invoke_BANG_(pn_counter.clj:50)
	at jepsen.client.Validate.invoke_BANG_(client.clj:83)
	at jepsen.generator.interpreter.ClientWorker.invoke_BANG_(interpreter.clj:65)
	at jepsen.generator.interpreter$spawn_worker$fn__12908$fn__12909.invoke(interpreter.clj:140)
	at jepsen.generator.interpreter$spawn_worker$fn__12908.invoke(interpreter.clj:123)
	at clojure.core$binding_conveyor_fn$fn__5823.invoke(core.clj:2047)
	at clojure.lang.AFn.call(AFn.java:18)
	at java.base/java.util.concurrent.FutureTask.run(FutureTask.java:317)
	at java.base/java.util.concurrent.ThreadPoolExecutor.runWorker(ThreadPoolExecutor.java:1144)
	at java.base/java.util.concurrent.ThreadPoolExecutor$Worker.run(ThreadPoolExecutor.java:642)
	at java.base/java.lang.Thread.run(Thread.java:1583)
2023-10-29 17:35:37,765{GMT}	INFO	[jepsen worker 2] jepsen.util: 11	:invoke	:read	nil
2023-10-29 17:35:37,787{GMT}	WARN	[jepsen worker 1] jepsen.generator.interpreter: Process 7 crashed
clojure.lang.ExceptionInfo: Client read timeout
	at slingshot.support$stack_trace.invoke(support.clj:201)
	at maelstrom.client$recv_BANG_.invokeStatic(client.clj:98)
	at maelstrom.client$recv_BANG_.invoke(client.clj:81)
	at maelstrom.client$send_PLUS_recv_BANG_.invokeStatic(client.clj:123)
	at maelstrom.client$send_PLUS_recv_BANG_.invoke(client.clj:119)
	at maelstrom.client$rpc_BANG_.invokeStatic(client.clj:149)
	at maelstrom.client$rpc_BANG_.invoke(client.clj:140)
	at maelstrom.workload.pn_counter$fn__19529$read__19530.invoke(pn_counter.clj:27)
	at maelstrom.workload.pn_counter$fn__19529$read__19530.invoke(pn_counter.clj:27)
	at maelstrom.workload.pn_counter$client$reify__19540.invoke_BANG_(pn_counter.clj:50)
	at jepsen.client.Validate.invoke_BANG_(client.clj:83)
	at jepsen.generator.interpreter.ClientWorker.invoke_BANG_(interpreter.clj:65)
	at jepsen.generator.interpreter$spawn_worker$fn__12908$fn__12909.invoke(interpreter.clj:140)
	at jepsen.generator.interpreter$spawn_worker$fn__12908.invoke(interpreter.clj:123)
	at clojure.core$binding_conveyor_fn$fn__5823.invoke(core.clj:2047)
	at clojure.lang.AFn.call(AFn.java:18)
	at java.base/java.util.concurrent.FutureTask.run(FutureTask.java:317)
	at java.base/java.util.concurrent.ThreadPoolExecutor.runWorker(ThreadPoolExecutor.java:1144)
	at java.base/java.util.concurrent.ThreadPoolExecutor$Worker.run(ThreadPoolExecutor.java:642)
	at java.base/java.lang.Thread.run(Thread.java:1583)
2023-10-29 17:35:37,789{GMT}	INFO	[jepsen worker 1] jepsen.util: 10	:invoke	:add	2
2023-10-29 17:35:42,756{GMT}	WARN	[jepsen worker 0] jepsen.generator.interpreter: Process 9 crashed
clojure.lang.ExceptionInfo: Client read timeout
	at slingshot.support$stack_trace.invoke(support.clj:201)
	at maelstrom.client$recv_BANG_.invokeStatic(client.clj:98)
	at maelstrom.client$recv_BANG_.invoke(client.clj:81)
	at maelstrom.client$send_PLUS_recv_BANG_.invokeStatic(client.clj:123)
	at maelstrom.client$send_PLUS_recv_BANG_.invoke(client.clj:119)
	at maelstrom.client$rpc_BANG_.invokeStatic(client.clj:149)
	at maelstrom.client$rpc_BANG_.invoke(client.clj:140)
	at maelstrom.workload.pn_counter$fn__19529$read__19530.invoke(pn_counter.clj:27)
	at maelstrom.workload.pn_counter$fn__19529$read__19530.invoke(pn_counter.clj:27)
	at maelstrom.workload.pn_counter$client$reify__19540.invoke_BANG_(pn_counter.clj:50)
	at jepsen.client.Validate.invoke_BANG_(client.clj:83)
	at jepsen.generator.interpreter.ClientWorker.invoke_BANG_(interpreter.clj:65)
	at jepsen.generator.interpreter$spawn_worker$fn__12908$fn__12909.invoke(interpreter.clj:140)
	at jepsen.generator.interpreter$spawn_worker$fn__12908.invoke(interpreter.clj:123)
	at clojure.core$binding_conveyor_fn$fn__5823.invoke(core.clj:2047)
	at clojure.lang.AFn.call(AFn.java:18)
	at java.base/java.util.concurrent.FutureTask.run(FutureTask.java:317)
	at java.base/java.util.concurrent.ThreadPoolExecutor.runWorker(ThreadPoolExecutor.java:1144)
	at java.base/java.util.concurrent.ThreadPoolExecutor$Worker.run(ThreadPoolExecutor.java:642)
	at java.base/java.lang.Thread.run(Thread.java:1583)
2023-10-29 17:35:42,770{GMT}	WARN	[jepsen worker 2] jepsen.generator.interpreter: Process 11 crashed
clojure.lang.ExceptionInfo: Client read timeout
	at slingshot.support$stack_trace.invoke(support.clj:201)
	at maelstrom.client$recv_BANG_.invokeStatic(client.clj:98)
	at maelstrom.client$recv_BANG_.invoke(client.clj:81)
	at maelstrom.client$send_PLUS_recv_BANG_.invokeStatic(client.clj:123)
	at maelstrom.client$send_PLUS_recv_BANG_.invoke(client.clj:119)
	at maelstrom.client$rpc_BANG_.invokeStatic(client.clj:149)
	at maelstrom.client$rpc_BANG_.invoke(client.clj:140)
	at maelstrom.workload.pn_counter$fn__19529$read__19530.invoke(pn_counter.clj:27)
	at maelstrom.workload.pn_counter$fn__19529$read__19530.invoke(pn_counter.clj:27)
	at maelstrom.workload.pn_counter$client$reify__19540.invoke_BANG_(pn_counter.clj:50)
	at jepsen.client.Validate.invoke_BANG_(client.clj:83)
	at jepsen.generator.interpreter.ClientWorker.invoke_BANG_(interpreter.clj:65)
	at jepsen.generator.interpreter$spawn_worker$fn__12908$fn__12909.invoke(interpreter.clj:140)
	at jepsen.generator.interpreter$spawn_worker$fn__12908.invoke(interpreter.clj:123)
	at clojure.core$binding_conveyor_fn$fn__5823.invoke(core.clj:2047)
	at clojure.lang.AFn.call(AFn.java:18)
	at java.base/java.util.concurrent.FutureTask.run(FutureTask.java:317)
	at java.base/java.util.concurrent.ThreadPoolExecutor.runWorker(ThreadPoolExecutor.java:1144)
	at java.base/java.util.concurrent.ThreadPoolExecutor$Worker.run(ThreadPoolExecutor.java:642)
	at java.base/java.lang.Thread.run(Thread.java:1583)
2023-10-29 17:35:42,790{GMT}	WARN	[jepsen worker 1] jepsen.generator.interpreter: Process 10 crashed
clojure.lang.ExceptionInfo: Client read timeout
	at slingshot.support$stack_trace.invoke(support.clj:201)
	at maelstrom.client$recv_BANG_.invokeStatic(client.clj:98)
	at maelstrom.client$recv_BANG_.invoke(client.clj:81)
	at maelstrom.client$send_PLUS_recv_BANG_.invokeStatic(client.clj:123)
	at maelstrom.client$send_PLUS_recv_BANG_.invoke(client.clj:119)
	at maelstrom.client$rpc_BANG_.invokeStatic(client.clj:149)
	at maelstrom.client$rpc_BANG_.invoke(client.clj:140)
	at maelstrom.workload.pn_counter$fn__19518$add_BANG___19519.invoke(pn_counter.clj:20)
	at maelstrom.workload.pn_counter$fn__19518$add_BANG___19519.invoke(pn_counter.clj:20)
	at maelstrom.workload.pn_counter$client$reify__19540.invoke_BANG_(pn_counter.clj:47)
	at jepsen.client.Validate.invoke_BANG_(client.clj:83)
	at jepsen.generator.interpreter.ClientWorker.invoke_BANG_(interpreter.clj:65)
	at jepsen.generator.interpreter$spawn_worker$fn__12908$fn__12909.invoke(interpreter.clj:140)
	at jepsen.generator.interpreter$spawn_worker$fn__12908.invoke(interpreter.clj:123)
	at clojure.core$binding_conveyor_fn$fn__5823.invoke(core.clj:2047)
	at clojure.lang.AFn.call(AFn.java:18)
	at java.base/java.util.concurrent.FutureTask.run(FutureTask.java:317)
	at java.base/java.util.concurrent.ThreadPoolExecutor.runWorker(ThreadPoolExecutor.java:1144)
	at java.base/java.util.concurrent.ThreadPoolExecutor$Worker.run(ThreadPoolExecutor.java:642)
	at java.base/java.lang.Thread.run(Thread.java:1583)
2023-10-29 17:35:42,799{GMT}	INFO	[jepsen worker nemesis] jepsen.util: :nemesis	:info	:stop-partition	nil
2023-10-29 17:35:42,800{GMT}	INFO	[jepsen worker nemesis] jepsen.util: :nemesis	:info	:stop-partition	:network-healed
2023-10-29 17:35:42,801{GMT}	INFO	[jepsen worker 0] jepsen.generator.interpreter: Waiting for recovery...
2023-10-29 17:35:52,807{GMT}	INFO	[jepsen worker 1] jepsen.util: 13	:invoke	:read	nil
2023-10-29 17:35:52,807{GMT}	INFO	[jepsen worker 0] jepsen.util: 12	:invoke	:read	nil
2023-10-29 17:35:52,808{GMT}	INFO	[jepsen worker 2] jepsen.util: 14	:invoke	:read	nil
2023-10-29 17:35:57,812{GMT}	WARN	[jepsen worker 1] jepsen.generator.interpreter: Process 13 crashed
clojure.lang.ExceptionInfo: Client read timeout
	at slingshot.support$stack_trace.invoke(support.clj:201)
	at maelstrom.client$recv_BANG_.invokeStatic(client.clj:98)
	at maelstrom.client$recv_BANG_.invoke(client.clj:81)
	at maelstrom.client$send_PLUS_recv_BANG_.invokeStatic(client.clj:123)
	at maelstrom.client$send_PLUS_recv_BANG_.invoke(client.clj:119)
	at maelstrom.client$rpc_BANG_.invokeStatic(client.clj:149)
	at maelstrom.client$rpc_BANG_.invoke(client.clj:140)
	at maelstrom.workload.pn_counter$fn__19529$read__19530.invoke(pn_counter.clj:27)
	at maelstrom.workload.pn_counter$fn__19529$read__19530.invoke(pn_counter.clj:27)
	at maelstrom.workload.pn_counter$client$reify__19540.invoke_BANG_(pn_counter.clj:50)
	at jepsen.client.Validate.invoke_BANG_(client.clj:83)
	at jepsen.generator.interpreter.ClientWorker.invoke_BANG_(interpreter.clj:65)
	at jepsen.generator.interpreter$spawn_worker$fn__12908$fn__12909.invoke(interpreter.clj:140)
	at jepsen.generator.interpreter$spawn_worker$fn__12908.invoke(interpreter.clj:123)
	at clojure.core$binding_conveyor_fn$fn__5823.invoke(core.clj:2047)
	at clojure.lang.AFn.call(AFn.java:18)
	at java.base/java.util.concurrent.FutureTask.run(FutureTask.java:317)
	at java.base/java.util.concurrent.ThreadPoolExecutor.runWorker(ThreadPoolExecutor.java:1144)
	at java.base/java.util.concurrent.ThreadPoolExecutor$Worker.run(ThreadPoolExecutor.java:642)
	at java.base/java.lang.Thread.run(Thread.java:1583)
2023-10-29 17:35:57,813{GMT}	WARN	[jepsen worker 0] jepsen.generator.interpreter: Process 12 crashed
clojure.lang.ExceptionInfo: Client read timeout
	at slingshot.support$stack_trace.invoke(support.clj:201)
	at maelstrom.client$recv_BANG_.invokeStatic(client.clj:98)
	at maelstrom.client$recv_BANG_.invoke(client.clj:81)
	at maelstrom.client$send_PLUS_recv_BANG_.invokeStatic(client.clj:123)
	at maelstrom.client$send_PLUS_recv_BANG_.invoke(client.clj:119)
	at maelstrom.client$rpc_BANG_.invokeStatic(client.clj:149)
	at maelstrom.client$rpc_BANG_.invoke(client.clj:140)
	at maelstrom.workload.pn_counter$fn__19529$read__19530.invoke(pn_counter.clj:27)
	at maelstrom.workload.pn_counter$fn__19529$read__19530.invoke(pn_counter.clj:27)
	at maelstrom.workload.pn_counter$client$reify__19540.invoke_BANG_(pn_counter.clj:50)
	at jepsen.client.Validate.invoke_BANG_(client.clj:83)
	at jepsen.generator.interpreter.ClientWorker.invoke_BANG_(interpreter.clj:65)
	at jepsen.generator.interpreter$spawn_worker$fn__12908$fn__12909.invoke(interpreter.clj:140)
	at jepsen.generator.interpreter$spawn_worker$fn__12908.invoke(interpreter.clj:123)
	at clojure.core$binding_conveyor_fn$fn__5823.invoke(core.clj:2047)
	at clojure.lang.AFn.call(AFn.java:18)
	at java.base/java.util.concurrent.FutureTask.run(FutureTask.java:317)
	at java.base/java.util.concurrent.ThreadPoolExecutor.runWorker(ThreadPoolExecutor.java:1144)
	at java.base/java.util.concurrent.ThreadPoolExecutor$Worker.run(ThreadPoolExecutor.java:642)
	at java.base/java.lang.Thread.run(Thread.java:1583)
2023-10-29 17:35:57,813{GMT}	WARN	[jepsen worker 2] jepsen.generator.interpreter: Process 14 crashed
clojure.lang.ExceptionInfo: Client read timeout
	at slingshot.support$stack_trace.invoke(support.clj:201)
	at maelstrom.client$recv_BANG_.invokeStatic(client.clj:98)
	at maelstrom.client$recv_BANG_.invoke(client.clj:81)
	at maelstrom.client$send_PLUS_recv_BANG_.invokeStatic(client.clj:123)
	at maelstrom.client$send_PLUS_recv_BANG_.invoke(client.clj:119)
	at maelstrom.client$rpc_BANG_.invokeStatic(client.clj:149)
	at maelstrom.client$rpc_BANG_.invoke(client.clj:140)
	at maelstrom.workload.pn_counter$fn__19529$read__19530.invoke(pn_counter.clj:27)
	at maelstrom.workload.pn_counter$fn__19529$read__19530.invoke(pn_counter.clj:27)
	at maelstrom.workload.pn_counter$client$reify__19540.invoke_BANG_(pn_counter.clj:50)
	at jepsen.client.Validate.invoke_BANG_(client.clj:83)
	at jepsen.generator.interpreter.ClientWorker.invoke_BANG_(interpreter.clj:65)
	at jepsen.generator.interpreter$spawn_worker$fn__12908$fn__12909.invoke(interpreter.clj:140)
	at jepsen.generator.interpreter$spawn_worker$fn__12908.invoke(interpreter.clj:123)
	at clojure.core$binding_conveyor_fn$fn__5823.invoke(core.clj:2047)
	at clojure.lang.AFn.call(AFn.java:18)
	at java.base/java.util.concurrent.FutureTask.run(FutureTask.java:317)
	at java.base/java.util.concurrent.ThreadPoolExecutor.runWorker(ThreadPoolExecutor.java:1144)
	at java.base/java.util.concurrent.ThreadPoolExecutor$Worker.run(ThreadPoolExecutor.java:642)
	at java.base/java.lang.Thread.run(Thread.java:1583)
2023-10-29 17:35:57,849{GMT}	INFO	[jepsen test runner] jepsen.core: Run complete, writing
2023-10-29 17:35:57,965{GMT}	INFO	[jepsen node n0] maelstrom.db: Tearing down n0
2023-10-29 17:35:57,966{GMT}	INFO	[jepsen node n1] maelstrom.db: Tearing down n1
2023-10-29 17:35:57,966{GMT}	INFO	[jepsen node n2] maelstrom.db: Tearing down n2
2023-10-29 17:35:58,829{GMT}	INFO	[jepsen node n0] maelstrom.net: Shutting down Maelstrom network
2023-10-29 17:35:58,832{GMT}	WARN	[jepsen test runner] jepsen.core: Test crashed!
clojure.lang.ExceptionInfo: Node n0 crashed with exit status 2. Before crashing, it wrote to STDOUT:

{"src":"n0","dest":"c2","body":{"in_reply_to":1,"type":"init_ok"}}
{"src":"n0","dest":"seq-kv","body":{"key":"counter","msg_id":1,"type":"read"}}
{"src":"n0","dest":"seq-kv","body":{"key":"counter","msg_id":2,"type":"write","value":0}}
{"src":"n0","dest":"c8","body":{"in_reply_to":1,"type":"read_ok","value":0}}
{"src":"n0","dest":"seq-kv","body":{"key":"counter","msg_id":3,"type":"read"}}

And to STDERR:

2023/10/29 17:35:22 Received {c2 n0 {"type":"init","node_id":"n0","node_ids":["n0","n1","n2"],"msg_id":1}}
2023/10/29 17:35:22 Node n0 initialized
2023/10/29 17:35:22 Sent {"src":"n0","dest":"c2","body":{"in_reply_to":1,"type":"init_ok"}}
2023/10/29 17:35:22 Received {c8 n0 {"type":"read","msg_id":1}}
2023/10/29 17:35:22 Sent {"src":"n0","dest":"seq-kv","body":{"key":"counter","msg_id":1,"type":"read"}}
2023/10/29 17:35:22 Received {seq-kv n0 {"type":"error","code":20,"text":"key does not exist","in_reply_to":1}}
2023/10/29 17:35:22 Sent {"src":"n0","dest":"seq-kv","body":{"key":"counter","msg_id":2,"type":"write","value":0}}
2023/10/29 17:35:22 Received {seq-kv n0 {"type":"write_ok","in_reply_to":2}}
2023/10/29 17:35:22 Sent {"src":"n0","dest":"c8","body":{"in_reply_to":1,"type":"read_ok","value":0}}
2023/10/29 17:35:22 Received {c8 n0 {"delta":1,"type":"add","msg_id":2}}
2023/10/29 17:35:22 Sent {"src":"n0","dest":"seq-kv","body":{"key":"counter","msg_id":3,"type":"read"}}
2023/10/29 17:35:22 Received {seq-kv n0 {"type":"read_ok","value":0,"in_reply_to":3}}
panic: interface conversion: interface {} is float64, not int

goroutine 23 [running]:
main.main.func4({{0x140000a6400, 0x2}, {0x140000a6402, 0x2}, {0x140000b4060, 0x23, 0x30}})
	/Users/googrand/projects/golang/dist_systems/counter/main.go:78 +0x290
github.com/jepsen-io/maelstrom/demo/go.(*Node).handleMessage(0x0?, 0x0?, {{0x140000a6400, 0x2}, {0x140000a6402, 0x2}, {0x140000b4060, 0x23, 0x30}})
	/Users/googrand/go/pkg/mod/github.com/jepsen-io/maelstrom/demo/go@v0.0.0-20230918143807-815e8c3bd0a7/node.go:151 +0x70
github.com/jepsen-io/maelstrom/demo/go.(*Node).Run.func2()
	/Users/googrand/go/pkg/mod/github.com/jepsen-io/maelstrom/demo/go@v0.0.0-20230918143807-815e8c3bd0a7/node.go:129 +0x78
created by github.com/jepsen-io/maelstrom/demo/go.(*Node).Run in goroutine 1
	/Users/googrand/go/pkg/mod/github.com/jepsen-io/maelstrom/demo/go@v0.0.0-20230918143807-815e8c3bd0a7/node.go:127 +0x468

Full STDERR logs are available in /Users/googrand/projects/golang/dist_systems/store/g-counter/20231029T173521.262+0600/node-logs/n0.log
	at slingshot.support$stack_trace.invoke(support.clj:201)
	at maelstrom.process$stop_node_BANG_.invokeStatic(process.clj:239)
	at maelstrom.process$stop_node_BANG_.invoke(process.clj:217)
	at maelstrom.db$db$reify__16142.teardown_BANG_(db.clj:75)
	at jepsen.db$fn__8744$G__8725__8748.invoke(db.clj:12)
	at jepsen.db$fn__8744$G__8724__8753.invoke(db.clj:12)
	at clojure.core$partial$fn__5908.invoke(core.clj:2642)
	at jepsen.control$on_nodes$fn__8599.invoke(control.clj:314)
	at clojure.lang.AFn.applyToHelper(AFn.java:154)
	at clojure.lang.AFn.applyTo(AFn.java:144)
	at clojure.core$apply.invokeStatic(core.clj:667)
	at clojure.core$with_bindings_STAR_.invokeStatic(core.clj:1990)
	at clojure.core$with_bindings_STAR_.doInvoke(core.clj:1990)
	at clojure.lang.RestFn.applyTo(RestFn.java:142)
	at clojure.core$apply.invokeStatic(core.clj:671)
	at clojure.core$bound_fn_STAR_$fn__5818.doInvoke(core.clj:2020)
	at clojure.lang.RestFn.invoke(RestFn.java:408)
	at dom_top.core$real_pmap_helper$build_thread__211$fn__212.invoke(core.clj:163)
	at clojure.lang.AFn.applyToHelper(AFn.java:152)
	at clojure.lang.AFn.applyTo(AFn.java:144)
	at clojure.core$apply.invokeStatic(core.clj:667)
	at clojure.core$with_bindings_STAR_.invokeStatic(core.clj:1990)
	at clojure.core$with_bindings_STAR_.doInvoke(core.clj:1990)
	at clojure.lang.RestFn.invoke(RestFn.java:425)
	at clojure.lang.AFn.applyToHelper(AFn.java:156)
	at clojure.lang.RestFn.applyTo(RestFn.java:132)
	at clojure.core$apply.invokeStatic(core.clj:671)
	at clojure.core$bound_fn_STAR_$fn__5818.doInvoke(core.clj:2020)
	at clojure.lang.RestFn.invoke(RestFn.java:397)
	at clojure.lang.AFn.run(AFn.java:22)
	at java.base/java.lang.Thread.run(Thread.java:1583)
