2023/10/29 17:36:26 Received {c0 n1 {"type":"init","node_id":"n1","node_ids":["n0","n1","n2"],"msg_id":1}}
2023/10/29 17:36:26 Node n1 initialized
2023/10/29 17:36:26 Sent {"src":"n1","dest":"c0","body":{"in_reply_to":1,"type":"init_ok"}}
2023/10/29 17:36:26 Received {c6 n1 {"type":"read","msg_id":1}}
2023/10/29 17:36:26 Sent {"src":"n1","dest":"seq-kv","body":{"key":"counter","msg_id":1,"type":"read"}}
2023/10/29 17:36:26 Received {seq-kv n1 {"type":"error","code":20,"text":"key does not exist","in_reply_to":1}}
2023/10/29 17:36:26 Sent {"src":"n1","dest":"seq-kv","body":{"key":"counter","msg_id":2,"type":"write","value":0}}
2023/10/29 17:36:26 Received {seq-kv n1 {"type":"write_ok","in_reply_to":2}}
2023/10/29 17:36:26 Sent {"src":"n1","dest":"c6","body":{"in_reply_to":1,"type":"read_ok","value":0}}
2023/10/29 17:36:26 Received {c6 n1 {"delta":3,"type":"add","msg_id":2}}
2023/10/29 17:36:26 Sent {"src":"n1","dest":"seq-kv","body":{"key":"counter","msg_id":3,"type":"read"}}
2023/10/29 17:36:26 Received {seq-kv n1 {"type":"read_ok","value":0,"in_reply_to":3}}
panic: interface conversion: interface {} is float64, not int

goroutine 7 [running]:
main.main.func4({{0x14000010450, 0x2}, {0x14000010452, 0x2}, {0x1400001a1b0, 0x23, 0x30}})
	/Users/googrand/projects/golang/dist_systems/counter/main.go:79 +0x2b4
github.com/jepsen-io/maelstrom/demo/go.(*Node).handleMessage(0x0?, 0x0?, {{0x14000010450, 0x2}, {0x14000010452, 0x2}, {0x1400001a1b0, 0x23, 0x30}})
	/Users/googrand/go/pkg/mod/github.com/jepsen-io/maelstrom/demo/go@v0.0.0-20230918143807-815e8c3bd0a7/node.go:151 +0x70
github.com/jepsen-io/maelstrom/demo/go.(*Node).Run.func2()
	/Users/googrand/go/pkg/mod/github.com/jepsen-io/maelstrom/demo/go@v0.0.0-20230918143807-815e8c3bd0a7/node.go:129 +0x78
created by github.com/jepsen-io/maelstrom/demo/go.(*Node).Run in goroutine 1
	/Users/googrand/go/pkg/mod/github.com/jepsen-io/maelstrom/demo/go@v0.0.0-20230918143807-815e8c3bd0a7/node.go:127 +0x468
