2023/10/29 17:35:22 Received {c2 n0 {"type":"init","node_id":"n0","node_ids":["n0","n1","n2"],"msg_id":1}}
2023/10/29 17:35:22 Node n0 initialized
2023/10/29 17:35:22 Sent {"src":"n0","dest":"c2","body":{"in_reply_to":1,"type":"init_ok"}}
2023/10/29 17:35:22 Received {c8 n0 {"type":"read","msg_id":1}}
2023/10/29 17:35:22 Sent {"src":"n0","dest":"seq-kv","body":{"key":"counter","msg_id":1,"type":"read"}}
2023/10/29 17:35:22 Received {seq-kv n0 {"type":"error","code":20,"text":"key does not exist","in_reply_to":1}}
2023/10/29 17:35:22 Sent {"src":"n0","dest":"seq-kv","body":{"key":"counter","msg_id":2,"type":"write","value":0}}
2023/10/29 17:35:22 Received {seq-kv n0 {"type":"write_ok","in_reply_to":2}}
2023/10/29 17:35:22 Sent {"src":"n0","dest":"c8","body":{"in_reply_to":1,"type":"read_ok","value":0}}
2023/10/29 17:35:22 Received {c8 n0 {"delta":1,"type":"add","msg_id":2}}
2023/10/29 17:35:22 Sent {"src":"n0","dest":"seq-kv","body":{"key":"counter","msg_id":3,"type":"read"}}
2023/10/29 17:35:22 Received {seq-kv n0 {"type":"read_ok","value":0,"in_reply_to":3}}
panic: interface conversion: interface {} is float64, not int

goroutine 23 [running]:
main.main.func4({{0x140000a6400, 0x2}, {0x140000a6402, 0x2}, {0x140000b4060, 0x23, 0x30}})
	/Users/googrand/projects/golang/dist_systems/counter/main.go:78 +0x290
github.com/jepsen-io/maelstrom/demo/go.(*Node).handleMessage(0x0?, 0x0?, {{0x140000a6400, 0x2}, {0x140000a6402, 0x2}, {0x140000b4060, 0x23, 0x30}})
	/Users/googrand/go/pkg/mod/github.com/jepsen-io/maelstrom/demo/go@v0.0.0-20230918143807-815e8c3bd0a7/node.go:151 +0x70
github.com/jepsen-io/maelstrom/demo/go.(*Node).Run.func2()
	/Users/googrand/go/pkg/mod/github.com/jepsen-io/maelstrom/demo/go@v0.0.0-20230918143807-815e8c3bd0a7/node.go:129 +0x78
created by github.com/jepsen-io/maelstrom/demo/go.(*Node).Run in goroutine 1
	/Users/googrand/go/pkg/mod/github.com/jepsen-io/maelstrom/demo/go@v0.0.0-20230918143807-815e8c3bd0a7/node.go:127 +0x468
