2024/02/07 22:02:45 Received {c2 n1 {"type":"init","node_id":"n1","node_ids":["n0","n1","n2"],"msg_id":1}}
2024/02/07 22:02:45 Sent {"src":"n1","dest":"seq-kv","body":{"key":"counter","msg_id":1,"type":"write","value":0}}
2024/02/07 22:02:45 Received {seq-kv n1 {"type":"write_ok","in_reply_to":1}}
2024/02/07 22:02:45 Node n1 initialized
2024/02/07 22:02:45 Sent {"src":"n1","dest":"c2","body":{"in_reply_to":1,"type":"init_ok"}}
2024/02/07 22:02:45 Received {c6 n1 {"type":"read","msg_id":1}}
2024/02/07 22:02:45 Sent {"src":"n1","dest":"seq-kv","body":{"key":"counter","msg_id":2,"type":"read"}}
2024/02/07 22:02:45 Received {seq-kv n1 {"type":"read_ok","value":0,"in_reply_to":2}}
2024/02/07 22:02:45 Sent {"src":"n1","dest":"c6","body":{"in_reply_to":1,"type":"read_ok","value":0}}
2024/02/07 22:02:45 Received {c6 n1 {"type":"read","msg_id":2}}
2024/02/07 22:02:45 Sent {"src":"n1","dest":"seq-kv","body":{"key":"counter","msg_id":3,"type":"read"}}
2024/02/07 22:02:45 Received {seq-kv n1 {"type":"read_ok","value":0,"in_reply_to":3}}
2024/02/07 22:02:45 Sent {"src":"n1","dest":"c6","body":{"in_reply_to":2,"type":"read_ok","value":0}}
2024/02/07 22:02:45 Received {c6 n1 {"type":"read","msg_id":3}}
2024/02/07 22:02:45 Sent {"src":"n1","dest":"seq-kv","body":{"key":"counter","msg_id":4,"type":"read"}}
2024/02/07 22:02:45 Received {seq-kv n1 {"type":"read_ok","value":0,"in_reply_to":4}}
2024/02/07 22:02:45 Sent {"src":"n1","dest":"c6","body":{"in_reply_to":3,"type":"read_ok","value":0}}
2024/02/07 22:02:45 Received {c6 n1 {"type":"read","msg_id":4}}
2024/02/07 22:02:45 Sent {"src":"n1","dest":"seq-kv","body":{"key":"counter","msg_id":5,"type":"read"}}
2024/02/07 22:02:45 Received {seq-kv n1 {"type":"read_ok","value":0,"in_reply_to":5}}
2024/02/07 22:02:45 Sent {"src":"n1","dest":"c6","body":{"in_reply_to":4,"type":"read_ok","value":0}}
2024/02/07 22:02:45 Received {c6 n1 {"type":"read","msg_id":5}}
2024/02/07 22:02:45 Sent {"src":"n1","dest":"seq-kv","body":{"key":"counter","msg_id":6,"type":"read"}}
2024/02/07 22:02:45 Received {seq-kv n1 {"type":"read_ok","value":0,"in_reply_to":6}}
2024/02/07 22:02:45 Sent {"src":"n1","dest":"c6","body":{"in_reply_to":5,"type":"read_ok","value":0}}
2024/02/07 22:02:45 Received {c6 n1 {"type":"read","msg_id":6}}
2024/02/07 22:02:45 Sent {"src":"n1","dest":"seq-kv","body":{"key":"counter","msg_id":7,"type":"read"}}
2024/02/07 22:02:45 Received {seq-kv n1 {"type":"read_ok","value":0,"in_reply_to":7}}
2024/02/07 22:02:45 Sent {"src":"n1","dest":"c6","body":{"in_reply_to":6,"type":"read_ok","value":0}}
2024/02/07 22:02:45 Received {c6 n1 {"delta":4,"type":"add","msg_id":7}}
2024/02/07 22:02:45 Sent {"src":"n1","dest":"seq-kv","body":{"key":"counter","msg_id":8,"type":"read"}}
2024/02/07 22:02:45 Received {seq-kv n1 {"type":"read_ok","value":0,"in_reply_to":8}}
panic: interface conversion: interface {} is float64, not int

goroutine 50 [running]:
main.main.func5({{0x14000010620, 0x2}, {0x14000010622, 0x2}, {0x1400001a270, 0x23, 0x30}})
	/Users/googrand/projects/golang/dist_systems/counter/main.go:88 +0x230
github.com/jepsen-io/maelstrom/demo/go.(*Node).handleMessage(0x0?, 0x0?, {{0x14000010620, 0x2}, {0x14000010622, 0x2}, {0x1400001a270, 0x23, 0x30}})
	/Users/googrand/go/pkg/mod/github.com/jepsen-io/maelstrom/demo/go@v0.0.0-20231231190402-2674df7c1076/node.go:151 +0x70
github.com/jepsen-io/maelstrom/demo/go.(*Node).Run.func2()
	/Users/googrand/go/pkg/mod/github.com/jepsen-io/maelstrom/demo/go@v0.0.0-20231231190402-2674df7c1076/node.go:129 +0x78
created by github.com/jepsen-io/maelstrom/demo/go.(*Node).Run in goroutine 1
	/Users/googrand/go/pkg/mod/github.com/jepsen-io/maelstrom/demo/go@v0.0.0-20231231190402-2674df7c1076/node.go:127 +0x468
