2024/02/07 22:02:45 Received {c1 n2 {"type":"init","node_id":"n2","node_ids":["n0","n1","n2"],"msg_id":1}}
2024/02/07 22:02:45 Sent {"src":"n2","dest":"seq-kv","body":{"key":"counter","msg_id":1,"type":"write","value":0}}
2024/02/07 22:02:45 Received {seq-kv n2 {"type":"write_ok","in_reply_to":1}}
2024/02/07 22:02:45 Node n2 initialized
2024/02/07 22:02:45 Sent {"src":"n2","dest":"c1","body":{"in_reply_to":1,"type":"init_ok"}}
2024/02/07 22:02:45 Received {c7 n2 {"type":"read","msg_id":1}}
2024/02/07 22:02:45 Sent {"src":"n2","dest":"seq-kv","body":{"key":"counter","msg_id":2,"type":"read"}}
2024/02/07 22:02:45 Received {seq-kv n2 {"type":"read_ok","value":0,"in_reply_to":2}}
2024/02/07 22:02:45 Sent {"src":"n2","dest":"c7","body":{"in_reply_to":1,"type":"read_ok","value":0}}
2024/02/07 22:02:45 Received {c7 n2 {"delta":2,"type":"add","msg_id":2}}
2024/02/07 22:02:45 Sent {"src":"n2","dest":"seq-kv","body":{"key":"counter","msg_id":3,"type":"read"}}
2024/02/07 22:02:45 Received {seq-kv n2 {"type":"read_ok","value":0,"in_reply_to":3}}
panic: interface conversion: interface {} is float64, not int

goroutine 23 [running]:
main.main.func5({{0x14000120400, 0x2}, {0x14000120402, 0x2}, {0x14000158060, 0x23, 0x30}})
	/Users/googrand/projects/golang/dist_systems/counter/main.go:88 +0x230
github.com/jepsen-io/maelstrom/demo/go.(*Node).handleMessage(0x0?, 0x0?, {{0x14000120400, 0x2}, {0x14000120402, 0x2}, {0x14000158060, 0x23, 0x30}})
	/Users/googrand/go/pkg/mod/github.com/jepsen-io/maelstrom/demo/go@v0.0.0-20231231190402-2674df7c1076/node.go:151 +0x70
github.com/jepsen-io/maelstrom/demo/go.(*Node).Run.func2()
	/Users/googrand/go/pkg/mod/github.com/jepsen-io/maelstrom/demo/go@v0.0.0-20231231190402-2674df7c1076/node.go:129 +0x78
created by github.com/jepsen-io/maelstrom/demo/go.(*Node).Run in goroutine 1
	/Users/googrand/go/pkg/mod/github.com/jepsen-io/maelstrom/demo/go@v0.0.0-20231231190402-2674df7c1076/node.go:127 +0x468
